Log file open, 11/17/20 17:12:53
LogInit: Display: Running engine for game: Carnival
LogPlatformFile: Not using cached read wrapper
LogTaskGraph: Started task graph with 5 named threads and 23 total threads with 3 sets of task threads.
LogStats: Stats thread started at 0.174696
LogD3D11RHI: Loaded GFSDK_Aftermath_Lib.x64.dll
LogICUInternationalization: ICU TimeZone Detection - Raw Offset: +9:30, Platform Override: ''
LogPluginManager: Mounting plugin Paper2D
LogPluginManager: Mounting plugin AISupport
LogPluginManager: Mounting plugin LightPropagationVolume
LogPluginManager: Mounting plugin CameraShakePreviewer
LogPluginManager: Mounting plugin ActorLayerUtilities
LogPluginManager: Mounting plugin AnimationSharing
LogPluginManager: Mounting plugin CLionSourceCodeAccess
LogPluginManager: Mounting plugin CodeLiteSourceCodeAccess
LogPluginManager: Mounting plugin GitSourceControl
LogPluginManager: Mounting plugin KDevelopSourceCodeAccess
LogPluginManager: Mounting plugin NullSourceCodeAccess
LogPluginManager: Mounting plugin PerforceSourceControl
LogPluginManager: Mounting plugin PlasticSourceControl
LogPluginManager: Mounting plugin RiderSourceCodeAccess
LogPluginManager: Mounting plugin SubversionSourceControl
LogPluginManager: Mounting plugin UObjectPlugin
LogPluginManager: Mounting plugin VisualStudioCodeSourceCodeAccess
LogPluginManager: Mounting plugin VisualStudioSourceCodeAccess
LogPluginManager: Mounting plugin XCodeSourceCodeAccess
LogPluginManager: Mounting plugin AssetManagerEditor
LogPluginManager: Mounting plugin CryptoKeys
LogPluginManager: Mounting plugin CurveEditorTools
LogPluginManager: Mounting plugin DataValidation
LogPluginManager: Mounting plugin EditorScriptingUtilities
LogPluginManager: Mounting plugin FacialAnimation
LogPluginManager: Mounting plugin GameplayTagsEditor
LogPluginManager: Mounting plugin GeometryMode
LogPluginManager: Mounting plugin MacGraphicsSwitching
LogPluginManager: Mounting plugin MaterialAnalyzer
LogPluginManager: Mounting plugin MobileLauncherProfileWizard
LogPluginManager: Mounting plugin PluginBrowser
LogPluginManager: Mounting plugin SpeedTreeImporter
LogPluginManager: Mounting plugin DatasmithContent
LogPluginManager: Mounting plugin VariantManagerContent
LogPluginManager: Mounting plugin AlembicImporter
LogPluginManager: Mounting plugin AutomationUtils
LogPluginManager: Mounting plugin BackChannel
LogPluginManager: Mounting plugin ChaosCloth
LogPluginManager: Mounting plugin ChaosClothEditor
LogPluginManager: Mounting plugin ChaosEditor
LogPluginManager: Mounting plugin ChaosNiagara
LogPluginManager: Mounting plugin ChaosSolverPlugin
LogPluginManager: Mounting plugin CharacterAI
LogPluginManager: Mounting plugin GeometryCache
LogPluginManager: Mounting plugin GeometryCollectionPlugin
LogPluginManager: Mounting plugin GeometryProcessing
LogPluginManager: Mounting plugin PlanarCut
LogPluginManager: Mounting plugin PlatformCrypto
LogPluginManager: Mounting plugin ProxyLODPlugin
LogPluginManager: Mounting plugin SkeletalReduction
LogPluginManager: Mounting plugin Niagara
LogPluginManager: Mounting plugin MagicLeap
LogPluginManager: Mounting plugin MagicLeapLightEstimation
LogPluginManager: Mounting plugin MagicLeapMedia
LogPluginManager: Mounting plugin MagicLeapPassableWorld
LogPluginManager: Mounting plugin MLSDK
LogPluginManager: Mounting plugin AndroidMedia
LogPluginManager: Mounting plugin AvfMedia
LogPluginManager: Mounting plugin ImgMedia
LogPluginManager: Mounting plugin MediaCompositing
LogPluginManager: Mounting plugin MediaPlayerEditor
LogPluginManager: Mounting plugin WebMMedia
LogPluginManager: Mounting plugin WmfMedia
LogPluginManager: Mounting plugin MeshPainting
LogPluginManager: Mounting plugin TcpMessaging
LogPluginManager: Mounting plugin UdpMessaging
LogPluginManager: Mounting plugin ActorSequence
LogPluginManager: Mounting plugin LevelSequenceEditor
LogPluginManager: Mounting plugin MatineeToLevelSequence
LogPluginManager: Mounting plugin MovieRenderPipeline
LogPluginManager: Mounting plugin TemplateSequence
LogPluginManager: Mounting plugin NetcodeUnitTest
LogPluginManager: Mounting plugin NUTUnrealEngine4
LogPluginManager: Mounting plugin OnlineSubsystemGooglePlay
LogPluginManager: Mounting plugin OnlineSubsystemIOS
LogPluginManager: Mounting plugin OnlineSubsystem
LogPluginManager: Mounting plugin OnlineSubsystemNull
LogPluginManager: Mounting plugin OnlineSubsystemUtils
LogPluginManager: Mounting plugin LauncherChunkInstaller
LogPluginManager: Mounting plugin AndroidDeviceProfileSelector
LogPluginManager: Mounting plugin AndroidMoviePlayer
LogPluginManager: Mounting plugin AndroidPermission
LogPluginManager: Mounting plugin AppleImageUtils
LogPluginManager: Mounting plugin AppleMoviePlayer
LogPluginManager: Mounting plugin ArchVisCharacter
LogPluginManager: Mounting plugin AssetTags
LogPluginManager: Mounting plugin AudioCapture
LogPluginManager: Mounting plugin CableComponent
LogPluginManager: Mounting plugin CustomMeshComponent
LogPluginManager: Mounting plugin EditableMesh
LogPluginManager: Mounting plugin ExampleDeviceProfileSelector
LogPluginManager: Mounting plugin GoogleCloudMessaging
LogPluginManager: Mounting plugin GooglePAD
LogPluginManager: Mounting plugin IOSDeviceProfileSelector
LogPluginManager: Mounting plugin LinuxDeviceProfileSelector
LogPluginManager: Mounting plugin LocationServicesBPLibrary
LogPluginManager: Mounting plugin MobilePatchingUtils
LogPluginManager: Mounting plugin OculusVR
LogPluginManager: Mounting plugin PhysXVehicles
LogPluginManager: Mounting plugin PostSplashScreen
LogPluginManager: Mounting plugin ProceduralMeshComponent
LogPluginManager: Mounting plugin RuntimePhysXCooking
LogPluginManager: Mounting plugin SignificanceManager
LogPluginManager: Mounting plugin SoundFields
LogPluginManager: Mounting plugin SteamVR
LogPluginManager: Mounting plugin Synthesis
LogPluginManager: Mounting plugin WebMMoviePlayer
LogPluginManager: Mounting plugin WindowsMoviePlayer
LogPluginManager: Mounting plugin ScreenshotTools
LogInit: Using libcurl 7.55.1-DEV
LogInit:  - built for x86_64-pc-win32
LogInit:  - supports SSL with OpenSSL/1.1.1
LogInit:  - supports HTTP deflate (compression) using libz 1.2.8
LogInit:  - other features:
LogInit:      CURL_VERSION_SSL
LogInit:      CURL_VERSION_LIBZ
LogInit:      CURL_VERSION_IPV6
LogInit:      CURL_VERSION_ASYNCHDNS
LogInit:      CURL_VERSION_LARGEFILE
LogInit:      CURL_VERSION_IDN
LogInit:  CurlRequestOptions (configurable via config and command line):
LogInit:  - bVerifyPeer = true  - Libcurl will verify peer certificate
LogInit:  - bUseHttpProxy = false  - Libcurl will NOT use HTTP proxy
LogInit:  - bDontReuseConnections = false  - Libcurl will reuse connections
LogInit:  - MaxHostConnections = 16  - Libcurl will limit the number of connections to a host
LogInit:  - LocalHostAddr = Default
LogInit:  - BufferSize = 65536
LogOnline: OSS: Creating online subsystem instance for: NULL
LogInit: WinSock: version 1.1 (2.2), MaxSocks=32767, MaxUdp=65467
LogOnline: OSS: TryLoadSubsystemAndSetDefault: Loaded subsystem for module [NULL]
LogInit: Build: ++UE4+Release-4.25-CL-13942748
LogInit: Engine Version: 4.25.3-13942748+++UE4+Release-4.25
LogInit: Compatible Engine Version: 4.25.0-13144385+++UE4+Release-4.25
LogInit: Net CL: 13144385
LogInit: OS: Windows 10 (Release 2004) (), CPU: Intel(R) Core(TM) i7-4790K CPU @ 4.00GHz, GPU: NVIDIA GeForce GTX 980
LogInit: Compiled (64-bit): Jul 25 2020 02:07:48
LogInit: Compiled with Visual C++: 19.24.28315.00
LogInit: Build Configuration: Development
LogInit: Branch Name: ++UE4+Release-4.25
LogInit: Command Line: 
LogInit: Base Directory: D:/programs/UnrealEngine/Projects/UE_4.25/Engine/Binaries/Win64/
LogInit: Allocator: TBB
LogInit: Installed Engine Build: 1
LogDevObjectVersion: Number of dev versions registered: 26
LogDevObjectVersion:   Dev-Blueprints (B0D832E4-1F89-4F0D-ACCF-7EB736FD4AA2): 10
LogDevObjectVersion:   Dev-Build (E1C64328-A22C-4D53-A36C-8E866417BD8C): 0
LogDevObjectVersion:   Dev-Core (375EC13C-06E4-48FB-B500-84F0262A717E): 4
LogDevObjectVersion:   Dev-Editor (E4B068ED-F494-42E9-A231-DA0B2E46BB41): 38
LogDevObjectVersion:   Dev-Framework (CFFC743F-43B0-4480-9391-14DF171D2073): 37
LogDevObjectVersion:   Dev-Mobile (B02B49B5-BB20-44E9-A304-32B752E40360): 2
LogDevObjectVersion:   Dev-Networking (A4E4105C-59A1-49B5-A7C5-40C4547EDFEE): 0
LogDevObjectVersion:   Dev-Online (39C831C9-5AE6-47DC-9A44-9C173E1C8E7C): 0
LogDevObjectVersion:   Dev-Physics (78F01B33-EBEA-4F98-B9B4-84EACCB95AA2): 4
LogDevObjectVersion:   Dev-Platform (6631380F-2D4D-43E0-8009-CF276956A95A): 0
LogDevObjectVersion:   Dev-Rendering (12F88B9F-8875-4AFC-A67C-D90C383ABD29): 43
LogDevObjectVersion:   Dev-Sequencer (7B5AE74C-D270-4C10-A958-57980B212A5A): 12
LogDevObjectVersion:   Dev-VR (D7296918-1DD6-4BDD-9DE2-64A83CC13884): 3
LogDevObjectVersion:   Dev-LoadTimes (C2A15278-BFE7-4AFE-6C17-90FF531DF755): 1
LogDevObjectVersion:   Private-Geometry (6EACA3D4-40EC-4CC1-B786-8BED09428FC5): 3
LogDevObjectVersion:   Dev-AnimPhys (29E575DD-E0A3-4627-9D10-D276232CDCEA): 17
LogDevObjectVersion:   Dev-Anim (AF43A65D-7FD3-4947-9873-3E8ED9C1BB05): 7
LogDevObjectVersion:   Dev-ReflectionCapture (6B266CEC-1EC7-4B8F-A30B-E4D90942FC07): 1
LogDevObjectVersion:   Dev-Automation (0DF73D61-A23F-47EA-B727-89E90C41499A): 1
LogDevObjectVersion:   FortniteMain (601D1886-AC64-4F84-AA16-D3DE0DEAC7D6): 31
LogDevObjectVersion:   Dev-Enterprise (9DFFBCD6-494F-0158-E221-12823C92A888): 10
LogDevObjectVersion:   Dev-Niagara (F2AED0AC-9AFE-416F-8664-AA7FFA26D6FC): 1
LogDevObjectVersion:   Dev-Destruction (174F1F0B-B4C6-45A5-B13F-2EE8D0FB917D): 10
LogDevObjectVersion:   Dev-Physics-Ext (35F94A83-E258-406C-A318-09F59610247C): 37
LogDevObjectVersion:   Dev-PhysicsMaterial-Chaos (B68FC16E-8B1B-42E2-B453-215C058844FE): 1
LogDevObjectVersion:   Dev-CineCamera (B2E18506-4273-CFC2-A54E-F4BB758BBA07): 1
LogInit: Presizing for max 25165824 objects, including 0 objects not considered by GC, pre-allocating 0 bytes for permanent pool.
LogConfig: Applying CVar settings from Section [/Script/Engine.StreamingSettings] File [D:/Unreal Projects/Carnival/Carnival/Carnival/Saved/Config/Windows/Engine.ini]
LogConfig: Setting CVar [[s.MinBulkDataSizeForAsyncLoading:131072]]
LogConfig: Setting CVar [[s.AsyncLoadingThreadEnabled:0]]
LogConfig: Setting CVar [[s.EventDrivenLoaderEnabled:1]]
LogConfig: Setting CVar [[s.WarnIfTimeLimitExceeded:0]]
LogConfig: Setting CVar [[s.TimeLimitExceededMultiplier:1.5]]
LogConfig: Setting CVar [[s.TimeLimitExceededMinTime:0.005]]
LogConfig: Setting CVar [[s.UseBackgroundLevelStreaming:1]]
LogConfig: Setting CVar [[s.PriorityAsyncLoadingExtraTime:15.0]]
LogConfig: Setting CVar [[s.LevelStreamingActorsUpdateTimeLimit:5.0]]
LogConfig: Setting CVar [[s.PriorityLevelStreamingActorsUpdateExtraTime:5.0]]
LogConfig: Setting CVar [[s.LevelStreamingComponentsRegistrationGranularity:10]]
LogConfig: Setting CVar [[s.UnregisterComponentsTimeLimit:1.0]]
LogConfig: Setting CVar [[s.LevelStreamingComponentsUnregistrationGranularity:5]]
LogConfig: Setting CVar [[s.FlushStreamingOnExit:1]]
LogInit: Object subsystem initialized
LogConfig: Setting CVar [[con.DebugEarlyDefault:1]]
LogConfig: Setting CVar [[r.setres:1280x720]]
[2020.11.17-06.42.54:542][  0]LogConfig: Setting CVar [[r.VSync:0]]
[2020.11.17-06.42.54:542][  0]LogConfig: Setting CVar [[r.RHICmdBypass:0]]
[2020.11.17-06.42.54:542][  0]LogConfig: Applying CVar settings from Section [/Script/Engine.RendererSettings] File [D:/Unreal Projects/Carnival/Carnival/Carnival/Saved/Config/Windows/Engine.ini]
[2020.11.17-06.42.54:542][  0]LogConfig: Setting CVar [[r.GPUCrashDebugging:0]]
[2020.11.17-06.42.54:542][  0]LogConfig: Applying CVar settings from Section [/Script/Engine.RendererOverrideSettings] File [D:/Unreal Projects/Carnival/Carnival/Carnival/Saved/Config/Windows/Engine.ini]
[2020.11.17-06.42.54:542][  0]LogConfig: Applying CVar settings from Section [/Script/Engine.StreamingSettings] File [D:/Unreal Projects/Carnival/Carnival/Carnival/Saved/Config/Windows/Engine.ini]
[2020.11.17-06.42.54:542][  0]LogConfig: Setting CVar [[s.MinBulkDataSizeForAsyncLoading:131072]]
[2020.11.17-06.42.54:542][  0]LogConfig: Setting CVar [[s.AsyncLoadingThreadEnabled:0]]
[2020.11.17-06.42.54:542][  0]LogConfig: Setting CVar [[s.EventDrivenLoaderEnabled:1]]
[2020.11.17-06.42.54:542][  0]LogConfig: Setting CVar [[s.WarnIfTimeLimitExceeded:0]]
[2020.11.17-06.42.54:542][  0]LogConfig: Setting CVar [[s.TimeLimitExceededMultiplier:1.5]]
[2020.11.17-06.42.54:542][  0]LogConfig: Setting CVar [[s.TimeLimitExceededMinTime:0.005]]
[2020.11.17-06.42.54:542][  0]LogConfig: Setting CVar [[s.UseBackgroundLevelStreaming:1]]
[2020.11.17-06.42.54:542][  0]LogConfig: Setting CVar [[s.PriorityAsyncLoadingExtraTime:15.0]]
[2020.11.17-06.42.54:542][  0]LogConfig: Setting CVar [[s.LevelStreamingActorsUpdateTimeLimit:5.0]]
[2020.11.17-06.42.54:542][  0]LogConfig: Setting CVar [[s.PriorityLevelStreamingActorsUpdateExtraTime:5.0]]
[2020.11.17-06.42.54:542][  0]LogConfig: Setting CVar [[s.LevelStreamingComponentsRegistrationGranularity:10]]
[2020.11.17-06.42.54:542][  0]LogConfig: Setting CVar [[s.UnregisterComponentsTimeLimit:1.0]]
[2020.11.17-06.42.54:542][  0]LogConfig: Setting CVar [[s.LevelStreamingComponentsUnregistrationGranularity:5]]
[2020.11.17-06.42.54:542][  0]LogConfig: Setting CVar [[s.FlushStreamingOnExit:1]]
[2020.11.17-06.42.54:542][  0]LogConfig: Applying CVar settings from Section [/Script/Engine.GarbageCollectionSettings] File [D:/Unreal Projects/Carnival/Carnival/Carnival/Saved/Config/Windows/Engine.ini]
[2020.11.17-06.42.54:542][  0]LogConfig: Setting CVar [[gc.MaxObjectsNotConsideredByGC:1]]
[2020.11.17-06.42.54:542][  0]LogConfig: Setting CVar [[gc.SizeOfPermanentObjectPool:0]]
[2020.11.17-06.42.54:542][  0]LogConfig: Setting CVar [[gc.FlushStreamingOnGC:0]]
[2020.11.17-06.42.54:542][  0]LogConfig: Setting CVar [[gc.NumRetriesBeforeForcingGC:10]]
[2020.11.17-06.42.54:542][  0]LogConfig: Setting CVar [[gc.AllowParallelGC:1]]
[2020.11.17-06.42.54:542][  0]LogConfig: Setting CVar [[gc.TimeBetweenPurgingPendingKillObjects:61.1]]
[2020.11.17-06.42.54:542][  0]LogConfig: Setting CVar [[gc.MaxObjectsInEditor:25165824]]
[2020.11.17-06.42.54:542][  0]LogConfig: Setting CVar [[gc.IncrementalBeginDestroyEnabled:1]]
[2020.11.17-06.42.54:542][  0]LogConfig: Setting CVar [[gc.CreateGCClusters:1]]
[2020.11.17-06.42.54:542][  0]LogConfig: Setting CVar [[gc.MinGCClusterSize:5]]
[2020.11.17-06.42.54:542][  0]LogConfig: Setting CVar [[gc.ActorClusteringEnabled:0]]
[2020.11.17-06.42.54:542][  0]LogConfig: Setting CVar [[gc.BlueprintClusteringEnabled:0]]
[2020.11.17-06.42.54:542][  0]LogConfig: Setting CVar [[gc.UseDisregardForGCOnDedicatedServers:0]]
[2020.11.17-06.42.54:542][  0]LogConfig: Applying CVar settings from Section [/Script/Engine.NetworkSettings] File [D:/Unreal Projects/Carnival/Carnival/Carnival/Saved/Config/Windows/Engine.ini]
[2020.11.17-06.42.54:542][  0]LogConfig: Applying CVar settings from Section [/Script/UnrealEd.CookerSettings] File [D:/Unreal Projects/Carnival/Carnival/Carnival/Saved/Config/Windows/Engine.ini]
[2020.11.17-06.42.54:548][  0]LogConfig: Applying CVar settings from Section [ViewDistanceQuality@3] File [D:/Unreal Projects/Carnival/Carnival/Carnival/Saved/Config/Windows/Scalability.ini]
[2020.11.17-06.42.54:548][  0]LogConfig: Setting CVar [[r.SkeletalMeshLODBias:0]]
[2020.11.17-06.42.54:548][  0]LogConfig: Setting CVar [[r.ViewDistanceScale:1.0]]
[2020.11.17-06.42.54:548][  0]LogConfig: Applying CVar settings from Section [AntiAliasingQuality@3] File [D:/Unreal Projects/Carnival/Carnival/Carnival/Saved/Config/Windows/Scalability.ini]
[2020.11.17-06.42.54:548][  0]LogConfig: Setting CVar [[r.PostProcessAAQuality:4]]
[2020.11.17-06.42.54:548][  0]LogConfig: Applying CVar settings from Section [ShadowQuality@3] File [D:/Unreal Projects/Carnival/Carnival/Carnival/Saved/Config/Windows/Scalability.ini]
[2020.11.17-06.42.54:548][  0]LogConfig: Setting CVar [[r.LightFunctionQuality:1]]
[2020.11.17-06.42.54:548][  0]LogConfig: Setting CVar [[r.ShadowQuality:5]]
[2020.11.17-06.42.54:548][  0]LogConfig: Setting CVar [[r.Shadow.CSM.MaxCascades:10]]
[2020.11.17-06.42.54:548][  0]LogConfig: Setting CVar [[r.Shadow.MaxResolution:2048]]
[2020.11.17-06.42.54:548][  0]LogConfig: Setting CVar [[r.Shadow.MaxCSMResolution:2048]]
[2020.11.17-06.42.54:548][  0]LogConfig: Setting CVar [[r.Shadow.RadiusThreshold:0.01]]
[2020.11.17-06.42.54:548][  0]LogConfig: Setting CVar [[r.Shadow.DistanceScale:1.0]]
[2020.11.17-06.42.54:548][  0]LogConfig: Setting CVar [[r.Shadow.CSM.TransitionScale:1.0]]
[2020.11.17-06.42.54:548][  0]LogConfig: Setting CVar [[r.Shadow.PreShadowResolutionFactor:1.0]]
[2020.11.17-06.42.54:548][  0]LogConfig: Setting CVar [[r.DistanceFieldShadowing:1]]
[2020.11.17-06.42.54:548][  0]LogConfig: Setting CVar [[r.DistanceFieldAO:1]]
[2020.11.17-06.42.54:548][  0]LogConfig: Setting CVar [[r.AOQuality:2]]
[2020.11.17-06.42.54:548][  0]LogConfig: Setting CVar [[r.VolumetricFog:1]]
[2020.11.17-06.42.54:548][  0]LogConfig: Setting CVar [[r.VolumetricFog.GridPixelSize:8]]
[2020.11.17-06.42.54:548][  0]LogConfig: Setting CVar [[r.VolumetricFog.GridSizeZ:128]]
[2020.11.17-06.42.54:548][  0]LogConfig: Setting CVar [[r.VolumetricFog.HistoryMissSupersampleCount:4]]
[2020.11.17-06.42.54:548][  0]LogConfig: Setting CVar [[r.LightMaxDrawDistanceScale:1]]
[2020.11.17-06.42.54:548][  0]LogConfig: Setting CVar [[r.CapsuleShadows:1]]
[2020.11.17-06.42.54:548][  0]LogConfig: Applying CVar settings from Section [PostProcessQuality@3] File [D:/Unreal Projects/Carnival/Carnival/Carnival/Saved/Config/Windows/Scalability.ini]
[2020.11.17-06.42.54:548][  0]LogConfig: Setting CVar [[r.MotionBlurQuality:4]]
[2020.11.17-06.42.54:548][  0]LogConfig: Setting CVar [[r.AmbientOcclusionMipLevelFactor:0.4]]
[2020.11.17-06.42.54:548][  0]LogConfig: Setting CVar [[r.AmbientOcclusionMaxQuality:100]]
[2020.11.17-06.42.54:548][  0]LogConfig: Setting CVar [[r.AmbientOcclusionLevels:-1]]
[2020.11.17-06.42.54:548][  0]LogConfig: Setting CVar [[r.AmbientOcclusionRadiusScale:1.0]]
[2020.11.17-06.42.54:548][  0]LogConfig: Setting CVar [[r.DepthOfFieldQuality:2]]
[2020.11.17-06.42.54:548][  0]LogConfig: Setting CVar [[r.RenderTargetPoolMin:400]]
[2020.11.17-06.42.54:548][  0]LogConfig: Setting CVar [[r.LensFlareQuality:2]]
[2020.11.17-06.42.54:548][  0]LogConfig: Setting CVar [[r.SceneColorFringeQuality:1]]
[2020.11.17-06.42.54:548][  0]LogConfig: Setting CVar [[r.EyeAdaptationQuality:2]]
[2020.11.17-06.42.54:548][  0]LogConfig: Setting CVar [[r.BloomQuality:5]]
[2020.11.17-06.42.54:548][  0]LogConfig: Setting CVar [[r.FastBlurThreshold:100]]
[2020.11.17-06.42.54:548][  0]LogConfig: Setting CVar [[r.Upscale.Quality:3]]
[2020.11.17-06.42.54:548][  0]LogConfig: Setting CVar [[r.Tonemapper.GrainQuantization:1]]
[2020.11.17-06.42.54:548][  0]LogConfig: Setting CVar [[r.LightShaftQuality:1]]
[2020.11.17-06.42.54:548][  0]LogConfig: Setting CVar [[r.Filter.SizeScale:1]]
[2020.11.17-06.42.54:548][  0]LogConfig: Setting CVar [[r.Tonemapper.Quality:5]]
[2020.11.17-06.42.54:548][  0]LogConfig: Setting CVar [[r.DOF.Gather.AccumulatorQuality:1        ; higher gathering accumulator quality]]
[2020.11.17-06.42.54:548][  0]LogConfig: Setting CVar [[r.DOF.Gather.PostfilterMethod:1          ; Median3x3 postfilering method]]
[2020.11.17-06.42.54:549][  0]LogConfig: Setting CVar [[r.DOF.Gather.EnableBokehSettings:0       ; no bokeh simulation when gathering]]
[2020.11.17-06.42.54:549][  0]LogConfig: Setting CVar [[r.DOF.Gather.RingCount:4                 ; medium number of samples when gathering]]
[2020.11.17-06.42.54:549][  0]LogConfig: Setting CVar [[r.DOF.Scatter.ForegroundCompositing:1    ; additive foreground scattering]]
[2020.11.17-06.42.54:549][  0]LogConfig: Setting CVar [[r.DOF.Scatter.BackgroundCompositing:2    ; additive background scattering]]
[2020.11.17-06.42.54:549][  0]LogConfig: Setting CVar [[r.DOF.Scatter.EnableBokehSettings:1      ; bokeh simulation when scattering]]
[2020.11.17-06.42.54:549][  0]LogConfig: Setting CVar [[r.DOF.Scatter.MaxSpriteRatio:0.1         ; only a maximum of 10% of scattered bokeh]]
[2020.11.17-06.42.54:549][  0]LogConfig: Setting CVar [[r.DOF.Recombine.Quality:1                ; cheap slight out of focus]]
[2020.11.17-06.42.54:549][  0]LogConfig: Setting CVar [[r.DOF.Recombine.EnableBokehSettings:0    ; no bokeh simulation on slight out of focus]]
[2020.11.17-06.42.54:549][  0]LogConfig: Setting CVar [[r.DOF.TemporalAAQuality:1                ; more stable temporal accumulation]]
[2020.11.17-06.42.54:549][  0]LogConfig: Setting CVar [[r.DOF.Kernel.MaxForegroundRadius:0.025]]
[2020.11.17-06.42.54:549][  0]LogConfig: Setting CVar [[r.DOF.Kernel.MaxBackgroundRadius:0.025]]
[2020.11.17-06.42.54:549][  0]LogConfig: Applying CVar settings from Section [TextureQuality@3] File [D:/Unreal Projects/Carnival/Carnival/Carnival/Saved/Config/Windows/Scalability.ini]
[2020.11.17-06.42.54:549][  0]LogConfig: Setting CVar [[r.Streaming.MipBias:0]]
[2020.11.17-06.42.54:549][  0]LogConfig: Setting CVar [[r.Streaming.AmortizeCPUToGPUCopy:0]]
[2020.11.17-06.42.54:549][  0]LogConfig: Setting CVar [[r.Streaming.MaxNumTexturesToStreamPerFrame:0]]
[2020.11.17-06.42.54:549][  0]LogConfig: Setting CVar [[r.Streaming.Boost:1]]
[2020.11.17-06.42.54:549][  0]LogConfig: Setting CVar [[r.MaxAnisotropy:8]]
[2020.11.17-06.42.54:549][  0]LogConfig: Setting CVar [[r.VT.MaxAnisotropy:8]]
[2020.11.17-06.42.54:549][  0]LogConfig: Setting CVar [[r.Streaming.LimitPoolSizeToVRAM:0]]
[2020.11.17-06.42.54:549][  0]LogConfig: Setting CVar [[r.Streaming.PoolSize:1000]]
[2020.11.17-06.42.54:549][  0]LogConfig: Setting CVar [[r.Streaming.MaxEffectiveScreenSize:0]]
[2020.11.17-06.42.54:549][  0]LogConfig: Applying CVar settings from Section [EffectsQuality@3] File [D:/Unreal Projects/Carnival/Carnival/Carnival/Saved/Config/Windows/Scalability.ini]
[2020.11.17-06.42.54:549][  0]LogConfig: Setting CVar [[r.TranslucencyLightingVolumeDim:64]]
[2020.11.17-06.42.54:549][  0]LogConfig: Setting CVar [[r.RefractionQuality:2]]
[2020.11.17-06.42.54:549][  0]LogConfig: Setting CVar [[r.SSR.Quality:3]]
[2020.11.17-06.42.54:549][  0]LogConfig: Setting CVar [[r.SSR.HalfResSceneColor:0]]
[2020.11.17-06.42.54:549][  0]LogConfig: Setting CVar [[r.SceneColorFormat:4]]
[2020.11.17-06.42.54:549][  0]LogConfig: Setting CVar [[r.DetailMode:2]]
[2020.11.17-06.42.54:549][  0]LogConfig: Setting CVar [[r.TranslucencyVolumeBlur:1]]
[2020.11.17-06.42.54:549][  0]LogConfig: Setting CVar [[r.MaterialQualityLevel:1 ; High quality]]
[2020.11.17-06.42.54:549][  0]LogConfig: Setting CVar [[r.SSS.Scale:1]]
[2020.11.17-06.42.54:549][  0]LogConfig: Setting CVar [[r.SSS.SampleSet:2]]
[2020.11.17-06.42.54:549][  0]LogConfig: Setting CVar [[r.SSS.Quality:1]]
[2020.11.17-06.42.54:549][  0]LogConfig: Setting CVar [[r.SSS.HalfRes:0]]
[2020.11.17-06.42.54:549][  0]LogConfig: Setting CVar [[r.SSGI.Quality:3]]
[2020.11.17-06.42.54:549][  0]LogConfig: Setting CVar [[r.EmitterSpawnRateScale:1.0]]
[2020.11.17-06.42.54:549][  0]LogConfig: Setting CVar [[r.ParticleLightQuality:2]]
[2020.11.17-06.42.54:549][  0]LogConfig: Setting CVar [[r.SkyAtmosphere.AerialPerspectiveLUT.FastApplyOnOpaque:1 ; Always have FastSkyLUT 1 in this case to avoid wrong sky]]
[2020.11.17-06.42.54:549][  0]LogConfig: Setting CVar [[r.SkyAtmosphere.AerialPerspectiveLUT.SampleCountPerSlice:1]]
[2020.11.17-06.42.54:549][  0]LogConfig: Setting CVar [[r.SkyAtmosphere.AerialPerspectiveLUT.DepthResolution:16.0]]
[2020.11.17-06.42.54:549][  0]LogConfig: Setting CVar [[r.SkyAtmosphere.FastSkyLUT:1]]
[2020.11.17-06.42.54:549][  0]LogConfig: Setting CVar [[r.SkyAtmosphere.FastSkyLUT.SampleCountMin:4.0]]
[2020.11.17-06.42.54:549][  0]LogConfig: Setting CVar [[r.SkyAtmosphere.FastSkyLUT.SampleCountMax:32.0]]
[2020.11.17-06.42.54:549][  0]LogConfig: Setting CVar [[r.SkyAtmosphere.SampleCountMin:4.0]]
[2020.11.17-06.42.54:549][  0]LogConfig: Setting CVar [[r.SkyAtmosphere.SampleCountMax:32.0]]
[2020.11.17-06.42.54:549][  0]LogConfig: Setting CVar [[r.SkyAtmosphere.TransmittanceLUT.UseSmallFormat:0]]
[2020.11.17-06.42.54:549][  0]LogConfig: Setting CVar [[r.SkyAtmosphere.TransmittanceLUT.SampleCount:10.0]]
[2020.11.17-06.42.54:549][  0]LogConfig: Setting CVar [[r.SkyAtmosphere.MultiScatteringLUT.SampleCount:15.0]]
[2020.11.17-06.42.54:549][  0]LogConfig: Applying CVar settings from Section [FoliageQuality@3] File [D:/Unreal Projects/Carnival/Carnival/Carnival/Saved/Config/Windows/Scalability.ini]
[2020.11.17-06.42.54:549][  0]LogConfig: Setting CVar [[foliage.DensityScale:1.0]]
[2020.11.17-06.42.54:549][  0]LogConfig: Setting CVar [[grass.DensityScale:1.0]]
[2020.11.17-06.42.54:549][  0]LogConfig: Applying CVar settings from Section [ShadingQuality@3] File [D:/Unreal Projects/Carnival/Carnival/Carnival/Saved/Config/Windows/Scalability.ini]
[2020.11.17-06.42.54:549][  0]LogConfig: Setting CVar [[r.HairStrands.SkyLighting.SampleCount:16]]
[2020.11.17-06.42.54:549][  0]LogConfig: Setting CVar [[r.HairStrands.SkyLighting.JitterIntegration:0]]
[2020.11.17-06.42.54:549][  0]LogConfig: Setting CVar [[r.HairStrands.SkyAO.SampleCount:16]]
[2020.11.17-06.42.54:549][  0]LogConfig: Setting CVar [[r.HairStrands.DeepShadow.SuperSampling:0]]
[2020.11.17-06.42.54:549][  0]LogConfig: Setting CVar [[r.HairStrands.VisibilityPPLL:0]]
[2020.11.17-06.42.54:549][  0]LogConfig: Setting CVar [[r.HairStrands.RasterizationScale:0.5]]
[2020.11.17-06.42.54:549][  0]LogConfig: Setting CVar [[r.HairStrands.VelocityRasterizationScale:1]]
[2020.11.17-06.42.54:549][  0]LogInit: Selected Device Profile: [Windows]
[2020.11.17-06.42.54:549][  0]LogInit: Applying CVar settings loaded from the selected device profile: [Windows]
[2020.11.17-06.42.54:549][  0]LogHAL: Display: Platform has ~ 16 GB [17050755072 / 17179869184 / 16], which maps to Larger [LargestMinGB=32, LargerMinGB=12, DefaultMinGB=8, SmallerMinGB=6, SmallestMinGB=0)
[2020.11.17-06.42.54:549][  0]LogInit: Going up to parent DeviceProfile []
[2020.11.17-06.42.54:549][  0]LogConfig: Applying CVar settings from Section [ViewDistanceQuality@3] File [D:/Unreal Projects/Carnival/Carnival/Carnival/Saved/Config/Windows/Scalability.ini]
[2020.11.17-06.42.54:549][  0]LogConfig: Setting CVar [[r.SkeletalMeshLODBias:0]]
[2020.11.17-06.42.54:549][  0]LogConfig: Setting CVar [[r.ViewDistanceScale:1.0]]
[2020.11.17-06.42.54:549][  0]LogConfig: Applying CVar settings from Section [AntiAliasingQuality@3] File [D:/Unreal Projects/Carnival/Carnival/Carnival/Saved/Config/Windows/Scalability.ini]
[2020.11.17-06.42.54:549][  0]LogConfig: Setting CVar [[r.PostProcessAAQuality:4]]
[2020.11.17-06.42.54:549][  0]LogConfig: Applying CVar settings from Section [ShadowQuality@3] File [D:/Unreal Projects/Carnival/Carnival/Carnival/Saved/Config/Windows/Scalability.ini]
[2020.11.17-06.42.54:549][  0]LogConfig: Setting CVar [[r.LightFunctionQuality:1]]
[2020.11.17-06.42.54:549][  0]LogConfig: Setting CVar [[r.ShadowQuality:5]]
[2020.11.17-06.42.54:549][  0]LogConfig: Setting CVar [[r.Shadow.CSM.MaxCascades:10]]
[2020.11.17-06.42.54:549][  0]LogConfig: Setting CVar [[r.Shadow.MaxResolution:2048]]
[2020.11.17-06.42.54:549][  0]LogConfig: Setting CVar [[r.Shadow.MaxCSMResolution:2048]]
[2020.11.17-06.42.54:549][  0]LogConfig: Setting CVar [[r.Shadow.RadiusThreshold:0.01]]
[2020.11.17-06.42.54:549][  0]LogConfig: Setting CVar [[r.Shadow.DistanceScale:1.0]]
[2020.11.17-06.42.54:549][  0]LogConfig: Setting CVar [[r.Shadow.CSM.TransitionScale:1.0]]
[2020.11.17-06.42.54:549][  0]LogConfig: Setting CVar [[r.Shadow.PreShadowResolutionFactor:1.0]]
[2020.11.17-06.42.54:549][  0]LogConfig: Setting CVar [[r.DistanceFieldShadowing:1]]
[2020.11.17-06.42.54:549][  0]LogConfig: Setting CVar [[r.DistanceFieldAO:1]]
[2020.11.17-06.42.54:549][  0]LogConfig: Setting CVar [[r.AOQuality:2]]
[2020.11.17-06.42.54:549][  0]LogConfig: Setting CVar [[r.VolumetricFog:1]]
[2020.11.17-06.42.54:549][  0]LogConfig: Setting CVar [[r.VolumetricFog.GridPixelSize:8]]
[2020.11.17-06.42.54:549][  0]LogConfig: Setting CVar [[r.VolumetricFog.GridSizeZ:128]]
[2020.11.17-06.42.54:549][  0]LogConfig: Setting CVar [[r.VolumetricFog.HistoryMissSupersampleCount:4]]
[2020.11.17-06.42.54:549][  0]LogConfig: Setting CVar [[r.LightMaxDrawDistanceScale:1]]
[2020.11.17-06.42.54:549][  0]LogConfig: Setting CVar [[r.CapsuleShadows:1]]
[2020.11.17-06.42.54:549][  0]LogConfig: Applying CVar settings from Section [PostProcessQuality@3] File [D:/Unreal Projects/Carnival/Carnival/Carnival/Saved/Config/Windows/Scalability.ini]
[2020.11.17-06.42.54:549][  0]LogConfig: Setting CVar [[r.MotionBlurQuality:4]]
[2020.11.17-06.42.54:549][  0]LogConfig: Setting CVar [[r.AmbientOcclusionMipLevelFactor:0.4]]
[2020.11.17-06.42.54:549][  0]LogConfig: Setting CVar [[r.AmbientOcclusionMaxQuality:100]]
[2020.11.17-06.42.54:549][  0]LogConfig: Setting CVar [[r.AmbientOcclusionLevels:-1]]
[2020.11.17-06.42.54:549][  0]LogConfig: Setting CVar [[r.AmbientOcclusionRadiusScale:1.0]]
[2020.11.17-06.42.54:549][  0]LogConfig: Setting CVar [[r.DepthOfFieldQuality:2]]
[2020.11.17-06.42.54:549][  0]LogConfig: Setting CVar [[r.RenderTargetPoolMin:400]]
[2020.11.17-06.42.54:549][  0]LogConfig: Setting CVar [[r.LensFlareQuality:2]]
[2020.11.17-06.42.54:550][  0]LogConfig: Setting CVar [[r.SceneColorFringeQuality:1]]
[2020.11.17-06.42.54:550][  0]LogConfig: Setting CVar [[r.EyeAdaptationQuality:2]]
[2020.11.17-06.42.54:550][  0]LogConfig: Setting CVar [[r.BloomQuality:5]]
[2020.11.17-06.42.54:550][  0]LogConfig: Setting CVar [[r.FastBlurThreshold:100]]
[2020.11.17-06.42.54:550][  0]LogConfig: Setting CVar [[r.Upscale.Quality:3]]
[2020.11.17-06.42.54:550][  0]LogConfig: Setting CVar [[r.Tonemapper.GrainQuantization:1]]
[2020.11.17-06.42.54:550][  0]LogConfig: Setting CVar [[r.LightShaftQuality:1]]
[2020.11.17-06.42.54:550][  0]LogConfig: Setting CVar [[r.Filter.SizeScale:1]]
[2020.11.17-06.42.54:550][  0]LogConfig: Setting CVar [[r.Tonemapper.Quality:5]]
[2020.11.17-06.42.54:550][  0]LogConfig: Setting CVar [[r.DOF.Gather.AccumulatorQuality:1        ; higher gathering accumulator quality]]
[2020.11.17-06.42.54:550][  0]LogConfig: Setting CVar [[r.DOF.Gather.PostfilterMethod:1          ; Median3x3 postfilering method]]
[2020.11.17-06.42.54:550][  0]LogConfig: Setting CVar [[r.DOF.Gather.EnableBokehSettings:0       ; no bokeh simulation when gathering]]
[2020.11.17-06.42.54:550][  0]LogConfig: Setting CVar [[r.DOF.Gather.RingCount:4                 ; medium number of samples when gathering]]
[2020.11.17-06.42.54:550][  0]LogConfig: Setting CVar [[r.DOF.Scatter.ForegroundCompositing:1    ; additive foreground scattering]]
[2020.11.17-06.42.54:550][  0]LogConfig: Setting CVar [[r.DOF.Scatter.BackgroundCompositing:2    ; additive background scattering]]
[2020.11.17-06.42.54:550][  0]LogConfig: Setting CVar [[r.DOF.Scatter.EnableBokehSettings:1      ; bokeh simulation when scattering]]
[2020.11.17-06.42.54:550][  0]LogConfig: Setting CVar [[r.DOF.Scatter.MaxSpriteRatio:0.1         ; only a maximum of 10% of scattered bokeh]]
[2020.11.17-06.42.54:550][  0]LogConfig: Setting CVar [[r.DOF.Recombine.Quality:1                ; cheap slight out of focus]]
[2020.11.17-06.42.54:550][  0]LogConfig: Setting CVar [[r.DOF.Recombine.EnableBokehSettings:0    ; no bokeh simulation on slight out of focus]]
[2020.11.17-06.42.54:550][  0]LogConfig: Setting CVar [[r.DOF.TemporalAAQuality:1                ; more stable temporal accumulation]]
[2020.11.17-06.42.54:550][  0]LogConfig: Setting CVar [[r.DOF.Kernel.MaxForegroundRadius:0.025]]
[2020.11.17-06.42.54:550][  0]LogConfig: Setting CVar [[r.DOF.Kernel.MaxBackgroundRadius:0.025]]
[2020.11.17-06.42.54:550][  0]LogConfig: Applying CVar settings from Section [TextureQuality@3] File [D:/Unreal Projects/Carnival/Carnival/Carnival/Saved/Config/Windows/Scalability.ini]
[2020.11.17-06.42.54:550][  0]LogConfig: Setting CVar [[r.Streaming.MipBias:0]]
[2020.11.17-06.42.54:550][  0]LogConfig: Setting CVar [[r.Streaming.AmortizeCPUToGPUCopy:0]]
[2020.11.17-06.42.54:550][  0]LogConfig: Setting CVar [[r.Streaming.MaxNumTexturesToStreamPerFrame:0]]
[2020.11.17-06.42.54:550][  0]LogConfig: Setting CVar [[r.Streaming.Boost:1]]
[2020.11.17-06.42.54:550][  0]LogConfig: Setting CVar [[r.MaxAnisotropy:8]]
[2020.11.17-06.42.54:550][  0]LogConfig: Setting CVar [[r.VT.MaxAnisotropy:8]]
[2020.11.17-06.42.54:550][  0]LogConfig: Setting CVar [[r.Streaming.LimitPoolSizeToVRAM:0]]
[2020.11.17-06.42.54:550][  0]LogConfig: Setting CVar [[r.Streaming.PoolSize:1000]]
[2020.11.17-06.42.54:550][  0]LogConfig: Setting CVar [[r.Streaming.MaxEffectiveScreenSize:0]]
[2020.11.17-06.42.54:550][  0]LogConfig: Applying CVar settings from Section [EffectsQuality@3] File [D:/Unreal Projects/Carnival/Carnival/Carnival/Saved/Config/Windows/Scalability.ini]
[2020.11.17-06.42.54:550][  0]LogConfig: Setting CVar [[r.TranslucencyLightingVolumeDim:64]]
[2020.11.17-06.42.54:550][  0]LogConfig: Setting CVar [[r.RefractionQuality:2]]
[2020.11.17-06.42.54:550][  0]LogConfig: Setting CVar [[r.SSR.Quality:3]]
[2020.11.17-06.42.54:550][  0]LogConfig: Setting CVar [[r.SSR.HalfResSceneColor:0]]
[2020.11.17-06.42.54:550][  0]LogConfig: Setting CVar [[r.SceneColorFormat:4]]
[2020.11.17-06.42.54:550][  0]LogConfig: Setting CVar [[r.DetailMode:2]]
[2020.11.17-06.42.54:550][  0]LogConfig: Setting CVar [[r.TranslucencyVolumeBlur:1]]
[2020.11.17-06.42.54:550][  0]LogConfig: Setting CVar [[r.MaterialQualityLevel:1 ; High quality]]
[2020.11.17-06.42.54:550][  0]LogConfig: Setting CVar [[r.SSS.Scale:1]]
[2020.11.17-06.42.54:550][  0]LogConfig: Setting CVar [[r.SSS.SampleSet:2]]
[2020.11.17-06.42.54:550][  0]LogConfig: Setting CVar [[r.SSS.Quality:1]]
[2020.11.17-06.42.54:550][  0]LogConfig: Setting CVar [[r.SSS.HalfRes:0]]
[2020.11.17-06.42.54:550][  0]LogConfig: Setting CVar [[r.SSGI.Quality:3]]
[2020.11.17-06.42.54:550][  0]LogConfig: Setting CVar [[r.EmitterSpawnRateScale:1.0]]
[2020.11.17-06.42.54:550][  0]LogConfig: Setting CVar [[r.ParticleLightQuality:2]]
[2020.11.17-06.42.54:550][  0]LogConfig: Setting CVar [[r.SkyAtmosphere.AerialPerspectiveLUT.FastApplyOnOpaque:1 ; Always have FastSkyLUT 1 in this case to avoid wrong sky]]
[2020.11.17-06.42.54:550][  0]LogConfig: Setting CVar [[r.SkyAtmosphere.AerialPerspectiveLUT.SampleCountPerSlice:1]]
[2020.11.17-06.42.54:550][  0]LogConfig: Setting CVar [[r.SkyAtmosphere.AerialPerspectiveLUT.DepthResolution:16.0]]
[2020.11.17-06.42.54:550][  0]LogConfig: Setting CVar [[r.SkyAtmosphere.FastSkyLUT:1]]
[2020.11.17-06.42.54:550][  0]LogConfig: Setting CVar [[r.SkyAtmosphere.FastSkyLUT.SampleCountMin:4.0]]
[2020.11.17-06.42.54:550][  0]LogConfig: Setting CVar [[r.SkyAtmosphere.FastSkyLUT.SampleCountMax:32.0]]
[2020.11.17-06.42.54:550][  0]LogConfig: Setting CVar [[r.SkyAtmosphere.SampleCountMin:4.0]]
[2020.11.17-06.42.54:550][  0]LogConfig: Setting CVar [[r.SkyAtmosphere.SampleCountMax:32.0]]
[2020.11.17-06.42.54:550][  0]LogConfig: Setting CVar [[r.SkyAtmosphere.TransmittanceLUT.UseSmallFormat:0]]
[2020.11.17-06.42.54:550][  0]LogConfig: Setting CVar [[r.SkyAtmosphere.TransmittanceLUT.SampleCount:10.0]]
[2020.11.17-06.42.54:550][  0]LogConfig: Setting CVar [[r.SkyAtmosphere.MultiScatteringLUT.SampleCount:15.0]]
[2020.11.17-06.42.54:550][  0]LogConfig: Applying CVar settings from Section [FoliageQuality@3] File [D:/Unreal Projects/Carnival/Carnival/Carnival/Saved/Config/Windows/Scalability.ini]
[2020.11.17-06.42.54:550][  0]LogConfig: Setting CVar [[foliage.DensityScale:1.0]]
[2020.11.17-06.42.54:550][  0]LogConfig: Setting CVar [[grass.DensityScale:1.0]]
[2020.11.17-06.42.54:550][  0]LogConfig: Applying CVar settings from Section [ShadingQuality@3] File [D:/Unreal Projects/Carnival/Carnival/Carnival/Saved/Config/Windows/Scalability.ini]
[2020.11.17-06.42.54:550][  0]LogConfig: Setting CVar [[r.HairStrands.SkyLighting.SampleCount:16]]
[2020.11.17-06.42.54:550][  0]LogConfig: Setting CVar [[r.HairStrands.SkyLighting.JitterIntegration:0]]
[2020.11.17-06.42.54:550][  0]LogConfig: Setting CVar [[r.HairStrands.SkyAO.SampleCount:16]]
[2020.11.17-06.42.54:550][  0]LogConfig: Setting CVar [[r.HairStrands.DeepShadow.SuperSampling:0]]
[2020.11.17-06.42.54:550][  0]LogConfig: Setting CVar [[r.HairStrands.VisibilityPPLL:0]]
[2020.11.17-06.42.54:550][  0]LogConfig: Setting CVar [[r.HairStrands.RasterizationScale:0.5]]
[2020.11.17-06.42.54:550][  0]LogConfig: Setting CVar [[r.HairStrands.VelocityRasterizationScale:1]]
[2020.11.17-06.42.54:550][  0]LogConfig: Applying CVar settings from Section [Startup] File [../../../Engine/Config/ConsoleVariables.ini]
[2020.11.17-06.42.54:550][  0]LogConfig: Setting CVar [[net.UseAdaptiveNetUpdateFrequency:0]]
[2020.11.17-06.42.54:550][  0]LogConfig: Setting CVar [[p.chaos.AllowCreatePhysxBodies:1]]
[2020.11.17-06.42.54:550][  0]LogConfig: Setting CVar [[fx.SkipVectorVMBackendOptimizations:1]]
[2020.11.17-06.42.54:550][  0]LogConfig: Applying CVar settings from Section [ConsoleVariables] File [D:/Unreal Projects/Carnival/Carnival/Carnival/Saved/Config/Windows/Engine.ini]
[2020.11.17-06.42.54:550][  0]LogInit: Computer: WEAPONX
[2020.11.17-06.42.54:550][  0]LogInit: User: Eliah
[2020.11.17-06.42.54:550][  0]LogInit: CPU Page size=4096, Cores=4
[2020.11.17-06.42.54:550][  0]LogInit: High frequency timer resolution =10.000000 MHz
[2020.11.17-06.42.54:551][  0]LogMemory: Memory total: Physical=15.9GB (16GB approx)
[2020.11.17-06.42.54:551][  0]LogMemory: Platform Memory Stats for Windows
[2020.11.17-06.42.54:551][  0]LogMemory: Process Physical Memory: 114.64 MB used, 114.64 MB peak
[2020.11.17-06.42.54:551][  0]LogMemory: Process Virtual Memory: 96.17 MB used, 96.17 MB peak
[2020.11.17-06.42.54:551][  0]LogMemory: Physical Memory: 5271.68 MB used,  10989.19 MB free, 16260.87 MB total
[2020.11.17-06.42.54:551][  0]LogMemory: Virtual Memory: 5144.86 MB used,  134212584.00 MB free, 134217728.00 MB total
[2020.11.17-06.42.54:556][  0]LogWindows: WindowsPlatformFeatures enabled
[2020.11.17-06.42.54:584][  0]LogInit: Physics initialised using underlying interface: PhysX
[2020.11.17-06.42.54:584][  0]LogInit: Using OS detected language (en-GB).
[2020.11.17-06.42.54:584][  0]LogInit: Using OS detected locale (en-AU).
[2020.11.17-06.42.54:587][  0]LogTextLocalizationManager: No specific localization for 'en-GB' exists, so the 'en' localization will be used.
[2020.11.17-06.42.54:726][  0]LogInit: Setting process to per monitor DPI aware
[2020.11.17-06.42.54:764][  0]LogSlate: New Slate User Created.  User Index 0, Is Virtual User: 0
[2020.11.17-06.42.54:764][  0]LogSlate: Slate User Registered.  User Index 0, Is Virtual User: 0
[2020.11.17-06.42.54:902][  0]LogHMD: Failed to initialize OpenVR with code 110
[2020.11.17-06.42.54:902][  0]LogD3D11RHI: D3D11 min allowed feature level: 11_0
[2020.11.17-06.42.54:902][  0]LogD3D11RHI: D3D11 max allowed feature level: 11_0
[2020.11.17-06.42.54:902][  0]LogD3D11RHI: D3D11 adapters:
[2020.11.17-06.42.54:979][  0]LogD3D11RHI:    0. 'NVIDIA GeForce GTX 980' (Feature Level 11_0)
[2020.11.17-06.42.54:979][  0]LogD3D11RHI:       4053/0/8130 MB DedicatedVideo/DedicatedSystem/SharedSystem, Outputs:2, VendorId:0x10de
[2020.11.17-06.42.54:986][  0]LogD3D11RHI:    1. 'Intel(R) HD Graphics 4600' (Feature Level 11_0)
[2020.11.17-06.42.54:986][  0]LogD3D11RHI:       112/0/2048 MB DedicatedVideo/DedicatedSystem/SharedSystem, Outputs:0, VendorId:0x8086
[2020.11.17-06.42.54:990][  0]LogD3D11RHI:    2. 'Microsoft Basic Render Driver' (Feature Level 11_0)
[2020.11.17-06.42.54:990][  0]LogD3D11RHI:       0/0/8130 MB DedicatedVideo/DedicatedSystem/SharedSystem, Outputs:0, VendorId:0x1414
[2020.11.17-06.42.54:990][  0]LogD3D11RHI: Chosen D3D11 Adapter: 0
[2020.11.17-06.42.54:997][  0]LogD3D11RHI: Creating new Direct3DDevice
[2020.11.17-06.42.54:997][  0]LogD3D11RHI:     GPU DeviceId: 0x13c0 (for the marketing name, search the web for "GPU Device Id")
[2020.11.17-06.42.54:997][  0]LogWindows: EnumDisplayDevices:
[2020.11.17-06.42.54:997][  0]LogWindows:    0. 'NVIDIA GeForce GTX 980' (P:0 D:1)
[2020.11.17-06.42.54:997][  0]LogWindows:    1. 'NVIDIA GeForce GTX 980' (P:0 D:0)
[2020.11.17-06.42.54:998][  0]LogWindows:    2. 'NVIDIA GeForce GTX 980' (P:0 D:0)
[2020.11.17-06.42.54:998][  0]LogWindows:    3. 'NVIDIA GeForce GTX 980' (P:0 D:0)
[2020.11.17-06.42.54:998][  0]LogWindows:    4. 'Intel(R) HD Graphics 4600' (P:1 D:1)
[2020.11.17-06.42.54:999][  0]LogWindows:    5. 'Intel(R) HD Graphics 4600' (P:0 D:0)
[2020.11.17-06.42.54:999][  0]LogWindows:    6. 'Intel(R) HD Graphics 4600' (P:0 D:0)
[2020.11.17-06.42.54:999][  0]LogWindows: DebugString: PrimaryIsNotTheChoosenAdapter PrimaryIsNotTheChoosenAdapter PrimaryIsNotTheChoosenAdapter FoundDriverCount:4 
[2020.11.17-06.42.54:999][  0]LogD3D11RHI:     Adapter Name: NVIDIA GeForce GTX 980
[2020.11.17-06.42.54:999][  0]LogD3D11RHI:   Driver Version: 442.59 (internal:26.21.14.4259, unified:442.59)
[2020.11.17-06.42.54:999][  0]LogD3D11RHI:      Driver Date: 3-4-2020
[2020.11.17-06.42.54:999][  0]LogRHI: Texture pool is 2837 MB (70% of 4053 MB)
[2020.11.17-06.42.55:043][  0]LogD3D11RHI: RHI has support for 64 bit atomics
[2020.11.17-06.42.55:044][  0]LogD3D11RHI: [Aftermath] Enabled and primed
[2020.11.17-06.42.55:044][  0]LogD3D11RHI: Async texture creation enabled
[2020.11.17-06.42.55:044][  0]LogD3D11RHI: Array index from any shader is supported
[2020.11.17-06.42.55:047][  0]LogD3D11RHI: HDR output is supported on display 1 (NvId: 0x80061081).
[2020.11.17-06.42.55:060][  0]LogD3D11RHI: GPU Timing Frequency: 1000.000000 (Debug: 2 1)
[2020.11.17-06.42.55:325][  0]LogTargetPlatformManager: Display: Loaded TargetPlatform 'AllDesktop'
[2020.11.17-06.42.55:345][  0]LogTargetPlatformManager: Display: Loaded TargetPlatform 'Android'
[2020.11.17-06.42.55:345][  0]LogTargetPlatformManager: Display: Loaded TargetPlatform 'Android_ASTC'
[2020.11.17-06.42.55:345][  0]LogTargetPlatformManager: Display: Loaded TargetPlatform 'Android_DXT'
[2020.11.17-06.42.55:345][  0]LogTargetPlatformManager: Display: Loaded TargetPlatform 'Android_ETC2'
[2020.11.17-06.42.55:345][  0]LogTargetPlatformManager: Display: Loaded TargetPlatform 'AndroidClient'
[2020.11.17-06.42.55:345][  0]LogTargetPlatformManager: Display: Loaded TargetPlatform 'Android_ASTCClient'
[2020.11.17-06.42.55:345][  0]LogTargetPlatformManager: Display: Loaded TargetPlatform 'Android_DXTClient'
[2020.11.17-06.42.55:345][  0]LogTargetPlatformManager: Display: Loaded TargetPlatform 'Android_ETC2Client'
[2020.11.17-06.42.55:345][  0]LogTargetPlatformManager: Display: Loaded TargetPlatform 'Android_Multi'
[2020.11.17-06.42.55:345][  0]LogTargetPlatformManager: Display: Loaded TargetPlatform 'Android_MultiClient'
[2020.11.17-06.42.55:365][  0]LogTargetPlatformManager: Display: Loaded TargetPlatform 'IOSClient'
[2020.11.17-06.42.55:365][  0]LogTargetPlatformManager: Display: Loaded TargetPlatform 'IOS'
[2020.11.17-06.42.55:374][  0]LogTargetPlatformManager: Display: Loaded TargetPlatform 'Linux'
[2020.11.17-06.42.55:382][  0]LogTargetPlatformManager: Display: Loaded TargetPlatform 'LinuxNoEditor'
[2020.11.17-06.42.55:390][  0]LogTargetPlatformManager: Display: Loaded TargetPlatform 'LinuxClient'
[2020.11.17-06.42.55:398][  0]LogTargetPlatformManager: Display: Loaded TargetPlatform 'LinuxServer'
[2020.11.17-06.42.55:406][  0]LogTargetPlatformManager: Display: Loaded TargetPlatform 'LinuxAArch64NoEditor'
[2020.11.17-06.42.55:415][  0]LogTargetPlatformManager: Display: Loaded TargetPlatform 'LinuxAArch64Client'
[2020.11.17-06.42.55:423][  0]LogTargetPlatformManager: Display: Loaded TargetPlatform 'LinuxAArch64Server'
[2020.11.17-06.42.55:446][  0]LogTargetPlatformManager: Display: Loaded TargetPlatform 'Lumin'
[2020.11.17-06.42.55:446][  0]LogTargetPlatformManager: Display: Loaded TargetPlatform 'LuminClient'
[2020.11.17-06.42.55:460][  0]LogTargetPlatformManager: Display: Loaded TargetPlatform 'TVOSClient'
[2020.11.17-06.42.55:460][  0]LogTargetPlatformManager: Display: Loaded TargetPlatform 'TVOS'
[2020.11.17-06.42.55:468][  0]LogTargetPlatformManager: Display: Loaded TargetPlatform 'WindowsNoEditor'
[2020.11.17-06.42.55:476][  0]LogTargetPlatformManager: Display: Loaded TargetPlatform 'Windows'
[2020.11.17-06.42.55:484][  0]LogTargetPlatformManager: Display: Loaded TargetPlatform 'WindowsClient'
[2020.11.17-06.42.55:491][  0]LogTargetPlatformManager: Display: Loaded TargetPlatform 'WindowsServer'
[2020.11.17-06.42.55:491][  0]LogTargetPlatformManager: Display: Building Assets For Windows
[2020.11.17-06.42.55:498][  0]LogAudioDebug: Display: Lib vorbis DLL was dynamically loaded.
[2020.11.17-06.42.55:546][  0]LogShaderCompilers: Guid format shader working directory is -18 characters bigger than the processId version (../../../../../../../Unreal Projects/Carnival/Carnival/Carnival/Intermediate/Shaders/WorkingDirectory/17708/).
[2020.11.17-06.42.55:547][  0]LogShaderCompilers: Cleaned the shader compiler working directory 'C:/Users/Eliah/AppData/Local/Temp/UnrealShaderWorkingDir/B02B008547F27219933DDCB51867AD14/'.
[2020.11.17-06.42.55:547][  0]LogXGEController: Cannot use XGE Controller as Incredibuild is not installed on this machine.
[2020.11.17-06.42.55:547][  0]LogShaderCompilers: Cannot use XGE Shader Compiler as Incredibuild is not installed on this machine.
[2020.11.17-06.42.55:547][  0]LogShaderCompilers: Display: Using Local Shader Compiler.
[2020.11.17-06.42.57:566][  0]LogDerivedDataCache: Display: Max Cache Size: 512 MB
[2020.11.17-06.42.57:612][  0]LogDerivedDataCache: Loaded boot cache 0.05s 76MB C:/Users/Eliah/AppData/Local/UnrealEngine/4.25/DerivedDataCache/Boot.ddc.
[2020.11.17-06.42.57:612][  0]LogDerivedDataCache: Display: Loaded Boot cache: C:/Users/Eliah/AppData/Local/UnrealEngine/4.25/DerivedDataCache/Boot.ddc
[2020.11.17-06.42.57:612][  0]LogDerivedDataCache: FDerivedDataBackendGraph:  Pak pak cache file ../../../../../../../Unreal Projects/Carnival/Carnival/Carnival/DerivedDataCache/DDC.ddp not found, will not use a pak cache.
[2020.11.17-06.42.57:612][  0]LogDerivedDataCache: Unable to find inner node Pak for hierarchical cache Hierarchy.
[2020.11.17-06.42.57:612][  0]LogDerivedDataCache: FDerivedDataBackendGraph:  CompressedPak pak cache file ../../../../../../../Unreal Projects/Carnival/Carnival/Carnival/DerivedDataCache/Compressed.ddp not found, will not use a pak cache.
[2020.11.17-06.42.57:612][  0]LogDerivedDataCache: Unable to find inner node CompressedPak for hierarchical cache Hierarchy.
[2020.11.17-06.42.57:621][  0]LogDerivedDataCache: Display: Pak cache opened for reading ../../../Engine/DerivedDataCache/Compressed.ddp.
[2020.11.17-06.42.57:621][  0]LogDerivedDataCache: FDerivedDataBackendGraph:  EnterprisePak pak cache file ../../../Enterprise/DerivedDataCache/Compressed.ddp not found, will not use a pak cache.
[2020.11.17-06.42.57:621][  0]LogDerivedDataCache: Unable to find inner node EnterprisePak for hierarchical cache Hierarchy.
[2020.11.17-06.42.57:622][  0]LogDerivedDataCache: Using Local data cache path C:/Users/Eliah/AppData/Local/UnrealEngine/Common/DerivedDataCache: Writable
[2020.11.17-06.42.57:622][  0]LogDerivedDataCache: Shared data cache path not found in *engine.ini, will not use an Shared cache.
[2020.11.17-06.42.57:622][  0]LogDerivedDataCache: Unable to find inner node Shared for hierarchical cache Hierarchy.
[2020.11.17-06.42.57:664][  0]LogSlate: Using FreeType 2.10.0
[2020.11.17-06.42.57:665][  0]LogSlate: SlateFontServices - WITH_FREETYPE: 1, WITH_HARFBUZZ: 1
[2020.11.17-06.42.57:686][  0]LogAssetRegistry: FAssetRegistry took 0.0021 seconds to start up
[2020.11.17-06.42.57:873][  0]LogInit: Selected Device Profile: [Windows]
[2020.11.17-06.42.57:965][  0]LogMeshReduction: Using QuadricMeshReduction for automatic static mesh reduction
[2020.11.17-06.42.57:965][  0]LogMeshReduction: Using SimplygonMeshReduction for automatic skeletal mesh reduction
[2020.11.17-06.42.57:965][  0]LogMeshReduction: Using ProxyLODMeshReduction for automatic mesh merging
[2020.11.17-06.42.57:965][  0]LogMeshReduction: No distributed automatic mesh merging module available
[2020.11.17-06.42.57:965][  0]LogMeshMerging: No distributed automatic mesh merging module available
[2020.11.17-06.42.57:979][  0]LogNetVersion: Carnival 1.0.0, NetCL: 13144385, EngineNetVer: 14, GameNetVer: 0 (Checksum: 1692073643)
[2020.11.17-06.42.58:321][  0]LogAISub: UAISubsystem::UAISubsystem AISubsystem (00000279944A1380), frame # 0
[2020.11.17-06.42.58:321][  0]LogAISub: UAISubsystem::UAISubsystem AIPerceptionSystem (00000279943E6AC0), frame # 0
[2020.11.17-06.42.58:322][  0]LogAISub: UAISubsystem::UAISubsystem EnvQueryManager (0000027994435E00), frame # 0
[2020.11.17-06.42.58:367][  0]LogPackageLocalizationCache: Processed 19 localized package path(s) for 1 prioritized culture(s) in 0.040508 seconds
[2020.11.17-06.42.58:371][  0]LogUObjectArray: 15917 objects as part of root set at end of initial load.
[2020.11.17-06.42.58:371][  0]LogUObjectAllocator: 3965568 out of 0 bytes used by permanent object pool.
[2020.11.17-06.42.58:371][  0]LogUObjectArray: CloseDisregardForGC: 0/0 objects in disregard for GC pool
[2020.11.17-06.42.58:638][  0]LogTcpMessaging: Initializing TcpMessaging bridge
[2020.11.17-06.42.58:641][  0]LogUdpMessaging: Initializing bridge on interface 0.0.0.0:0 to multicast group 230.0.0.1:6666.
[2020.11.17-06.42.58:709][  0]SourceControl: Source control is disabled
[2020.11.17-06.42.58:709][  0]SourceControl: Source control is disabled
[2020.11.17-06.42.58:711][  0]SourceControl: Source control is disabled
[2020.11.17-06.42.58:714][  0]SourceControl: Source control is disabled
[2020.11.17-06.42.58:720][  0]SourceControl: Source control is disabled
[2020.11.17-06.42.58:915][  0]LogAndroidPermission: UAndroidPermissionCallbackProxy::GetInstance
[2020.11.17-06.42.58:931][  0]LogAudioCaptureCore: Display: No Audio Capture implementations found. Audio input will be silent.
[2020.11.17-06.42.58:931][  0]LogAudioCaptureCore: Display: No Audio Capture implementations found. Audio input will be silent.
[2020.11.17-06.42.58:970][  0]LogOcInput: OculusInput pre-init called
[2020.11.17-06.42.58:980][  0]LogWindows: Failed to load 'OVRPlugin.dll' (GetLastError=126)
[2020.11.17-06.42.58:980][  0]LogWindows: File 'OVRPlugin.dll' does not exist
[2020.11.17-06.42.59:030][  0]LogEngine: Initializing Engine...
[2020.11.17-06.42.59:031][  0]LogHMD: Failed to initialize OpenVR with code 110
[2020.11.17-06.42.59:031][  0]LogMagicLeap: Warning: VR disabled because ZI is not enabled.  To enable, in the editor, Edit -> Project Settings -> Plugins -> Magic Leap Plugin -> Enable Zero Iteration
[2020.11.17-06.42.59:032][  0]LogStats: UGameplayTagsManager::InitializeManager -  0.000 s
[2020.11.17-06.42.59:126][  0]LogInit: Initializing FReadOnlyCVARCache
[2020.11.17-06.42.59:132][  0]LogAIModule: Creating AISystem for world Untitled
[2020.11.17-06.42.59:132][  0]LogAISub: UAISubsystem::UAISubsystem EnvQueryManager (000002799A957C00), frame # 0
[2020.11.17-06.42.59:132][  0]LogAISub: UAISubsystem::UAISubsystem AIPerceptionSystem (000002799A9B96C0), frame # 0
[2020.11.17-06.42.59:149][  0]LogAudioMixer: Display: Audio Mixer Platform Settings:
[2020.11.17-06.42.59:149][  0]LogAudioMixer: Display: 	Sample Rate:						  48000
[2020.11.17-06.42.59:149][  0]LogAudioMixer: Display: 	Callback Buffer Frame Size Requested: 1024
[2020.11.17-06.42.59:149][  0]LogAudioMixer: Display: 	Callback Buffer Frame Size To Use:	  1024
[2020.11.17-06.42.59:149][  0]LogAudioMixer: Display: 	Number of buffers to queue:			  2
[2020.11.17-06.42.59:149][  0]LogAudioMixer: Display: 	Max Channels (voices):				  32
[2020.11.17-06.42.59:149][  0]LogAudioMixer: Display: 	Number of Async Source Workers:		  0
[2020.11.17-06.42.59:149][  0]LogAudio: Display: AudioDevice MaxSources: 32
[2020.11.17-06.42.59:149][  0]LogAudio: Display: Using built-in audio occlusion.
[2020.11.17-06.42.59:149][  0]LogAudioMixer: Display: Initializing audio mixer.
[2020.11.17-06.42.59:171][  0]LogAudioMixer: Display: 0: FrontLeft
[2020.11.17-06.42.59:171][  0]LogAudioMixer: Display: 1: FrontRight
[2020.11.17-06.42.59:217][  0]LogAudioMixer: Display: Using Audio Device Headphones (Xbox Controller)
[2020.11.17-06.42.59:219][  0]LogAudioMixer: Display: Initializing Sound Submixes...
[2020.11.17-06.42.59:220][  0]LogAudioMixer: Display: Creating Master Submix 'MasterSubmixDefault'
[2020.11.17-06.42.59:220][  0]LogAudioMixer: Display: Creating Master Submix 'MasterReverbSubmixDefault'
[2020.11.17-06.42.59:221][  0]LogAudioMixer: Display: Creating Master Submix 'MasterEQSubmixDefault'
[2020.11.17-06.42.59:222][  0]LogInit: FAudioDevice initialized.
[2020.11.17-06.42.59:222][  0]LogNetVersion: Set ProjectVersion to 1.0.0.0. Version Checksum will be recalculated on next use.
[2020.11.17-06.42.59:312][  0]LogDerivedDataCache: Saved boot cache 0.09s 76MB C:/Users/Eliah/AppData/Local/UnrealEngine/4.25/DerivedDataCache/Boot.ddc.
[2020.11.17-06.42.59:313][  0]LogInit: Texture streaming: Enabled
[2020.11.17-06.42.59:328][  0]LogEngineSessionManager: EngineSessionManager initialized
[2020.11.17-06.42.59:328][  0]LogEditorSessionSummary: Verbose: Initializing EditorSessionSummaryWriter for editor session tracking
[2020.11.17-06.42.59:338][  0]LogEditorSessionSummary: EditorSessionSummaryWriter initialized
[2020.11.17-06.42.59:396][  0]LogInit: Transaction tracking system initialized
[2020.11.17-06.42.59:413][  0]BlueprintLog: New page: Editor Load
[2020.11.17-06.42.59:470][  0]LocalizationService: Localization service is disabled
[2020.11.17-06.42.59:588][  0]LogCook: Display: Max memory allowance for cook 16384mb min free memory 0mb
[2020.11.17-06.42.59:588][  0]LogCook: Display: Mobile HDR setting 1
[2020.11.17-06.42.59:700][  0]LogFileCache: Scanning file cache for directory 'D:/Unreal Projects/Carnival/Carnival/Carnival/Content/' took 0.01s
[2020.11.17-06.42.59:896][  0]SourceControl: Source control is disabled
[2020.11.17-06.42.59:896][  0]LogUnrealEdMisc: Loading editor; pre map load, took 7.435
[2020.11.17-06.42.59:896][  0]Cmd: MAP LOAD FILE="../../../../../../../Unreal Projects/Carnival/Carnival/Carnival/Content/FirstPersonBP/Maps/MainMenu.umap" TEMPLATE=0 SHOWPROGRESS=1 FEATURELEVEL=3
[2020.11.17-06.42.59:896][  0]LightingResults: New page: Lighting Build
[2020.11.17-06.42.59:897][  0]LogWorld: UWorld::CleanupWorld for Untitled, bSessionEnded=true, bCleanupResources=true
[2020.11.17-06.42.59:897][  0]LogSlate: InvalidateAllWidgets triggered.  All widgets were invalidated
[2020.11.17-06.42.59:897][  0]MapCheck: New page: Map Check
[2020.11.17-06.42.59:897][  0]LightingResults: New page: Lighting Build
[2020.11.17-06.42.59:904][  0]LogAISub: UAISubsystem::~UAISubsystem EnvQueryManager (000002799A957C00), frame # 0
[2020.11.17-06.42.59:904][  0]LogAISub: UAISubsystem::~UAISubsystem AIPerceptionSystem (000002799A9B96C0), frame # 0
[2020.11.17-06.42.59:905][  0]LogUObjectHash: Compacting FUObjectHashTables data took   0.62ms
[2020.11.17-06.42.59:919][  0]LogAIModule: Creating AISystem for world MainMenu
[2020.11.17-06.42.59:919][  0]LogAISub: UAISubsystem::UAISubsystem EnvQueryManager (0000027989933E00), frame # 0
[2020.11.17-06.42.59:919][  0]LogAISub: UAISubsystem::UAISubsystem AIPerceptionSystem (0000027988D65E40), frame # 0
[2020.11.17-06.42.59:919][  0]LogEditorServer: Finished looking for orphan Actors (0.000 secs)
[2020.11.17-06.42.59:927][  0]LogUObjectHash: Compacting FUObjectHashTables data took   0.66ms
[2020.11.17-06.42.59:927][  0]Cmd: MAP CHECKDEP NOCLEARLOG
[2020.11.17-06.42.59:928][  0]MapCheck: Map check complete: 0 Error(s), 0 Warning(s), took 0.103ms to complete.
[2020.11.17-06.42.59:928][  0]LogFileHelpers: Loading map 'MainMenu' took 0.032
[2020.11.17-06.42.59:929][  0]LogUnrealEdMisc: Total Editor Startup Time, took 7.468
[2020.11.17-06.43.00:064][  0]LogSlate: Updating window title bar state: overlay mode, drag disabled, window buttons hidden, title bar hidden
[2020.11.17-06.43.00:070][  0]LogSlate: Updating window title bar state: overlay mode, drag disabled, window buttons hidden, title bar hidden
[2020.11.17-06.43.00:076][  0]LogSlate: Updating window title bar state: overlay mode, drag disabled, window buttons hidden, title bar hidden
[2020.11.17-06.43.00:082][  0]LogSlate: Updating window title bar state: overlay mode, drag disabled, window buttons hidden, title bar hidden
[2020.11.17-06.43.00:137][  0]LogSlate: Took 0.000208 seconds to synchronously load lazily loaded font '../../../Engine/Content/Slate/Fonts/Roboto-Regular.ttf' (155K)
[2020.11.17-06.43.00:139][  0]LogSlate: Took 0.000208 seconds to synchronously load lazily loaded font '../../../Engine/Content/Slate/Fonts/Roboto-Bold.ttf' (160K)
[2020.11.17-06.43.00:210][  0]LogRenderer: Reallocating scene render targets to support 1740x924 Format 10 NumSamples 1 (Frame:1).
[2020.11.17-06.43.00:294][  0]LogLoad: (Engine Initialization) Total time: 7.83 seconds
[2020.11.17-06.43.00:294][  0]LogLoad: (Engine Initialization) Total Blueprint compile time: 0.00 seconds
[2020.11.17-06.43.00:445][  0]LogAssetRegistry: Asset discovery search completed in 2.7599 seconds
[2020.11.17-06.43.00:454][  0]LogCollectionManager: Loaded 0 collections in 0.001031 seconds
[2020.11.17-06.43.00:455][  0]LogCollectionManager: Fixed up redirectors for 0 collections in 0.000003 seconds (updated 0 objects)
[2020.11.17-06.43.00:456][  0]LogContentStreaming: Texture pool size now 1000 MB
[2020.11.17-06.43.00:844][ 45]LogFileCache: Scanning file cache for directory 'D:/Unreal Projects/Carnival/Carnival/Carnival/Saved/Collections/' took 0.39s
[2020.11.17-06.43.00:845][ 45]LogFileCache: Scanning file cache for directory 'D:/Unreal Projects/Carnival/Carnival/Carnival/Content/Developers/Eliah/Collections/' took 0.39s
[2020.11.17-06.43.00:845][ 45]LogFileCache: Scanning file cache for directory 'D:/Unreal Projects/Carnival/Carnival/Carnival/Content/Collections/' took 0.39s
[2020.11.17-06.43.03:327][324]LogContentBrowser: Native class hierarchy populated in 0.0093 seconds. Added 3427 classes and 821 folders.
[2020.11.17-06.43.03:372][324]LogSlate: Took 0.000247 seconds to synchronously load lazily loaded font '../../../Engine/Content/Slate/Fonts/Roboto-Light.ttf' (167K)
[2020.11.17-06.43.05:479][555]LogFileCache: Retrieving MD5 hashes for directory 'D:/Unreal Projects/Carnival/Carnival/Carnival/Content/' took 5.06s
[2020.11.17-06.43.05:864][600]LogUObjectHash: Compacting FUObjectHashTables data took   0.50ms
[2020.11.17-06.43.05:865][600]Cmd: MAP LOAD FILE="../../../../../../../Unreal Projects/Carnival/Carnival/Carnival/Content/FirstPersonBP/Maps/RollerCoasterMap.umap" TEMPLATE=0 SHOWPROGRESS=1 FEATURELEVEL=3
[2020.11.17-06.43.05:869][600]LogSlate: Took 0.000275 seconds to synchronously load lazily loaded font '../../../Engine/Content/Slate/Fonts/Roboto-Light.ttf' (167K)
[2020.11.17-06.43.05:893][600]LightingResults: New page: Lighting Build
[2020.11.17-06.43.05:893][600]LoadErrors: New page: Loading map: RollerCoasterMap.umap
[2020.11.17-06.43.05:918][600]LogWorld: UWorld::CleanupWorld for MainMenu, bSessionEnded=true, bCleanupResources=true
[2020.11.17-06.43.05:918][600]LogSlate: InvalidateAllWidgets triggered.  All widgets were invalidated
[2020.11.17-06.43.05:918][600]MapCheck: New page: Map Check
[2020.11.17-06.43.05:918][600]LightingResults: New page: Lighting Build
[2020.11.17-06.43.05:925][600]LogAISub: UAISubsystem::~UAISubsystem EnvQueryManager (0000027989933E00), frame # 600
[2020.11.17-06.43.05:925][600]LogAISub: UAISubsystem::~UAISubsystem AIPerceptionSystem (0000027988D65E40), frame # 600
[2020.11.17-06.43.05:926][600]LogUObjectHash: Compacting FUObjectHashTables data took   0.60ms
[2020.11.17-06.43.06:582][600]LogAIModule: Creating AISystem for world RollerCoasterMap
[2020.11.17-06.43.06:582][600]LogAISub: UAISubsystem::UAISubsystem EnvQueryManager (00000279AAA24400), frame # 600
[2020.11.17-06.43.06:582][600]LogAISub: UAISubsystem::UAISubsystem AIPerceptionSystem (0000027A1C3BFD80), frame # 600
[2020.11.17-06.43.06:590][600]LogEditorServer: Finished looking for orphan Actors (0.000 secs)
[2020.11.17-06.43.06:605][600]LogUObjectHash: Compacting FUObjectHashTables data took   0.88ms
[2020.11.17-06.43.06:635][600]Cmd: MAP CHECKDEP NOCLEARLOG
[2020.11.17-06.43.06:635][600]MapCheck: Map check complete: 0 Error(s), 0 Warning(s), took 0.088ms to complete.
[2020.11.17-06.43.06:635][600]LogFileHelpers: Loading map 'RollerCoasterMap' took 0.770
[2020.11.17-06.43.06:635][600]LogSlate: Window 'Open Level' being destroyed
[2020.11.17-06.43.16:551][751]LogAssetEditorSubsystem: Opening Asset editor for Blueprint /Game/FirstPersonBP/Blueprints/Kart.Kart
[2020.11.17-06.43.16:760][751]LogContentBrowser: Native class hierarchy updated for 'BlueprintGraph' in 0.0005 seconds. Added 125 classes and 0 folders.
[2020.11.17-06.43.17:548][751]LogSlate: Took 0.000228 seconds to synchronously load lazily loaded font '../../../Engine/Content/Editor/Slate/Fonts/FontAwesome.ttf' (139K)
[2020.11.17-06.43.17:549][751]LogSlate: Took 0.000138 seconds to synchronously load lazily loaded font '../../../Engine/Content/Slate/Fonts/Roboto-BoldCondensed.ttf' (158K)
[2020.11.17-06.43.17:601][752]LogSlate: Took 0.000295 seconds to synchronously load lazily loaded font '../../../Engine/Content/Slate/Fonts/Roboto-Italic.ttf' (157K)
[2020.11.17-06.44.39:443][800]BlueprintLog: New page: Compile Kart
[2020.11.17-06.44.39:486][800]LogUObjectHash: Compacting FUObjectHashTables data took   1.78ms
[2020.11.17-06.44.39:526][800]LogSlate: Took 0.000153 seconds to synchronously load lazily loaded font '../../../Engine/Content/Slate/Fonts/DroidSansMono.ttf' (77K)
[2020.11.17-06.44.40:532][880]LogTemp: Repeating last play command: New Editor Window (PIE)
[2020.11.17-06.44.40:550][880]LogPlayLevel: PlayLevel: No blueprints needed recompiling
[2020.11.17-06.44.40:550][880]PIE: New page: PIE session: RollerCoasterMap (18 Nov 2020, 3:44:40 am)
[2020.11.17-06.44.40:551][880]LogOnline: OSS: Creating online subsystem instance for: NULL
[2020.11.17-06.44.40:552][880]LogOnline: OSS: TryLoadSubsystemAndSetDefault: Loaded subsystem for module [NULL]
[2020.11.17-06.44.40:552][880]LogPlayLevel: Creating play world package: /Game/FirstPersonBP/Maps/UEDPIE_0_RollerCoasterMap
[2020.11.17-06.44.40:558][880]LogPlayLevel: PIE: StaticDuplicateObject took: (0.006224s)
[2020.11.17-06.44.40:559][880]LogAIModule: Creating AISystem for world RollerCoasterMap
[2020.11.17-06.44.40:560][880]LogAISub: UAISubsystem::UAISubsystem EnvQueryManager (0000027A3B313E00), frame # 8880
[2020.11.17-06.44.40:560][880]LogAISub: UAISubsystem::UAISubsystem AIPerceptionSystem (0000027A3D3FD940), frame # 8880
[2020.11.17-06.44.40:560][880]LogPlayLevel: PIE: World Init took: (0.001415s)
[2020.11.17-06.44.40:560][880]LogPlayLevel: PIE: Created PIE world by copying editor world from /Game/FirstPersonBP/Maps/RollerCoasterMap.RollerCoasterMap to /Game/FirstPersonBP/Maps/UEDPIE_0_RollerCoasterMap.RollerCoasterMap (0.007800s)
[2020.11.17-06.44.40:577][880]LogUObjectHash: Compacting FUObjectHashTables data took   2.07ms
[2020.11.17-06.44.40:579][880]LogAudioMixer: Display: Audio Mixer Platform Settings:
[2020.11.17-06.44.40:579][880]LogAudioMixer: Display: 	Sample Rate:						  48000
[2020.11.17-06.44.40:579][880]LogAudioMixer: Display: 	Callback Buffer Frame Size Requested: 1024
[2020.11.17-06.44.40:579][880]LogAudioMixer: Display: 	Callback Buffer Frame Size To Use:	  1024
[2020.11.17-06.44.40:579][880]LogAudioMixer: Display: 	Number of buffers to queue:			  2
[2020.11.17-06.44.40:579][880]LogAudioMixer: Display: 	Max Channels (voices):				  32
[2020.11.17-06.44.40:579][880]LogAudioMixer: Display: 	Number of Async Source Workers:		  0
[2020.11.17-06.44.40:579][880]LogAudio: Display: AudioDevice MaxSources: 32
[2020.11.17-06.44.40:579][880]LogAudio: Display: Using built-in audio occlusion.
[2020.11.17-06.44.40:579][880]LogAudioMixer: Display: Initializing audio mixer.
[2020.11.17-06.44.40:584][880]LogAudioMixer: Display: 0: FrontLeft
[2020.11.17-06.44.40:584][880]LogAudioMixer: Display: 1: FrontRight
[2020.11.17-06.44.40:599][880]LogAudioMixer: Display: Using Audio Device Headphones (Xbox Controller)
[2020.11.17-06.44.40:599][880]LogAudioMixer: Display: Initializing Sound Submixes...
[2020.11.17-06.44.40:599][880]LogAudioMixer: Display: Creating Master Submix 'MasterSubmixDefault'
[2020.11.17-06.44.40:599][880]LogAudioMixer: Display: Creating Master Submix 'MasterReverbSubmixDefault'
[2020.11.17-06.44.40:600][880]LogAudioMixer: Display: Creating Master Submix 'MasterEQSubmixDefault'
[2020.11.17-06.44.40:608][880]LogInit: FAudioDevice initialized.
[2020.11.17-06.44.40:642][880]LogSlate: Updating window title bar state: overlay mode, drag disabled, window buttons hidden, title bar hidden
[2020.11.17-06.44.40:652][880]LogLoad: Game class is 'FirstPersonGameMode_C'
[2020.11.17-06.44.40:655][880]LogWorld: Bringing World /Game/FirstPersonBP/Maps/UEDPIE_0_RollerCoasterMap.RollerCoasterMap up for play (max tick rate 0) at 2020.11.17-17.14.40
[2020.11.17-06.44.40:656][880]LogWorld: Bringing up level for play took: 0.003082
[2020.11.17-06.44.40:656][880]LogOnline: OSS: Creating online subsystem instance for: :Context_2
[2020.11.17-06.44.40:658][880]LogGameMode: FindPlayerStart: PATHS NOT DEFINED or NO PLAYERSTART with positive rating
[2020.11.17-06.44.40:668][880]LogContentBrowser: Native class hierarchy updated for 'MovieSceneCapture' in 0.0003 seconds. Added 20 classes and 0 folders.
[2020.11.17-06.44.40:672][880]PIE: Server logged in
[2020.11.17-06.44.40:673][880]PIE: Play in editor total start time 0.129 seconds.
[2020.11.17-06.44.49:194][438]LogSlate: Updating window title bar state: overlay mode, drag disabled, window buttons hidden, title bar hidden
[2020.11.17-06.44.49:194][438]LogWorld: BeginTearingDown for /Game/FirstPersonBP/Maps/UEDPIE_0_RollerCoasterMap
[2020.11.17-06.44.49:195][438]LogSlate: Window 'Carnival Preview [NetMode: Standalone] (64-bit/Windows) ' being destroyed
[2020.11.17-06.44.49:204][438]LogWorld: UWorld::CleanupWorld for RollerCoasterMap, bSessionEnded=true, bCleanupResources=true
[2020.11.17-06.44.49:205][438]LogSlate: InvalidateAllWidgets triggered.  All widgets were invalidated
[2020.11.17-06.44.49:215][438]LogPlayLevel: Display: Shutting down PIE online subsystems
[2020.11.17-06.44.49:220][438]LogSlate: InvalidateAllWidgets triggered.  All widgets were invalidated
[2020.11.17-06.44.49:259][438]LogAISub: UAISubsystem::~UAISubsystem AIPerceptionSystem (0000027A3D3FD940), frame # 9438
[2020.11.17-06.44.49:259][438]LogAISub: UAISubsystem::~UAISubsystem EnvQueryManager (0000027A3B313E00), frame # 9438
[2020.11.17-06.44.49:278][438]LogUObjectHash: Compacting FUObjectHashTables data took   3.23ms
[2020.11.17-06.44.49:326][439]LogPlayLevel: Display: Destroying online subsystem :Context_2
[2020.11.17-06.45.20:562][462]LogTemp: Repeating last play command: New Editor Window (PIE)
[2020.11.17-06.45.20:579][462]LogPlayLevel: PlayLevel: No blueprints needed recompiling
[2020.11.17-06.45.20:579][462]PIE: New page: PIE session: RollerCoasterMap (18 Nov 2020, 3:45:20 am)
[2020.11.17-06.45.20:579][462]LogPlayLevel: Creating play world package: /Game/FirstPersonBP/Maps/UEDPIE_0_RollerCoasterMap
[2020.11.17-06.45.20:585][462]LogPlayLevel: PIE: StaticDuplicateObject took: (0.005383s)
[2020.11.17-06.45.20:585][462]LogAIModule: Creating AISystem for world RollerCoasterMap
[2020.11.17-06.45.20:585][462]LogAISub: UAISubsystem::UAISubsystem EnvQueryManager (00000279C0D92600), frame # 11462
[2020.11.17-06.45.20:585][462]LogAISub: UAISubsystem::UAISubsystem AIPerceptionSystem (0000027A2718FB00), frame # 11462
[2020.11.17-06.45.20:586][462]LogPlayLevel: PIE: World Init took: (0.001039s)
[2020.11.17-06.45.20:586][462]LogPlayLevel: PIE: Created PIE world by copying editor world from /Game/FirstPersonBP/Maps/RollerCoasterMap.RollerCoasterMap to /Game/FirstPersonBP/Maps/UEDPIE_0_RollerCoasterMap.RollerCoasterMap (0.006523s)
[2020.11.17-06.45.20:613][462]LogUObjectHash: Compacting FUObjectHashTables data took   2.68ms
[2020.11.17-06.45.20:615][462]LogAudioMixer: Display: Audio Mixer Platform Settings:
[2020.11.17-06.45.20:615][462]LogAudioMixer: Display: 	Sample Rate:						  48000
[2020.11.17-06.45.20:615][462]LogAudioMixer: Display: 	Callback Buffer Frame Size Requested: 1024
[2020.11.17-06.45.20:615][462]LogAudioMixer: Display: 	Callback Buffer Frame Size To Use:	  1024
[2020.11.17-06.45.20:615][462]LogAudioMixer: Display: 	Number of buffers to queue:			  2
[2020.11.17-06.45.20:615][462]LogAudioMixer: Display: 	Max Channels (voices):				  32
[2020.11.17-06.45.20:615][462]LogAudioMixer: Display: 	Number of Async Source Workers:		  0
[2020.11.17-06.45.20:615][462]LogAudio: Display: AudioDevice MaxSources: 32
[2020.11.17-06.45.20:616][462]LogAudio: Display: Using built-in audio occlusion.
[2020.11.17-06.45.20:616][462]LogAudioMixer: Display: Initializing audio mixer.
[2020.11.17-06.45.20:620][462]LogAudioMixer: Display: 0: FrontLeft
[2020.11.17-06.45.20:620][462]LogAudioMixer: Display: 1: FrontRight
[2020.11.17-06.45.20:635][462]LogAudioMixer: Display: Using Audio Device Headphones (Xbox Controller)
[2020.11.17-06.45.20:636][462]LogAudioMixer: Display: Initializing Sound Submixes...
[2020.11.17-06.45.20:636][462]LogAudioMixer: Display: Creating Master Submix 'MasterSubmixDefault'
[2020.11.17-06.45.20:636][462]LogAudioMixer: Display: Creating Master Submix 'MasterReverbSubmixDefault'
[2020.11.17-06.45.20:636][462]LogAudioMixer: Display: Creating Master Submix 'MasterEQSubmixDefault'
[2020.11.17-06.45.20:645][462]LogInit: FAudioDevice initialized.
[2020.11.17-06.45.20:689][462]LogSlate: Updating window title bar state: overlay mode, drag disabled, window buttons hidden, title bar hidden
[2020.11.17-06.45.20:689][462]LogLoad: Game class is 'FirstPersonGameMode_C'
[2020.11.17-06.45.20:692][462]LogWorld: Bringing World /Game/FirstPersonBP/Maps/UEDPIE_0_RollerCoasterMap.RollerCoasterMap up for play (max tick rate 0) at 2020.11.17-17.15.20
[2020.11.17-06.45.20:692][462]LogWorld: Bringing up level for play took: 0.002371
[2020.11.17-06.45.20:692][462]LogOnline: OSS: Creating online subsystem instance for: :Context_4
[2020.11.17-06.45.20:694][462]LogGameMode: FindPlayerStart: PATHS NOT DEFINED or NO PLAYERSTART with positive rating
[2020.11.17-06.45.20:696][462]PIE: Server logged in
[2020.11.17-06.45.20:697][462]PIE: Play in editor total start time 0.121 seconds.
[2020.11.17-06.45.20:733][462]LogOutputDevice: Warning: 

Script Stack (0 frames):

[2020.11.17-06.45.20:733][462]LogWindows: Windows GetLastError: The operation completed successfully. (0)
[2020.11.17-06.45.22:557][462]LogWindows: Error: === Critical error: ===
[2020.11.17-06.45.22:557][462]LogWindows: Error: 
[2020.11.17-06.45.22:557][462]LogWindows: Error: Assertion failed: EditingObjects.Num() > 0 [File:D:/Build/++UE4+Licensee/Sync/Engine/Source/Editor/UnrealEd/Private/Toolkits/AssetEditorToolkit.cpp] [Line: 497] 
[2020.11.17-06.45.22:557][462]LogWindows: Error: 
[2020.11.17-06.45.22:557][462]LogWindows: Error: 
[2020.11.17-06.45.22:557][462]LogWindows: Error: 
[2020.11.17-06.45.22:557][462]LogWindows: Error: [Callstack] 0x00007ffebbad3e49 KERNELBASE.dll!UnknownFunction []
[2020.11.17-06.45.22:557][462]LogWindows: Error: [Callstack] 0x00007ffe811fe9e6 UE4Editor-Core.dll!UnknownFunction []
[2020.11.17-06.45.22:557][462]LogWindows: Error: [Callstack] 0x00007ffe81201dc8 UE4Editor-Core.dll!UnknownFunction []
[2020.11.17-06.45.22:557][462]LogWindows: Error: [Callstack] 0x00007ffe80f8e53d UE4Editor-Core.dll!UnknownFunction []
[2020.11.17-06.45.22:557][462]LogWindows: Error: [Callstack] 0x00007ffe80f197b5 UE4Editor-Core.dll!UnknownFunction []
[2020.11.17-06.45.22:557][462]LogWindows: Error: [Callstack] 0x00007ffe80f1baf0 UE4Editor-Core.dll!UnknownFunction []
[2020.11.17-06.45.22:557][462]LogWindows: Error: [Callstack] 0x00007ffe572948c7 UE4Editor-UnrealEd.dll!UnknownFunction []
[2020.11.17-06.45.22:557][462]LogWindows: Error: [Callstack] 0x00007ffe54ba7f2e UE4Editor-PropertyEditor.dll!UnknownFunction []
[2020.11.17-06.45.22:557][462]LogWindows: Error: [Callstack] 0x00007ffe57281a0d UE4Editor-UnrealEd.dll!UnknownFunction []
[2020.11.17-06.45.22:557][462]LogWindows: Error: [Callstack] 0x00007ffe8093c446 UE4Editor-Slate.dll!UnknownFunction []
[2020.11.17-06.45.22:557][462]LogWindows: Error: [Callstack] 0x00007ffe8093083d UE4Editor-Slate.dll!UnknownFunction []
[2020.11.17-06.45.22:557][462]LogWindows: Error: [Callstack] 0x00007ffe808a1f2b UE4Editor-Slate.dll!UnknownFunction []
[2020.11.17-06.45.22:557][462]LogWindows: Error: [Callstack] 0x00007ffe80a295b1 UE4Editor-Slate.dll!UnknownFunction []
[2020.11.17-06.45.22:557][462]LogWindows: Error: [Callstack] 0x00007ffe80a2a0e0 UE4Editor-Slate.dll!UnknownFunction []
[2020.11.17-06.45.22:557][462]LogWindows: Error: [Callstack] 0x00007ffe848eafda UE4Editor-SlateCore.dll!UnknownFunction []
[2020.11.17-06.45.22:557][462]LogWindows: Error: [Callstack] 0x00007ffe84938c5a UE4Editor-SlateCore.dll!UnknownFunction []
[2020.11.17-06.45.22:557][462]LogWindows: Error: [Callstack] 0x00007ffe84938b57 UE4Editor-SlateCore.dll!UnknownFunction []
[2020.11.17-06.45.22:557][462]LogWindows: Error: [Callstack] 0x00007ffe84938b57 UE4Editor-SlateCore.dll!UnknownFunction []
[2020.11.17-06.45.22:557][462]LogWindows: Error: [Callstack] 0x00007ffe84938b57 UE4Editor-SlateCore.dll!UnknownFunction []
[2020.11.17-06.45.22:557][462]LogWindows: Error: [Callstack] 0x00007ffe84938b57 UE4Editor-SlateCore.dll!UnknownFunction []
[2020.11.17-06.45.22:557][462]LogWindows: Error: [Callstack] 0x00007ffe84938b57 UE4Editor-SlateCore.dll!UnknownFunction []
[2020.11.17-06.45.22:557][462]LogWindows: Error: [Callstack] 0x00007ffe84938b57 UE4Editor-SlateCore.dll!UnknownFunction []
[2020.11.17-06.45.22:557][462]LogWindows: Error: [Callstack] 0x00007ffe84938b57 UE4Editor-SlateCore.dll!UnknownFunction []
[2020.11.17-06.45.22:557][462]LogWindows: Error: [Callstack] 0x00007ffe84938b57 UE4Editor-SlateCore.dll!UnknownFunction []
[2020.11.17-06.45.22:557][462]LogWindows: Error: [Callstack] 0x00007ffe84938b57 UE4Editor-SlateCore.dll!UnknownFunction []
[2020.11.17-06.45.22:557][462]LogWindows: Error: [Callstack] 0x00007ffe84938b57 UE4Editor-SlateCore.dll!UnknownFunction []
[2020.11.17-06.45.22:557][462]LogWindows: Error: [Callstack] 0x00007ffe84938b57 UE4Editor-SlateCore.dll!UnknownFunction []
[2020.11.17-06.45.22:557][462]LogWindows: Error: [Callstack] 0x00007ffe84938b57 UE4Editor-SlateCore.dll!UnknownFunction []
[2020.11.17-06.45.22:557][462]LogWindows: Error: [Callstack] 0x00007ffe84938b57 UE4Editor-SlateCore.dll!UnknownFunction []
[2020.11.17-06.45.22:557][462]LogWindows: Error: [Callstack] 0x00007ffe84938b57 UE4Editor-SlateCore.dll!UnknownFunction []
[2020.11.17-06.45.22:557][462]LogWindows: Error: [Callstack] 0x00007ffe84938b57 UE4Editor-SlateCore.dll!UnknownFunction []
[2020.11.17-06.45.22:557][462]LogWindows: Error: [Callstack] 0x00007ffe84938b57 UE4Editor-SlateCore.dll!UnknownFunction []
[2020.11.17-06.45.22:557][462]LogWindows: Error: [Callstack] 0x00007ffe84938b57 UE4Editor-SlateCore.dll!UnknownFunction []
[2020.11.17-06.45.22:557][462]LogWindows: Error: [Callstack] 0x00007ffe84938b57 UE4Editor-SlateCore.dll!UnknownFunction []
[2020.11.17-06.45.22:557][462]LogWindows: Error: [Callstack] 0x00007ffe84938b57 UE4Editor-SlateCore.dll!UnknownFunction []
[2020.11.17-06.45.22:557][462]LogWindows: Error: [Callstack] 0x00007ffe8494463d UE4Editor-SlateCore.dll!UnknownFunction []
[2020.11.17-06.45.22:557][462]LogWindows: Error: [Callstack] 0x00007ffe807f880d UE4Editor-Slate.dll!UnknownFunction []
[2020.11.17-06.45.22:557][462]LogWindows: Error: [Callstack] 0x00007ffe807f88c0 UE4Editor-Slate.dll!UnknownFunction []
[2020.11.17-06.45.22:557][462]LogWindows: Error: [Callstack] 0x00007ffe807c959b UE4Editor-Slate.dll!UnknownFunction []
[2020.11.17-06.45.22:557][462]LogWindows: Error: [Callstack] 0x00007ffe807fa25a UE4Editor-Slate.dll!UnknownFunction []
[2020.11.17-06.45.22:557][462]LogWindows: Error: [Callstack] 0x00007ffe80820af0 UE4Editor-Slate.dll!UnknownFunction []
[2020.11.17-06.45.22:557][462]LogWindows: Error: [Callstack] 0x00007ffe80820024 UE4Editor-Slate.dll!UnknownFunction []
[2020.11.17-06.45.22:557][462]LogWindows: Error: [Callstack] 0x00007ff6de878735 UE4Editor.exe!UnknownFunction []
[2020.11.17-06.45.22:557][462]LogWindows: Error: [Callstack] 0x00007ff6de88ba7c UE4Editor.exe!UnknownFunction []
[2020.11.17-06.45.22:557][462]LogWindows: Error: [Callstack] 0x00007ff6de88bb5a UE4Editor.exe!UnknownFunction []
[2020.11.17-06.45.22:557][462]LogWindows: Error: [Callstack] 0x00007ff6de89e31d UE4Editor.exe!UnknownFunction []
[2020.11.17-06.45.22:557][462]LogWindows: Error: [Callstack] 0x00007ff6de8a145a UE4Editor.exe!UnknownFunction []
[2020.11.17-06.45.22:557][462]LogWindows: Error: [Callstack] 0x00007ffebc167034 KERNEL32.DLL!UnknownFunction []
[2020.11.17-06.45.22:557][462]LogWindows: Error: [Callstack] 0x00007ffebe01cec1 ntdll.dll!UnknownFunction []
[2020.11.17-06.45.22:557][462]LogWindows: Error: 
[2020.11.17-06.45.22:570][462]LogExit: Executing StaticShutdownAfterError
[2020.11.17-06.45.22:574][462]LogWindows: FPlatformMisc::RequestExit(1)
[2020.11.17-06.45.22:574][462]LogCore: Engine exit requested (reason: Win RequestExit)
[2020.11.17-06.45.22:606][462]Log file closed, 11/17/20 17:15:22
