Log file open, 11/15/20 16:49:10
LogInit: Display: Running engine for game: Carnival
LogPlatformFile: Not using cached read wrapper
LogTaskGraph: Started task graph with 5 named threads and 23 total threads with 3 sets of task threads.
LogStats: Stats thread started at 0.168731
LogD3D11RHI: Loaded GFSDK_Aftermath_Lib.x64.dll
LogICUInternationalization: ICU TimeZone Detection - Raw Offset: +9:30, Platform Override: ''
LogPluginManager: Mounting plugin Paper2D
LogPluginManager: Mounting plugin AISupport
LogPluginManager: Mounting plugin LightPropagationVolume
LogPluginManager: Mounting plugin CameraShakePreviewer
LogPluginManager: Mounting plugin ActorLayerUtilities
LogPluginManager: Mounting plugin AnimationSharing
LogPluginManager: Mounting plugin CLionSourceCodeAccess
LogPluginManager: Mounting plugin CodeLiteSourceCodeAccess
LogPluginManager: Mounting plugin GitSourceControl
LogPluginManager: Mounting plugin KDevelopSourceCodeAccess
LogPluginManager: Mounting plugin NullSourceCodeAccess
LogPluginManager: Mounting plugin PerforceSourceControl
LogPluginManager: Mounting plugin PlasticSourceControl
LogPluginManager: Mounting plugin RiderSourceCodeAccess
LogPluginManager: Mounting plugin SubversionSourceControl
LogPluginManager: Mounting plugin UObjectPlugin
LogPluginManager: Mounting plugin VisualStudioCodeSourceCodeAccess
LogPluginManager: Mounting plugin VisualStudioSourceCodeAccess
LogPluginManager: Mounting plugin XCodeSourceCodeAccess
LogPluginManager: Mounting plugin AssetManagerEditor
LogPluginManager: Mounting plugin CryptoKeys
LogPluginManager: Mounting plugin CurveEditorTools
LogPluginManager: Mounting plugin DataValidation
LogPluginManager: Mounting plugin EditorScriptingUtilities
LogPluginManager: Mounting plugin FacialAnimation
LogPluginManager: Mounting plugin GameplayTagsEditor
LogPluginManager: Mounting plugin GeometryMode
LogPluginManager: Mounting plugin MacGraphicsSwitching
LogPluginManager: Mounting plugin MaterialAnalyzer
LogPluginManager: Mounting plugin MobileLauncherProfileWizard
LogPluginManager: Mounting plugin PluginBrowser
LogPluginManager: Mounting plugin SpeedTreeImporter
LogPluginManager: Mounting plugin DatasmithContent
LogPluginManager: Mounting plugin VariantManagerContent
LogPluginManager: Mounting plugin AlembicImporter
LogPluginManager: Mounting plugin AutomationUtils
LogPluginManager: Mounting plugin BackChannel
LogPluginManager: Mounting plugin ChaosCloth
LogPluginManager: Mounting plugin ChaosClothEditor
LogPluginManager: Mounting plugin ChaosEditor
LogPluginManager: Mounting plugin ChaosNiagara
LogPluginManager: Mounting plugin ChaosSolverPlugin
LogPluginManager: Mounting plugin CharacterAI
LogPluginManager: Mounting plugin GeometryCache
LogPluginManager: Mounting plugin GeometryCollectionPlugin
LogPluginManager: Mounting plugin GeometryProcessing
LogPluginManager: Mounting plugin PlanarCut
LogPluginManager: Mounting plugin PlatformCrypto
LogPluginManager: Mounting plugin ProxyLODPlugin
LogPluginManager: Mounting plugin SkeletalReduction
LogPluginManager: Mounting plugin Niagara
LogPluginManager: Mounting plugin MagicLeap
LogPluginManager: Mounting plugin MagicLeapLightEstimation
LogPluginManager: Mounting plugin MagicLeapMedia
LogPluginManager: Mounting plugin MagicLeapPassableWorld
LogPluginManager: Mounting plugin MLSDK
LogPluginManager: Mounting plugin AndroidMedia
LogPluginManager: Mounting plugin AvfMedia
LogPluginManager: Mounting plugin ImgMedia
LogPluginManager: Mounting plugin MediaCompositing
LogPluginManager: Mounting plugin MediaPlayerEditor
LogPluginManager: Mounting plugin WebMMedia
LogPluginManager: Mounting plugin WmfMedia
LogPluginManager: Mounting plugin MeshPainting
LogPluginManager: Mounting plugin TcpMessaging
LogPluginManager: Mounting plugin UdpMessaging
LogPluginManager: Mounting plugin ActorSequence
LogPluginManager: Mounting plugin LevelSequenceEditor
LogPluginManager: Mounting plugin MatineeToLevelSequence
LogPluginManager: Mounting plugin MovieRenderPipeline
LogPluginManager: Mounting plugin TemplateSequence
LogPluginManager: Mounting plugin NetcodeUnitTest
LogPluginManager: Mounting plugin NUTUnrealEngine4
LogPluginManager: Mounting plugin OnlineSubsystemGooglePlay
LogPluginManager: Mounting plugin OnlineSubsystemIOS
LogPluginManager: Mounting plugin OnlineSubsystem
LogPluginManager: Mounting plugin OnlineSubsystemNull
LogPluginManager: Mounting plugin OnlineSubsystemUtils
LogPluginManager: Mounting plugin LauncherChunkInstaller
LogPluginManager: Mounting plugin AndroidDeviceProfileSelector
LogPluginManager: Mounting plugin AndroidMoviePlayer
LogPluginManager: Mounting plugin AndroidPermission
LogPluginManager: Mounting plugin AppleImageUtils
LogPluginManager: Mounting plugin AppleMoviePlayer
LogPluginManager: Mounting plugin ArchVisCharacter
LogPluginManager: Mounting plugin AssetTags
LogPluginManager: Mounting plugin AudioCapture
LogPluginManager: Mounting plugin CableComponent
LogPluginManager: Mounting plugin CustomMeshComponent
LogPluginManager: Mounting plugin EditableMesh
LogPluginManager: Mounting plugin ExampleDeviceProfileSelector
LogPluginManager: Mounting plugin GoogleCloudMessaging
LogPluginManager: Mounting plugin GooglePAD
LogPluginManager: Mounting plugin IOSDeviceProfileSelector
LogPluginManager: Mounting plugin LinuxDeviceProfileSelector
LogPluginManager: Mounting plugin LocationServicesBPLibrary
LogPluginManager: Mounting plugin MobilePatchingUtils
LogPluginManager: Mounting plugin OculusVR
LogPluginManager: Mounting plugin PhysXVehicles
LogPluginManager: Mounting plugin PostSplashScreen
LogPluginManager: Mounting plugin ProceduralMeshComponent
LogPluginManager: Mounting plugin RuntimePhysXCooking
LogPluginManager: Mounting plugin SignificanceManager
LogPluginManager: Mounting plugin SoundFields
LogPluginManager: Mounting plugin SteamVR
LogPluginManager: Mounting plugin Synthesis
LogPluginManager: Mounting plugin WebMMoviePlayer
LogPluginManager: Mounting plugin WindowsMoviePlayer
LogPluginManager: Mounting plugin ScreenshotTools
LogInit: Using libcurl 7.55.1-DEV
LogInit:  - built for x86_64-pc-win32
LogInit:  - supports SSL with OpenSSL/1.1.1
LogInit:  - supports HTTP deflate (compression) using libz 1.2.8
LogInit:  - other features:
LogInit:      CURL_VERSION_SSL
LogInit:      CURL_VERSION_LIBZ
LogInit:      CURL_VERSION_IPV6
LogInit:      CURL_VERSION_ASYNCHDNS
LogInit:      CURL_VERSION_LARGEFILE
LogInit:      CURL_VERSION_IDN
LogInit:  CurlRequestOptions (configurable via config and command line):
LogInit:  - bVerifyPeer = true  - Libcurl will verify peer certificate
LogInit:  - bUseHttpProxy = false  - Libcurl will NOT use HTTP proxy
LogInit:  - bDontReuseConnections = false  - Libcurl will reuse connections
LogInit:  - MaxHostConnections = 16  - Libcurl will limit the number of connections to a host
LogInit:  - LocalHostAddr = Default
LogInit:  - BufferSize = 65536
LogOnline: OSS: Creating online subsystem instance for: NULL
LogInit: WinSock: version 1.1 (2.2), MaxSocks=32767, MaxUdp=65467
LogOnline: OSS: TryLoadSubsystemAndSetDefault: Loaded subsystem for module [NULL]
LogInit: Build: ++UE4+Release-4.25-CL-13942748
LogInit: Engine Version: 4.25.3-13942748+++UE4+Release-4.25
LogInit: Compatible Engine Version: 4.25.0-13144385+++UE4+Release-4.25
LogInit: Net CL: 13144385
LogInit: OS: Windows 10 (Release 2004) (), CPU: Intel(R) Core(TM) i7-4790K CPU @ 4.00GHz, GPU: NVIDIA GeForce GTX 980
LogInit: Compiled (64-bit): Jul 25 2020 02:07:48
LogInit: Compiled with Visual C++: 19.24.28315.00
LogInit: Build Configuration: Development
LogInit: Branch Name: ++UE4+Release-4.25
LogInit: Command Line: 
LogInit: Base Directory: D:/programs/UnrealEngine/Projects/UE_4.25/Engine/Binaries/Win64/
LogInit: Allocator: TBB
LogInit: Installed Engine Build: 1
LogDevObjectVersion: Number of dev versions registered: 26
LogDevObjectVersion:   Dev-Blueprints (B0D832E4-1F89-4F0D-ACCF-7EB736FD4AA2): 10
LogDevObjectVersion:   Dev-Build (E1C64328-A22C-4D53-A36C-8E866417BD8C): 0
LogDevObjectVersion:   Dev-Core (375EC13C-06E4-48FB-B500-84F0262A717E): 4
LogDevObjectVersion:   Dev-Editor (E4B068ED-F494-42E9-A231-DA0B2E46BB41): 38
LogDevObjectVersion:   Dev-Framework (CFFC743F-43B0-4480-9391-14DF171D2073): 37
LogDevObjectVersion:   Dev-Mobile (B02B49B5-BB20-44E9-A304-32B752E40360): 2
LogDevObjectVersion:   Dev-Networking (A4E4105C-59A1-49B5-A7C5-40C4547EDFEE): 0
LogDevObjectVersion:   Dev-Online (39C831C9-5AE6-47DC-9A44-9C173E1C8E7C): 0
LogDevObjectVersion:   Dev-Physics (78F01B33-EBEA-4F98-B9B4-84EACCB95AA2): 4
LogDevObjectVersion:   Dev-Platform (6631380F-2D4D-43E0-8009-CF276956A95A): 0
LogDevObjectVersion:   Dev-Rendering (12F88B9F-8875-4AFC-A67C-D90C383ABD29): 43
LogDevObjectVersion:   Dev-Sequencer (7B5AE74C-D270-4C10-A958-57980B212A5A): 12
LogDevObjectVersion:   Dev-VR (D7296918-1DD6-4BDD-9DE2-64A83CC13884): 3
LogDevObjectVersion:   Dev-LoadTimes (C2A15278-BFE7-4AFE-6C17-90FF531DF755): 1
LogDevObjectVersion:   Private-Geometry (6EACA3D4-40EC-4CC1-B786-8BED09428FC5): 3
LogDevObjectVersion:   Dev-AnimPhys (29E575DD-E0A3-4627-9D10-D276232CDCEA): 17
LogDevObjectVersion:   Dev-Anim (AF43A65D-7FD3-4947-9873-3E8ED9C1BB05): 7
LogDevObjectVersion:   Dev-ReflectionCapture (6B266CEC-1EC7-4B8F-A30B-E4D90942FC07): 1
LogDevObjectVersion:   Dev-Automation (0DF73D61-A23F-47EA-B727-89E90C41499A): 1
LogDevObjectVersion:   FortniteMain (601D1886-AC64-4F84-AA16-D3DE0DEAC7D6): 31
LogDevObjectVersion:   Dev-Enterprise (9DFFBCD6-494F-0158-E221-12823C92A888): 10
LogDevObjectVersion:   Dev-Niagara (F2AED0AC-9AFE-416F-8664-AA7FFA26D6FC): 1
LogDevObjectVersion:   Dev-Destruction (174F1F0B-B4C6-45A5-B13F-2EE8D0FB917D): 10
LogDevObjectVersion:   Dev-Physics-Ext (35F94A83-E258-406C-A318-09F59610247C): 37
LogDevObjectVersion:   Dev-PhysicsMaterial-Chaos (B68FC16E-8B1B-42E2-B453-215C058844FE): 1
LogDevObjectVersion:   Dev-CineCamera (B2E18506-4273-CFC2-A54E-F4BB758BBA07): 1
LogInit: Presizing for max 25165824 objects, including 0 objects not considered by GC, pre-allocating 0 bytes for permanent pool.
LogConfig: Applying CVar settings from Section [/Script/Engine.StreamingSettings] File [D:/Unreal Projects/Carnival/Carnival/Carnival/Saved/Config/Windows/Engine.ini]
LogConfig: Setting CVar [[s.MinBulkDataSizeForAsyncLoading:131072]]
LogConfig: Setting CVar [[s.AsyncLoadingThreadEnabled:0]]
LogConfig: Setting CVar [[s.EventDrivenLoaderEnabled:1]]
LogConfig: Setting CVar [[s.WarnIfTimeLimitExceeded:0]]
LogConfig: Setting CVar [[s.TimeLimitExceededMultiplier:1.5]]
LogConfig: Setting CVar [[s.TimeLimitExceededMinTime:0.005]]
LogConfig: Setting CVar [[s.UseBackgroundLevelStreaming:1]]
LogConfig: Setting CVar [[s.PriorityAsyncLoadingExtraTime:15.0]]
LogConfig: Setting CVar [[s.LevelStreamingActorsUpdateTimeLimit:5.0]]
LogConfig: Setting CVar [[s.PriorityLevelStreamingActorsUpdateExtraTime:5.0]]
LogConfig: Setting CVar [[s.LevelStreamingComponentsRegistrationGranularity:10]]
LogConfig: Setting CVar [[s.UnregisterComponentsTimeLimit:1.0]]
LogConfig: Setting CVar [[s.LevelStreamingComponentsUnregistrationGranularity:5]]
LogConfig: Setting CVar [[s.FlushStreamingOnExit:1]]
LogInit: Object subsystem initialized
LogConfig: Setting CVar [[con.DebugEarlyDefault:1]]
LogConfig: Setting CVar [[r.setres:1280x720]]
[2020.11.15-06.19.10:639][  0]LogConfig: Setting CVar [[r.VSync:0]]
[2020.11.15-06.19.10:639][  0]LogConfig: Setting CVar [[r.RHICmdBypass:0]]
[2020.11.15-06.19.10:639][  0]LogConfig: Applying CVar settings from Section [/Script/Engine.RendererSettings] File [D:/Unreal Projects/Carnival/Carnival/Carnival/Saved/Config/Windows/Engine.ini]
[2020.11.15-06.19.10:639][  0]LogConfig: Setting CVar [[r.GPUCrashDebugging:0]]
[2020.11.15-06.19.10:639][  0]LogConfig: Applying CVar settings from Section [/Script/Engine.RendererOverrideSettings] File [D:/Unreal Projects/Carnival/Carnival/Carnival/Saved/Config/Windows/Engine.ini]
[2020.11.15-06.19.10:639][  0]LogConfig: Applying CVar settings from Section [/Script/Engine.StreamingSettings] File [D:/Unreal Projects/Carnival/Carnival/Carnival/Saved/Config/Windows/Engine.ini]
[2020.11.15-06.19.10:639][  0]LogConfig: Setting CVar [[s.MinBulkDataSizeForAsyncLoading:131072]]
[2020.11.15-06.19.10:639][  0]LogConfig: Setting CVar [[s.AsyncLoadingThreadEnabled:0]]
[2020.11.15-06.19.10:639][  0]LogConfig: Setting CVar [[s.EventDrivenLoaderEnabled:1]]
[2020.11.15-06.19.10:639][  0]LogConfig: Setting CVar [[s.WarnIfTimeLimitExceeded:0]]
[2020.11.15-06.19.10:639][  0]LogConfig: Setting CVar [[s.TimeLimitExceededMultiplier:1.5]]
[2020.11.15-06.19.10:639][  0]LogConfig: Setting CVar [[s.TimeLimitExceededMinTime:0.005]]
[2020.11.15-06.19.10:639][  0]LogConfig: Setting CVar [[s.UseBackgroundLevelStreaming:1]]
[2020.11.15-06.19.10:639][  0]LogConfig: Setting CVar [[s.PriorityAsyncLoadingExtraTime:15.0]]
[2020.11.15-06.19.10:639][  0]LogConfig: Setting CVar [[s.LevelStreamingActorsUpdateTimeLimit:5.0]]
[2020.11.15-06.19.10:639][  0]LogConfig: Setting CVar [[s.PriorityLevelStreamingActorsUpdateExtraTime:5.0]]
[2020.11.15-06.19.10:639][  0]LogConfig: Setting CVar [[s.LevelStreamingComponentsRegistrationGranularity:10]]
[2020.11.15-06.19.10:639][  0]LogConfig: Setting CVar [[s.UnregisterComponentsTimeLimit:1.0]]
[2020.11.15-06.19.10:639][  0]LogConfig: Setting CVar [[s.LevelStreamingComponentsUnregistrationGranularity:5]]
[2020.11.15-06.19.10:639][  0]LogConfig: Setting CVar [[s.FlushStreamingOnExit:1]]
[2020.11.15-06.19.10:639][  0]LogConfig: Applying CVar settings from Section [/Script/Engine.GarbageCollectionSettings] File [D:/Unreal Projects/Carnival/Carnival/Carnival/Saved/Config/Windows/Engine.ini]
[2020.11.15-06.19.10:639][  0]LogConfig: Setting CVar [[gc.MaxObjectsNotConsideredByGC:1]]
[2020.11.15-06.19.10:639][  0]LogConfig: Setting CVar [[gc.SizeOfPermanentObjectPool:0]]
[2020.11.15-06.19.10:639][  0]LogConfig: Setting CVar [[gc.FlushStreamingOnGC:0]]
[2020.11.15-06.19.10:639][  0]LogConfig: Setting CVar [[gc.NumRetriesBeforeForcingGC:10]]
[2020.11.15-06.19.10:639][  0]LogConfig: Setting CVar [[gc.AllowParallelGC:1]]
[2020.11.15-06.19.10:639][  0]LogConfig: Setting CVar [[gc.TimeBetweenPurgingPendingKillObjects:61.1]]
[2020.11.15-06.19.10:639][  0]LogConfig: Setting CVar [[gc.MaxObjectsInEditor:25165824]]
[2020.11.15-06.19.10:639][  0]LogConfig: Setting CVar [[gc.IncrementalBeginDestroyEnabled:1]]
[2020.11.15-06.19.10:639][  0]LogConfig: Setting CVar [[gc.CreateGCClusters:1]]
[2020.11.15-06.19.10:639][  0]LogConfig: Setting CVar [[gc.MinGCClusterSize:5]]
[2020.11.15-06.19.10:639][  0]LogConfig: Setting CVar [[gc.ActorClusteringEnabled:0]]
[2020.11.15-06.19.10:639][  0]LogConfig: Setting CVar [[gc.BlueprintClusteringEnabled:0]]
[2020.11.15-06.19.10:639][  0]LogConfig: Setting CVar [[gc.UseDisregardForGCOnDedicatedServers:0]]
[2020.11.15-06.19.10:639][  0]LogConfig: Applying CVar settings from Section [/Script/Engine.NetworkSettings] File [D:/Unreal Projects/Carnival/Carnival/Carnival/Saved/Config/Windows/Engine.ini]
[2020.11.15-06.19.10:639][  0]LogConfig: Applying CVar settings from Section [/Script/UnrealEd.CookerSettings] File [D:/Unreal Projects/Carnival/Carnival/Carnival/Saved/Config/Windows/Engine.ini]
[2020.11.15-06.19.10:645][  0]LogConfig: Applying CVar settings from Section [ViewDistanceQuality@3] File [D:/Unreal Projects/Carnival/Carnival/Carnival/Saved/Config/Windows/Scalability.ini]
[2020.11.15-06.19.10:645][  0]LogConfig: Setting CVar [[r.SkeletalMeshLODBias:0]]
[2020.11.15-06.19.10:645][  0]LogConfig: Setting CVar [[r.ViewDistanceScale:1.0]]
[2020.11.15-06.19.10:645][  0]LogConfig: Applying CVar settings from Section [AntiAliasingQuality@3] File [D:/Unreal Projects/Carnival/Carnival/Carnival/Saved/Config/Windows/Scalability.ini]
[2020.11.15-06.19.10:645][  0]LogConfig: Setting CVar [[r.PostProcessAAQuality:4]]
[2020.11.15-06.19.10:645][  0]LogConfig: Applying CVar settings from Section [ShadowQuality@3] File [D:/Unreal Projects/Carnival/Carnival/Carnival/Saved/Config/Windows/Scalability.ini]
[2020.11.15-06.19.10:645][  0]LogConfig: Setting CVar [[r.LightFunctionQuality:1]]
[2020.11.15-06.19.10:645][  0]LogConfig: Setting CVar [[r.ShadowQuality:5]]
[2020.11.15-06.19.10:645][  0]LogConfig: Setting CVar [[r.Shadow.CSM.MaxCascades:10]]
[2020.11.15-06.19.10:645][  0]LogConfig: Setting CVar [[r.Shadow.MaxResolution:2048]]
[2020.11.15-06.19.10:645][  0]LogConfig: Setting CVar [[r.Shadow.MaxCSMResolution:2048]]
[2020.11.15-06.19.10:645][  0]LogConfig: Setting CVar [[r.Shadow.RadiusThreshold:0.01]]
[2020.11.15-06.19.10:645][  0]LogConfig: Setting CVar [[r.Shadow.DistanceScale:1.0]]
[2020.11.15-06.19.10:645][  0]LogConfig: Setting CVar [[r.Shadow.CSM.TransitionScale:1.0]]
[2020.11.15-06.19.10:645][  0]LogConfig: Setting CVar [[r.Shadow.PreShadowResolutionFactor:1.0]]
[2020.11.15-06.19.10:645][  0]LogConfig: Setting CVar [[r.DistanceFieldShadowing:1]]
[2020.11.15-06.19.10:645][  0]LogConfig: Setting CVar [[r.DistanceFieldAO:1]]
[2020.11.15-06.19.10:645][  0]LogConfig: Setting CVar [[r.AOQuality:2]]
[2020.11.15-06.19.10:645][  0]LogConfig: Setting CVar [[r.VolumetricFog:1]]
[2020.11.15-06.19.10:645][  0]LogConfig: Setting CVar [[r.VolumetricFog.GridPixelSize:8]]
[2020.11.15-06.19.10:645][  0]LogConfig: Setting CVar [[r.VolumetricFog.GridSizeZ:128]]
[2020.11.15-06.19.10:645][  0]LogConfig: Setting CVar [[r.VolumetricFog.HistoryMissSupersampleCount:4]]
[2020.11.15-06.19.10:645][  0]LogConfig: Setting CVar [[r.LightMaxDrawDistanceScale:1]]
[2020.11.15-06.19.10:645][  0]LogConfig: Setting CVar [[r.CapsuleShadows:1]]
[2020.11.15-06.19.10:645][  0]LogConfig: Applying CVar settings from Section [PostProcessQuality@3] File [D:/Unreal Projects/Carnival/Carnival/Carnival/Saved/Config/Windows/Scalability.ini]
[2020.11.15-06.19.10:645][  0]LogConfig: Setting CVar [[r.MotionBlurQuality:4]]
[2020.11.15-06.19.10:645][  0]LogConfig: Setting CVar [[r.AmbientOcclusionMipLevelFactor:0.4]]
[2020.11.15-06.19.10:645][  0]LogConfig: Setting CVar [[r.AmbientOcclusionMaxQuality:100]]
[2020.11.15-06.19.10:645][  0]LogConfig: Setting CVar [[r.AmbientOcclusionLevels:-1]]
[2020.11.15-06.19.10:645][  0]LogConfig: Setting CVar [[r.AmbientOcclusionRadiusScale:1.0]]
[2020.11.15-06.19.10:645][  0]LogConfig: Setting CVar [[r.DepthOfFieldQuality:2]]
[2020.11.15-06.19.10:645][  0]LogConfig: Setting CVar [[r.RenderTargetPoolMin:400]]
[2020.11.15-06.19.10:645][  0]LogConfig: Setting CVar [[r.LensFlareQuality:2]]
[2020.11.15-06.19.10:645][  0]LogConfig: Setting CVar [[r.SceneColorFringeQuality:1]]
[2020.11.15-06.19.10:645][  0]LogConfig: Setting CVar [[r.EyeAdaptationQuality:2]]
[2020.11.15-06.19.10:645][  0]LogConfig: Setting CVar [[r.BloomQuality:5]]
[2020.11.15-06.19.10:645][  0]LogConfig: Setting CVar [[r.FastBlurThreshold:100]]
[2020.11.15-06.19.10:645][  0]LogConfig: Setting CVar [[r.Upscale.Quality:3]]
[2020.11.15-06.19.10:645][  0]LogConfig: Setting CVar [[r.Tonemapper.GrainQuantization:1]]
[2020.11.15-06.19.10:645][  0]LogConfig: Setting CVar [[r.LightShaftQuality:1]]
[2020.11.15-06.19.10:645][  0]LogConfig: Setting CVar [[r.Filter.SizeScale:1]]
[2020.11.15-06.19.10:645][  0]LogConfig: Setting CVar [[r.Tonemapper.Quality:5]]
[2020.11.15-06.19.10:645][  0]LogConfig: Setting CVar [[r.DOF.Gather.AccumulatorQuality:1        ; higher gathering accumulator quality]]
[2020.11.15-06.19.10:645][  0]LogConfig: Setting CVar [[r.DOF.Gather.PostfilterMethod:1          ; Median3x3 postfilering method]]
[2020.11.15-06.19.10:645][  0]LogConfig: Setting CVar [[r.DOF.Gather.EnableBokehSettings:0       ; no bokeh simulation when gathering]]
[2020.11.15-06.19.10:645][  0]LogConfig: Setting CVar [[r.DOF.Gather.RingCount:4                 ; medium number of samples when gathering]]
[2020.11.15-06.19.10:645][  0]LogConfig: Setting CVar [[r.DOF.Scatter.ForegroundCompositing:1    ; additive foreground scattering]]
[2020.11.15-06.19.10:645][  0]LogConfig: Setting CVar [[r.DOF.Scatter.BackgroundCompositing:2    ; additive background scattering]]
[2020.11.15-06.19.10:645][  0]LogConfig: Setting CVar [[r.DOF.Scatter.EnableBokehSettings:1      ; bokeh simulation when scattering]]
[2020.11.15-06.19.10:645][  0]LogConfig: Setting CVar [[r.DOF.Scatter.MaxSpriteRatio:0.1         ; only a maximum of 10% of scattered bokeh]]
[2020.11.15-06.19.10:645][  0]LogConfig: Setting CVar [[r.DOF.Recombine.Quality:1                ; cheap slight out of focus]]
[2020.11.15-06.19.10:645][  0]LogConfig: Setting CVar [[r.DOF.Recombine.EnableBokehSettings:0    ; no bokeh simulation on slight out of focus]]
[2020.11.15-06.19.10:645][  0]LogConfig: Setting CVar [[r.DOF.TemporalAAQuality:1                ; more stable temporal accumulation]]
[2020.11.15-06.19.10:645][  0]LogConfig: Setting CVar [[r.DOF.Kernel.MaxForegroundRadius:0.025]]
[2020.11.15-06.19.10:645][  0]LogConfig: Setting CVar [[r.DOF.Kernel.MaxBackgroundRadius:0.025]]
[2020.11.15-06.19.10:645][  0]LogConfig: Applying CVar settings from Section [TextureQuality@3] File [D:/Unreal Projects/Carnival/Carnival/Carnival/Saved/Config/Windows/Scalability.ini]
[2020.11.15-06.19.10:645][  0]LogConfig: Setting CVar [[r.Streaming.MipBias:0]]
[2020.11.15-06.19.10:645][  0]LogConfig: Setting CVar [[r.Streaming.AmortizeCPUToGPUCopy:0]]
[2020.11.15-06.19.10:645][  0]LogConfig: Setting CVar [[r.Streaming.MaxNumTexturesToStreamPerFrame:0]]
[2020.11.15-06.19.10:645][  0]LogConfig: Setting CVar [[r.Streaming.Boost:1]]
[2020.11.15-06.19.10:645][  0]LogConfig: Setting CVar [[r.MaxAnisotropy:8]]
[2020.11.15-06.19.10:645][  0]LogConfig: Setting CVar [[r.VT.MaxAnisotropy:8]]
[2020.11.15-06.19.10:645][  0]LogConfig: Setting CVar [[r.Streaming.LimitPoolSizeToVRAM:0]]
[2020.11.15-06.19.10:645][  0]LogConfig: Setting CVar [[r.Streaming.PoolSize:1000]]
[2020.11.15-06.19.10:645][  0]LogConfig: Setting CVar [[r.Streaming.MaxEffectiveScreenSize:0]]
[2020.11.15-06.19.10:645][  0]LogConfig: Applying CVar settings from Section [EffectsQuality@3] File [D:/Unreal Projects/Carnival/Carnival/Carnival/Saved/Config/Windows/Scalability.ini]
[2020.11.15-06.19.10:645][  0]LogConfig: Setting CVar [[r.TranslucencyLightingVolumeDim:64]]
[2020.11.15-06.19.10:645][  0]LogConfig: Setting CVar [[r.RefractionQuality:2]]
[2020.11.15-06.19.10:645][  0]LogConfig: Setting CVar [[r.SSR.Quality:3]]
[2020.11.15-06.19.10:645][  0]LogConfig: Setting CVar [[r.SSR.HalfResSceneColor:0]]
[2020.11.15-06.19.10:645][  0]LogConfig: Setting CVar [[r.SceneColorFormat:4]]
[2020.11.15-06.19.10:645][  0]LogConfig: Setting CVar [[r.DetailMode:2]]
[2020.11.15-06.19.10:645][  0]LogConfig: Setting CVar [[r.TranslucencyVolumeBlur:1]]
[2020.11.15-06.19.10:645][  0]LogConfig: Setting CVar [[r.MaterialQualityLevel:1 ; High quality]]
[2020.11.15-06.19.10:645][  0]LogConfig: Setting CVar [[r.SSS.Scale:1]]
[2020.11.15-06.19.10:646][  0]LogConfig: Setting CVar [[r.SSS.SampleSet:2]]
[2020.11.15-06.19.10:646][  0]LogConfig: Setting CVar [[r.SSS.Quality:1]]
[2020.11.15-06.19.10:646][  0]LogConfig: Setting CVar [[r.SSS.HalfRes:0]]
[2020.11.15-06.19.10:646][  0]LogConfig: Setting CVar [[r.SSGI.Quality:3]]
[2020.11.15-06.19.10:646][  0]LogConfig: Setting CVar [[r.EmitterSpawnRateScale:1.0]]
[2020.11.15-06.19.10:646][  0]LogConfig: Setting CVar [[r.ParticleLightQuality:2]]
[2020.11.15-06.19.10:646][  0]LogConfig: Setting CVar [[r.SkyAtmosphere.AerialPerspectiveLUT.FastApplyOnOpaque:1 ; Always have FastSkyLUT 1 in this case to avoid wrong sky]]
[2020.11.15-06.19.10:646][  0]LogConfig: Setting CVar [[r.SkyAtmosphere.AerialPerspectiveLUT.SampleCountPerSlice:1]]
[2020.11.15-06.19.10:646][  0]LogConfig: Setting CVar [[r.SkyAtmosphere.AerialPerspectiveLUT.DepthResolution:16.0]]
[2020.11.15-06.19.10:646][  0]LogConfig: Setting CVar [[r.SkyAtmosphere.FastSkyLUT:1]]
[2020.11.15-06.19.10:646][  0]LogConfig: Setting CVar [[r.SkyAtmosphere.FastSkyLUT.SampleCountMin:4.0]]
[2020.11.15-06.19.10:646][  0]LogConfig: Setting CVar [[r.SkyAtmosphere.FastSkyLUT.SampleCountMax:32.0]]
[2020.11.15-06.19.10:646][  0]LogConfig: Setting CVar [[r.SkyAtmosphere.SampleCountMin:4.0]]
[2020.11.15-06.19.10:646][  0]LogConfig: Setting CVar [[r.SkyAtmosphere.SampleCountMax:32.0]]
[2020.11.15-06.19.10:646][  0]LogConfig: Setting CVar [[r.SkyAtmosphere.TransmittanceLUT.UseSmallFormat:0]]
[2020.11.15-06.19.10:646][  0]LogConfig: Setting CVar [[r.SkyAtmosphere.TransmittanceLUT.SampleCount:10.0]]
[2020.11.15-06.19.10:646][  0]LogConfig: Setting CVar [[r.SkyAtmosphere.MultiScatteringLUT.SampleCount:15.0]]
[2020.11.15-06.19.10:646][  0]LogConfig: Applying CVar settings from Section [FoliageQuality@3] File [D:/Unreal Projects/Carnival/Carnival/Carnival/Saved/Config/Windows/Scalability.ini]
[2020.11.15-06.19.10:646][  0]LogConfig: Setting CVar [[foliage.DensityScale:1.0]]
[2020.11.15-06.19.10:646][  0]LogConfig: Setting CVar [[grass.DensityScale:1.0]]
[2020.11.15-06.19.10:646][  0]LogConfig: Applying CVar settings from Section [ShadingQuality@3] File [D:/Unreal Projects/Carnival/Carnival/Carnival/Saved/Config/Windows/Scalability.ini]
[2020.11.15-06.19.10:646][  0]LogConfig: Setting CVar [[r.HairStrands.SkyLighting.SampleCount:16]]
[2020.11.15-06.19.10:646][  0]LogConfig: Setting CVar [[r.HairStrands.SkyLighting.JitterIntegration:0]]
[2020.11.15-06.19.10:646][  0]LogConfig: Setting CVar [[r.HairStrands.SkyAO.SampleCount:16]]
[2020.11.15-06.19.10:646][  0]LogConfig: Setting CVar [[r.HairStrands.DeepShadow.SuperSampling:0]]
[2020.11.15-06.19.10:646][  0]LogConfig: Setting CVar [[r.HairStrands.VisibilityPPLL:0]]
[2020.11.15-06.19.10:646][  0]LogConfig: Setting CVar [[r.HairStrands.RasterizationScale:0.5]]
[2020.11.15-06.19.10:646][  0]LogConfig: Setting CVar [[r.HairStrands.VelocityRasterizationScale:1]]
[2020.11.15-06.19.10:646][  0]LogInit: Selected Device Profile: [Windows]
[2020.11.15-06.19.10:646][  0]LogInit: Applying CVar settings loaded from the selected device profile: [Windows]
[2020.11.15-06.19.10:646][  0]LogHAL: Display: Platform has ~ 16 GB [17050755072 / 17179869184 / 16], which maps to Larger [LargestMinGB=32, LargerMinGB=12, DefaultMinGB=8, SmallerMinGB=6, SmallestMinGB=0)
[2020.11.15-06.19.10:646][  0]LogInit: Going up to parent DeviceProfile []
[2020.11.15-06.19.10:646][  0]LogConfig: Applying CVar settings from Section [ViewDistanceQuality@3] File [D:/Unreal Projects/Carnival/Carnival/Carnival/Saved/Config/Windows/Scalability.ini]
[2020.11.15-06.19.10:646][  0]LogConfig: Setting CVar [[r.SkeletalMeshLODBias:0]]
[2020.11.15-06.19.10:646][  0]LogConfig: Setting CVar [[r.ViewDistanceScale:1.0]]
[2020.11.15-06.19.10:646][  0]LogConfig: Applying CVar settings from Section [AntiAliasingQuality@3] File [D:/Unreal Projects/Carnival/Carnival/Carnival/Saved/Config/Windows/Scalability.ini]
[2020.11.15-06.19.10:646][  0]LogConfig: Setting CVar [[r.PostProcessAAQuality:4]]
[2020.11.15-06.19.10:646][  0]LogConfig: Applying CVar settings from Section [ShadowQuality@3] File [D:/Unreal Projects/Carnival/Carnival/Carnival/Saved/Config/Windows/Scalability.ini]
[2020.11.15-06.19.10:646][  0]LogConfig: Setting CVar [[r.LightFunctionQuality:1]]
[2020.11.15-06.19.10:646][  0]LogConfig: Setting CVar [[r.ShadowQuality:5]]
[2020.11.15-06.19.10:646][  0]LogConfig: Setting CVar [[r.Shadow.CSM.MaxCascades:10]]
[2020.11.15-06.19.10:646][  0]LogConfig: Setting CVar [[r.Shadow.MaxResolution:2048]]
[2020.11.15-06.19.10:646][  0]LogConfig: Setting CVar [[r.Shadow.MaxCSMResolution:2048]]
[2020.11.15-06.19.10:646][  0]LogConfig: Setting CVar [[r.Shadow.RadiusThreshold:0.01]]
[2020.11.15-06.19.10:646][  0]LogConfig: Setting CVar [[r.Shadow.DistanceScale:1.0]]
[2020.11.15-06.19.10:646][  0]LogConfig: Setting CVar [[r.Shadow.CSM.TransitionScale:1.0]]
[2020.11.15-06.19.10:646][  0]LogConfig: Setting CVar [[r.Shadow.PreShadowResolutionFactor:1.0]]
[2020.11.15-06.19.10:646][  0]LogConfig: Setting CVar [[r.DistanceFieldShadowing:1]]
[2020.11.15-06.19.10:646][  0]LogConfig: Setting CVar [[r.DistanceFieldAO:1]]
[2020.11.15-06.19.10:646][  0]LogConfig: Setting CVar [[r.AOQuality:2]]
[2020.11.15-06.19.10:646][  0]LogConfig: Setting CVar [[r.VolumetricFog:1]]
[2020.11.15-06.19.10:646][  0]LogConfig: Setting CVar [[r.VolumetricFog.GridPixelSize:8]]
[2020.11.15-06.19.10:646][  0]LogConfig: Setting CVar [[r.VolumetricFog.GridSizeZ:128]]
[2020.11.15-06.19.10:646][  0]LogConfig: Setting CVar [[r.VolumetricFog.HistoryMissSupersampleCount:4]]
[2020.11.15-06.19.10:646][  0]LogConfig: Setting CVar [[r.LightMaxDrawDistanceScale:1]]
[2020.11.15-06.19.10:646][  0]LogConfig: Setting CVar [[r.CapsuleShadows:1]]
[2020.11.15-06.19.10:646][  0]LogConfig: Applying CVar settings from Section [PostProcessQuality@3] File [D:/Unreal Projects/Carnival/Carnival/Carnival/Saved/Config/Windows/Scalability.ini]
[2020.11.15-06.19.10:646][  0]LogConfig: Setting CVar [[r.MotionBlurQuality:4]]
[2020.11.15-06.19.10:646][  0]LogConfig: Setting CVar [[r.AmbientOcclusionMipLevelFactor:0.4]]
[2020.11.15-06.19.10:646][  0]LogConfig: Setting CVar [[r.AmbientOcclusionMaxQuality:100]]
[2020.11.15-06.19.10:646][  0]LogConfig: Setting CVar [[r.AmbientOcclusionLevels:-1]]
[2020.11.15-06.19.10:646][  0]LogConfig: Setting CVar [[r.AmbientOcclusionRadiusScale:1.0]]
[2020.11.15-06.19.10:646][  0]LogConfig: Setting CVar [[r.DepthOfFieldQuality:2]]
[2020.11.15-06.19.10:646][  0]LogConfig: Setting CVar [[r.RenderTargetPoolMin:400]]
[2020.11.15-06.19.10:646][  0]LogConfig: Setting CVar [[r.LensFlareQuality:2]]
[2020.11.15-06.19.10:646][  0]LogConfig: Setting CVar [[r.SceneColorFringeQuality:1]]
[2020.11.15-06.19.10:646][  0]LogConfig: Setting CVar [[r.EyeAdaptationQuality:2]]
[2020.11.15-06.19.10:646][  0]LogConfig: Setting CVar [[r.BloomQuality:5]]
[2020.11.15-06.19.10:646][  0]LogConfig: Setting CVar [[r.FastBlurThreshold:100]]
[2020.11.15-06.19.10:646][  0]LogConfig: Setting CVar [[r.Upscale.Quality:3]]
[2020.11.15-06.19.10:646][  0]LogConfig: Setting CVar [[r.Tonemapper.GrainQuantization:1]]
[2020.11.15-06.19.10:646][  0]LogConfig: Setting CVar [[r.LightShaftQuality:1]]
[2020.11.15-06.19.10:646][  0]LogConfig: Setting CVar [[r.Filter.SizeScale:1]]
[2020.11.15-06.19.10:646][  0]LogConfig: Setting CVar [[r.Tonemapper.Quality:5]]
[2020.11.15-06.19.10:646][  0]LogConfig: Setting CVar [[r.DOF.Gather.AccumulatorQuality:1        ; higher gathering accumulator quality]]
[2020.11.15-06.19.10:646][  0]LogConfig: Setting CVar [[r.DOF.Gather.PostfilterMethod:1          ; Median3x3 postfilering method]]
[2020.11.15-06.19.10:646][  0]LogConfig: Setting CVar [[r.DOF.Gather.EnableBokehSettings:0       ; no bokeh simulation when gathering]]
[2020.11.15-06.19.10:646][  0]LogConfig: Setting CVar [[r.DOF.Gather.RingCount:4                 ; medium number of samples when gathering]]
[2020.11.15-06.19.10:646][  0]LogConfig: Setting CVar [[r.DOF.Scatter.ForegroundCompositing:1    ; additive foreground scattering]]
[2020.11.15-06.19.10:646][  0]LogConfig: Setting CVar [[r.DOF.Scatter.BackgroundCompositing:2    ; additive background scattering]]
[2020.11.15-06.19.10:646][  0]LogConfig: Setting CVar [[r.DOF.Scatter.EnableBokehSettings:1      ; bokeh simulation when scattering]]
[2020.11.15-06.19.10:646][  0]LogConfig: Setting CVar [[r.DOF.Scatter.MaxSpriteRatio:0.1         ; only a maximum of 10% of scattered bokeh]]
[2020.11.15-06.19.10:646][  0]LogConfig: Setting CVar [[r.DOF.Recombine.Quality:1                ; cheap slight out of focus]]
[2020.11.15-06.19.10:646][  0]LogConfig: Setting CVar [[r.DOF.Recombine.EnableBokehSettings:0    ; no bokeh simulation on slight out of focus]]
[2020.11.15-06.19.10:646][  0]LogConfig: Setting CVar [[r.DOF.TemporalAAQuality:1                ; more stable temporal accumulation]]
[2020.11.15-06.19.10:646][  0]LogConfig: Setting CVar [[r.DOF.Kernel.MaxForegroundRadius:0.025]]
[2020.11.15-06.19.10:646][  0]LogConfig: Setting CVar [[r.DOF.Kernel.MaxBackgroundRadius:0.025]]
[2020.11.15-06.19.10:646][  0]LogConfig: Applying CVar settings from Section [TextureQuality@3] File [D:/Unreal Projects/Carnival/Carnival/Carnival/Saved/Config/Windows/Scalability.ini]
[2020.11.15-06.19.10:646][  0]LogConfig: Setting CVar [[r.Streaming.MipBias:0]]
[2020.11.15-06.19.10:646][  0]LogConfig: Setting CVar [[r.Streaming.AmortizeCPUToGPUCopy:0]]
[2020.11.15-06.19.10:646][  0]LogConfig: Setting CVar [[r.Streaming.MaxNumTexturesToStreamPerFrame:0]]
[2020.11.15-06.19.10:646][  0]LogConfig: Setting CVar [[r.Streaming.Boost:1]]
[2020.11.15-06.19.10:646][  0]LogConfig: Setting CVar [[r.MaxAnisotropy:8]]
[2020.11.15-06.19.10:647][  0]LogConfig: Setting CVar [[r.VT.MaxAnisotropy:8]]
[2020.11.15-06.19.10:647][  0]LogConfig: Setting CVar [[r.Streaming.LimitPoolSizeToVRAM:0]]
[2020.11.15-06.19.10:647][  0]LogConfig: Setting CVar [[r.Streaming.PoolSize:1000]]
[2020.11.15-06.19.10:647][  0]LogConfig: Setting CVar [[r.Streaming.MaxEffectiveScreenSize:0]]
[2020.11.15-06.19.10:647][  0]LogConfig: Applying CVar settings from Section [EffectsQuality@3] File [D:/Unreal Projects/Carnival/Carnival/Carnival/Saved/Config/Windows/Scalability.ini]
[2020.11.15-06.19.10:647][  0]LogConfig: Setting CVar [[r.TranslucencyLightingVolumeDim:64]]
[2020.11.15-06.19.10:647][  0]LogConfig: Setting CVar [[r.RefractionQuality:2]]
[2020.11.15-06.19.10:647][  0]LogConfig: Setting CVar [[r.SSR.Quality:3]]
[2020.11.15-06.19.10:647][  0]LogConfig: Setting CVar [[r.SSR.HalfResSceneColor:0]]
[2020.11.15-06.19.10:647][  0]LogConfig: Setting CVar [[r.SceneColorFormat:4]]
[2020.11.15-06.19.10:647][  0]LogConfig: Setting CVar [[r.DetailMode:2]]
[2020.11.15-06.19.10:647][  0]LogConfig: Setting CVar [[r.TranslucencyVolumeBlur:1]]
[2020.11.15-06.19.10:647][  0]LogConfig: Setting CVar [[r.MaterialQualityLevel:1 ; High quality]]
[2020.11.15-06.19.10:647][  0]LogConfig: Setting CVar [[r.SSS.Scale:1]]
[2020.11.15-06.19.10:647][  0]LogConfig: Setting CVar [[r.SSS.SampleSet:2]]
[2020.11.15-06.19.10:647][  0]LogConfig: Setting CVar [[r.SSS.Quality:1]]
[2020.11.15-06.19.10:647][  0]LogConfig: Setting CVar [[r.SSS.HalfRes:0]]
[2020.11.15-06.19.10:647][  0]LogConfig: Setting CVar [[r.SSGI.Quality:3]]
[2020.11.15-06.19.10:647][  0]LogConfig: Setting CVar [[r.EmitterSpawnRateScale:1.0]]
[2020.11.15-06.19.10:647][  0]LogConfig: Setting CVar [[r.ParticleLightQuality:2]]
[2020.11.15-06.19.10:647][  0]LogConfig: Setting CVar [[r.SkyAtmosphere.AerialPerspectiveLUT.FastApplyOnOpaque:1 ; Always have FastSkyLUT 1 in this case to avoid wrong sky]]
[2020.11.15-06.19.10:647][  0]LogConfig: Setting CVar [[r.SkyAtmosphere.AerialPerspectiveLUT.SampleCountPerSlice:1]]
[2020.11.15-06.19.10:647][  0]LogConfig: Setting CVar [[r.SkyAtmosphere.AerialPerspectiveLUT.DepthResolution:16.0]]
[2020.11.15-06.19.10:647][  0]LogConfig: Setting CVar [[r.SkyAtmosphere.FastSkyLUT:1]]
[2020.11.15-06.19.10:647][  0]LogConfig: Setting CVar [[r.SkyAtmosphere.FastSkyLUT.SampleCountMin:4.0]]
[2020.11.15-06.19.10:647][  0]LogConfig: Setting CVar [[r.SkyAtmosphere.FastSkyLUT.SampleCountMax:32.0]]
[2020.11.15-06.19.10:647][  0]LogConfig: Setting CVar [[r.SkyAtmosphere.SampleCountMin:4.0]]
[2020.11.15-06.19.10:647][  0]LogConfig: Setting CVar [[r.SkyAtmosphere.SampleCountMax:32.0]]
[2020.11.15-06.19.10:647][  0]LogConfig: Setting CVar [[r.SkyAtmosphere.TransmittanceLUT.UseSmallFormat:0]]
[2020.11.15-06.19.10:647][  0]LogConfig: Setting CVar [[r.SkyAtmosphere.TransmittanceLUT.SampleCount:10.0]]
[2020.11.15-06.19.10:647][  0]LogConfig: Setting CVar [[r.SkyAtmosphere.MultiScatteringLUT.SampleCount:15.0]]
[2020.11.15-06.19.10:647][  0]LogConfig: Applying CVar settings from Section [FoliageQuality@3] File [D:/Unreal Projects/Carnival/Carnival/Carnival/Saved/Config/Windows/Scalability.ini]
[2020.11.15-06.19.10:647][  0]LogConfig: Setting CVar [[foliage.DensityScale:1.0]]
[2020.11.15-06.19.10:647][  0]LogConfig: Setting CVar [[grass.DensityScale:1.0]]
[2020.11.15-06.19.10:647][  0]LogConfig: Applying CVar settings from Section [ShadingQuality@3] File [D:/Unreal Projects/Carnival/Carnival/Carnival/Saved/Config/Windows/Scalability.ini]
[2020.11.15-06.19.10:647][  0]LogConfig: Setting CVar [[r.HairStrands.SkyLighting.SampleCount:16]]
[2020.11.15-06.19.10:647][  0]LogConfig: Setting CVar [[r.HairStrands.SkyLighting.JitterIntegration:0]]
[2020.11.15-06.19.10:647][  0]LogConfig: Setting CVar [[r.HairStrands.SkyAO.SampleCount:16]]
[2020.11.15-06.19.10:647][  0]LogConfig: Setting CVar [[r.HairStrands.DeepShadow.SuperSampling:0]]
[2020.11.15-06.19.10:647][  0]LogConfig: Setting CVar [[r.HairStrands.VisibilityPPLL:0]]
[2020.11.15-06.19.10:647][  0]LogConfig: Setting CVar [[r.HairStrands.RasterizationScale:0.5]]
[2020.11.15-06.19.10:647][  0]LogConfig: Setting CVar [[r.HairStrands.VelocityRasterizationScale:1]]
[2020.11.15-06.19.10:647][  0]LogConfig: Applying CVar settings from Section [Startup] File [../../../Engine/Config/ConsoleVariables.ini]
[2020.11.15-06.19.10:647][  0]LogConfig: Setting CVar [[net.UseAdaptiveNetUpdateFrequency:0]]
[2020.11.15-06.19.10:647][  0]LogConfig: Setting CVar [[p.chaos.AllowCreatePhysxBodies:1]]
[2020.11.15-06.19.10:647][  0]LogConfig: Setting CVar [[fx.SkipVectorVMBackendOptimizations:1]]
[2020.11.15-06.19.10:647][  0]LogConfig: Applying CVar settings from Section [ConsoleVariables] File [D:/Unreal Projects/Carnival/Carnival/Carnival/Saved/Config/Windows/Engine.ini]
[2020.11.15-06.19.10:647][  0]LogInit: Computer: WEAPONX
[2020.11.15-06.19.10:647][  0]LogInit: User: Eliah
[2020.11.15-06.19.10:647][  0]LogInit: CPU Page size=4096, Cores=4
[2020.11.15-06.19.10:647][  0]LogInit: High frequency timer resolution =10.000000 MHz
[2020.11.15-06.19.10:647][  0]LogMemory: Memory total: Physical=15.9GB (16GB approx)
[2020.11.15-06.19.10:647][  0]LogMemory: Platform Memory Stats for Windows
[2020.11.15-06.19.10:647][  0]LogMemory: Process Physical Memory: 115.03 MB used, 115.04 MB peak
[2020.11.15-06.19.10:647][  0]LogMemory: Process Virtual Memory: 96.29 MB used, 96.29 MB peak
[2020.11.15-06.19.10:647][  0]LogMemory: Physical Memory: 6638.47 MB used,  9622.39 MB free, 16260.87 MB total
[2020.11.15-06.19.10:647][  0]LogMemory: Virtual Memory: 5144.86 MB used,  134212584.00 MB free, 134217728.00 MB total
[2020.11.15-06.19.10:653][  0]LogWindows: WindowsPlatformFeatures enabled
[2020.11.15-06.19.10:681][  0]LogInit: Physics initialised using underlying interface: PhysX
[2020.11.15-06.19.10:682][  0]LogInit: Using OS detected language (en-GB).
[2020.11.15-06.19.10:682][  0]LogInit: Using OS detected locale (en-AU).
[2020.11.15-06.19.10:684][  0]LogTextLocalizationManager: No specific localization for 'en-GB' exists, so the 'en' localization will be used.
[2020.11.15-06.19.10:826][  0]LogInit: Setting process to per monitor DPI aware
[2020.11.15-06.19.10:870][  0]LogSlate: New Slate User Created.  User Index 0, Is Virtual User: 0
[2020.11.15-06.19.10:870][  0]LogSlate: Slate User Registered.  User Index 0, Is Virtual User: 0
[2020.11.15-06.19.11:035][  0]LogHMD: Failed to initialize OpenVR with code 110
[2020.11.15-06.19.11:035][  0]LogD3D11RHI: D3D11 min allowed feature level: 11_0
[2020.11.15-06.19.11:035][  0]LogD3D11RHI: D3D11 max allowed feature level: 11_0
[2020.11.15-06.19.11:035][  0]LogD3D11RHI: D3D11 adapters:
[2020.11.15-06.19.11:099][  0]LogD3D11RHI:    0. 'NVIDIA GeForce GTX 980' (Feature Level 11_0)
[2020.11.15-06.19.11:099][  0]LogD3D11RHI:       4053/0/8130 MB DedicatedVideo/DedicatedSystem/SharedSystem, Outputs:2, VendorId:0x10de
[2020.11.15-06.19.11:104][  0]LogD3D11RHI:    1. 'Intel(R) HD Graphics 4600' (Feature Level 11_0)
[2020.11.15-06.19.11:104][  0]LogD3D11RHI:       112/0/2048 MB DedicatedVideo/DedicatedSystem/SharedSystem, Outputs:0, VendorId:0x8086
[2020.11.15-06.19.11:106][  0]LogD3D11RHI:    2. 'Microsoft Basic Render Driver' (Feature Level 11_0)
[2020.11.15-06.19.11:106][  0]LogD3D11RHI:       0/0/8130 MB DedicatedVideo/DedicatedSystem/SharedSystem, Outputs:0, VendorId:0x1414
[2020.11.15-06.19.11:106][  0]LogD3D11RHI: Chosen D3D11 Adapter: 0
[2020.11.15-06.19.11:111][  0]LogD3D11RHI: Creating new Direct3DDevice
[2020.11.15-06.19.11:111][  0]LogD3D11RHI:     GPU DeviceId: 0x13c0 (for the marketing name, search the web for "GPU Device Id")
[2020.11.15-06.19.11:111][  0]LogWindows: EnumDisplayDevices:
[2020.11.15-06.19.11:112][  0]LogWindows:    0. 'NVIDIA GeForce GTX 980' (P:0 D:1)
[2020.11.15-06.19.11:112][  0]LogWindows:    1. 'NVIDIA GeForce GTX 980' (P:0 D:0)
[2020.11.15-06.19.11:112][  0]LogWindows:    2. 'NVIDIA GeForce GTX 980' (P:0 D:0)
[2020.11.15-06.19.11:113][  0]LogWindows:    3. 'NVIDIA GeForce GTX 980' (P:0 D:0)
[2020.11.15-06.19.11:113][  0]LogWindows:    4. 'Intel(R) HD Graphics 4600' (P:1 D:1)
[2020.11.15-06.19.11:113][  0]LogWindows:    5. 'Intel(R) HD Graphics 4600' (P:0 D:0)
[2020.11.15-06.19.11:114][  0]LogWindows:    6. 'Intel(R) HD Graphics 4600' (P:0 D:0)
[2020.11.15-06.19.11:114][  0]LogWindows: DebugString: PrimaryIsNotTheChoosenAdapter PrimaryIsNotTheChoosenAdapter PrimaryIsNotTheChoosenAdapter FoundDriverCount:4 
[2020.11.15-06.19.11:114][  0]LogD3D11RHI:     Adapter Name: NVIDIA GeForce GTX 980
[2020.11.15-06.19.11:114][  0]LogD3D11RHI:   Driver Version: 442.59 (internal:26.21.14.4259, unified:442.59)
[2020.11.15-06.19.11:114][  0]LogD3D11RHI:      Driver Date: 3-4-2020
[2020.11.15-06.19.11:114][  0]LogRHI: Texture pool is 2837 MB (70% of 4053 MB)
[2020.11.15-06.19.11:157][  0]LogD3D11RHI: RHI has support for 64 bit atomics
[2020.11.15-06.19.11:159][  0]LogD3D11RHI: [Aftermath] Enabled and primed
[2020.11.15-06.19.11:159][  0]LogD3D11RHI: Async texture creation enabled
[2020.11.15-06.19.11:159][  0]LogD3D11RHI: Array index from any shader is supported
[2020.11.15-06.19.11:161][  0]LogD3D11RHI: HDR output is supported on display 1 (NvId: 0x80061081).
[2020.11.15-06.19.11:175][  0]LogD3D11RHI: GPU Timing Frequency: 1000.000000 (Debug: 2 1)
[2020.11.15-06.19.11:462][  0]LogTargetPlatformManager: Display: Loaded TargetPlatform 'AllDesktop'
[2020.11.15-06.19.11:481][  0]LogTargetPlatformManager: Display: Loaded TargetPlatform 'Android'
[2020.11.15-06.19.11:481][  0]LogTargetPlatformManager: Display: Loaded TargetPlatform 'Android_ASTC'
[2020.11.15-06.19.11:481][  0]LogTargetPlatformManager: Display: Loaded TargetPlatform 'Android_DXT'
[2020.11.15-06.19.11:481][  0]LogTargetPlatformManager: Display: Loaded TargetPlatform 'Android_ETC2'
[2020.11.15-06.19.11:481][  0]LogTargetPlatformManager: Display: Loaded TargetPlatform 'AndroidClient'
[2020.11.15-06.19.11:481][  0]LogTargetPlatformManager: Display: Loaded TargetPlatform 'Android_ASTCClient'
[2020.11.15-06.19.11:481][  0]LogTargetPlatformManager: Display: Loaded TargetPlatform 'Android_DXTClient'
[2020.11.15-06.19.11:481][  0]LogTargetPlatformManager: Display: Loaded TargetPlatform 'Android_ETC2Client'
[2020.11.15-06.19.11:481][  0]LogTargetPlatformManager: Display: Loaded TargetPlatform 'Android_Multi'
[2020.11.15-06.19.11:481][  0]LogTargetPlatformManager: Display: Loaded TargetPlatform 'Android_MultiClient'
[2020.11.15-06.19.11:509][  0]LogTargetPlatformManager: Display: Loaded TargetPlatform 'IOSClient'
[2020.11.15-06.19.11:509][  0]LogTargetPlatformManager: Display: Loaded TargetPlatform 'IOS'
[2020.11.15-06.19.11:518][  0]LogTargetPlatformManager: Display: Loaded TargetPlatform 'Linux'
[2020.11.15-06.19.11:526][  0]LogTargetPlatformManager: Display: Loaded TargetPlatform 'LinuxNoEditor'
[2020.11.15-06.19.11:534][  0]LogTargetPlatformManager: Display: Loaded TargetPlatform 'LinuxClient'
[2020.11.15-06.19.11:542][  0]LogTargetPlatformManager: Display: Loaded TargetPlatform 'LinuxServer'
[2020.11.15-06.19.11:550][  0]LogTargetPlatformManager: Display: Loaded TargetPlatform 'LinuxAArch64NoEditor'
[2020.11.15-06.19.11:559][  0]LogTargetPlatformManager: Display: Loaded TargetPlatform 'LinuxAArch64Client'
[2020.11.15-06.19.11:567][  0]LogTargetPlatformManager: Display: Loaded TargetPlatform 'LinuxAArch64Server'
[2020.11.15-06.19.11:589][  0]LogTargetPlatformManager: Display: Loaded TargetPlatform 'Lumin'
[2020.11.15-06.19.11:589][  0]LogTargetPlatformManager: Display: Loaded TargetPlatform 'LuminClient'
[2020.11.15-06.19.11:603][  0]LogTargetPlatformManager: Display: Loaded TargetPlatform 'TVOSClient'
[2020.11.15-06.19.11:603][  0]LogTargetPlatformManager: Display: Loaded TargetPlatform 'TVOS'
[2020.11.15-06.19.11:611][  0]LogTargetPlatformManager: Display: Loaded TargetPlatform 'WindowsNoEditor'
[2020.11.15-06.19.11:619][  0]LogTargetPlatformManager: Display: Loaded TargetPlatform 'Windows'
[2020.11.15-06.19.11:627][  0]LogTargetPlatformManager: Display: Loaded TargetPlatform 'WindowsClient'
[2020.11.15-06.19.11:634][  0]LogTargetPlatformManager: Display: Loaded TargetPlatform 'WindowsServer'
[2020.11.15-06.19.11:634][  0]LogTargetPlatformManager: Display: Building Assets For Windows
[2020.11.15-06.19.11:641][  0]LogAudioDebug: Display: Lib vorbis DLL was dynamically loaded.
[2020.11.15-06.19.11:691][  0]LogShaderCompilers: Guid format shader working directory is -17 characters bigger than the processId version (../../../../../../../Unreal Projects/Carnival/Carnival/Carnival/Intermediate/Shaders/WorkingDirectory/3792/).
[2020.11.15-06.19.11:691][  0]LogShaderCompilers: Cleaned the shader compiler working directory 'C:/Users/Eliah/AppData/Local/Temp/UnrealShaderWorkingDir/EF3F8F374C5AFD1B44067B9585933094/'.
[2020.11.15-06.19.11:692][  0]LogXGEController: Cannot use XGE Controller as Incredibuild is not installed on this machine.
[2020.11.15-06.19.11:692][  0]LogShaderCompilers: Cannot use XGE Shader Compiler as Incredibuild is not installed on this machine.
[2020.11.15-06.19.11:692][  0]LogShaderCompilers: Display: Using Local Shader Compiler.
[2020.11.15-06.19.12:322][  0]LogDerivedDataCache: Display: Max Cache Size: 512 MB
[2020.11.15-06.19.12:373][  0]LogDerivedDataCache: Loaded boot cache 0.05s 76MB C:/Users/Eliah/AppData/Local/UnrealEngine/4.25/DerivedDataCache/Boot.ddc.
[2020.11.15-06.19.12:374][  0]LogDerivedDataCache: Display: Loaded Boot cache: C:/Users/Eliah/AppData/Local/UnrealEngine/4.25/DerivedDataCache/Boot.ddc
[2020.11.15-06.19.12:374][  0]LogDerivedDataCache: FDerivedDataBackendGraph:  Pak pak cache file ../../../../../../../Unreal Projects/Carnival/Carnival/Carnival/DerivedDataCache/DDC.ddp not found, will not use a pak cache.
[2020.11.15-06.19.12:374][  0]LogDerivedDataCache: Unable to find inner node Pak for hierarchical cache Hierarchy.
[2020.11.15-06.19.12:374][  0]LogDerivedDataCache: FDerivedDataBackendGraph:  CompressedPak pak cache file ../../../../../../../Unreal Projects/Carnival/Carnival/Carnival/DerivedDataCache/Compressed.ddp not found, will not use a pak cache.
[2020.11.15-06.19.12:374][  0]LogDerivedDataCache: Unable to find inner node CompressedPak for hierarchical cache Hierarchy.
[2020.11.15-06.19.12:382][  0]LogDerivedDataCache: Display: Pak cache opened for reading ../../../Engine/DerivedDataCache/Compressed.ddp.
[2020.11.15-06.19.12:383][  0]LogDerivedDataCache: FDerivedDataBackendGraph:  EnterprisePak pak cache file ../../../Enterprise/DerivedDataCache/Compressed.ddp not found, will not use a pak cache.
[2020.11.15-06.19.12:383][  0]LogDerivedDataCache: Unable to find inner node EnterprisePak for hierarchical cache Hierarchy.
[2020.11.15-06.19.12:384][  0]LogDerivedDataCache: Using Local data cache path C:/Users/Eliah/AppData/Local/UnrealEngine/Common/DerivedDataCache: Writable
[2020.11.15-06.19.12:384][  0]LogDerivedDataCache: Shared data cache path not found in *engine.ini, will not use an Shared cache.
[2020.11.15-06.19.12:384][  0]LogDerivedDataCache: Unable to find inner node Shared for hierarchical cache Hierarchy.
[2020.11.15-06.19.12:426][  0]LogSlate: Using FreeType 2.10.0
[2020.11.15-06.19.12:427][  0]LogSlate: SlateFontServices - WITH_FREETYPE: 1, WITH_HARFBUZZ: 1
[2020.11.15-06.19.12:449][  0]LogAssetRegistry: FAssetRegistry took 0.0021 seconds to start up
[2020.11.15-06.19.12:652][  0]LogInit: Selected Device Profile: [Windows]
[2020.11.15-06.19.12:745][  0]LogMeshReduction: Using QuadricMeshReduction for automatic static mesh reduction
[2020.11.15-06.19.12:745][  0]LogMeshReduction: Using SimplygonMeshReduction for automatic skeletal mesh reduction
[2020.11.15-06.19.12:745][  0]LogMeshReduction: Using ProxyLODMeshReduction for automatic mesh merging
[2020.11.15-06.19.12:745][  0]LogMeshReduction: No distributed automatic mesh merging module available
[2020.11.15-06.19.12:745][  0]LogMeshMerging: No distributed automatic mesh merging module available
[2020.11.15-06.19.12:760][  0]LogNetVersion: Carnival 1.0.0, NetCL: 13144385, EngineNetVer: 14, GameNetVer: 0 (Checksum: 1692073643)
[2020.11.15-06.19.13:104][  0]LogAISub: UAISubsystem::UAISubsystem AISubsystem (0000018F50565380), frame # 0
[2020.11.15-06.19.13:104][  0]LogAISub: UAISubsystem::UAISubsystem AIPerceptionSystem (0000018F504E87C0), frame # 0
[2020.11.15-06.19.13:105][  0]LogAISub: UAISubsystem::UAISubsystem EnvQueryManager (0000018F50509E00), frame # 0
[2020.11.15-06.19.13:157][  0]LogPackageLocalizationCache: Processed 19 localized package path(s) for 1 prioritized culture(s) in 0.047919 seconds
[2020.11.15-06.19.13:162][  0]LogUObjectArray: 15917 objects as part of root set at end of initial load.
[2020.11.15-06.19.13:162][  0]LogUObjectAllocator: 3965568 out of 0 bytes used by permanent object pool.
[2020.11.15-06.19.13:162][  0]LogUObjectArray: CloseDisregardForGC: 0/0 objects in disregard for GC pool
[2020.11.15-06.19.13:444][  0]LogTcpMessaging: Initializing TcpMessaging bridge
[2020.11.15-06.19.13:447][  0]LogUdpMessaging: Initializing bridge on interface 0.0.0.0:0 to multicast group 230.0.0.1:6666.
[2020.11.15-06.19.13:521][  0]SourceControl: Source control is disabled
[2020.11.15-06.19.13:521][  0]SourceControl: Source control is disabled
[2020.11.15-06.19.13:524][  0]SourceControl: Source control is disabled
[2020.11.15-06.19.13:526][  0]SourceControl: Source control is disabled
[2020.11.15-06.19.13:533][  0]SourceControl: Source control is disabled
[2020.11.15-06.19.13:739][  0]LogAndroidPermission: UAndroidPermissionCallbackProxy::GetInstance
[2020.11.15-06.19.13:755][  0]LogAudioCaptureCore: Display: No Audio Capture implementations found. Audio input will be silent.
[2020.11.15-06.19.13:755][  0]LogAudioCaptureCore: Display: No Audio Capture implementations found. Audio input will be silent.
[2020.11.15-06.19.13:796][  0]LogOcInput: OculusInput pre-init called
[2020.11.15-06.19.13:807][  0]LogWindows: Failed to load 'OVRPlugin.dll' (GetLastError=126)
[2020.11.15-06.19.13:807][  0]LogWindows: File 'OVRPlugin.dll' does not exist
[2020.11.15-06.19.13:856][  0]LogEngine: Initializing Engine...
[2020.11.15-06.19.13:858][  0]LogHMD: Failed to initialize OpenVR with code 110
[2020.11.15-06.19.13:858][  0]LogMagicLeap: Warning: VR disabled because ZI is not enabled.  To enable, in the editor, Edit -> Project Settings -> Plugins -> Magic Leap Plugin -> Enable Zero Iteration
[2020.11.15-06.19.13:859][  0]LogStats: UGameplayTagsManager::InitializeManager -  0.000 s
[2020.11.15-06.19.13:957][  0]LogInit: Initializing FReadOnlyCVARCache
[2020.11.15-06.19.13:964][  0]LogAIModule: Creating AISystem for world Untitled
[2020.11.15-06.19.13:964][  0]LogAISub: UAISubsystem::UAISubsystem EnvQueryManager (0000018F52F47C00), frame # 0
[2020.11.15-06.19.13:964][  0]LogAISub: UAISubsystem::UAISubsystem AIPerceptionSystem (0000018F52F7E840), frame # 0
[2020.11.15-06.19.13:981][  0]LogAudioMixer: Display: Audio Mixer Platform Settings:
[2020.11.15-06.19.13:981][  0]LogAudioMixer: Display: 	Sample Rate:						  48000
[2020.11.15-06.19.13:981][  0]LogAudioMixer: Display: 	Callback Buffer Frame Size Requested: 1024
[2020.11.15-06.19.13:981][  0]LogAudioMixer: Display: 	Callback Buffer Frame Size To Use:	  1024
[2020.11.15-06.19.13:981][  0]LogAudioMixer: Display: 	Number of buffers to queue:			  2
[2020.11.15-06.19.13:981][  0]LogAudioMixer: Display: 	Max Channels (voices):				  32
[2020.11.15-06.19.13:981][  0]LogAudioMixer: Display: 	Number of Async Source Workers:		  0
[2020.11.15-06.19.13:981][  0]LogAudio: Display: AudioDevice MaxSources: 32
[2020.11.15-06.19.13:981][  0]LogAudio: Display: Using built-in audio occlusion.
[2020.11.15-06.19.13:981][  0]LogAudioMixer: Display: Initializing audio mixer.
[2020.11.15-06.19.14:006][  0]LogAudioMixer: Display: 0: FrontLeft
[2020.11.15-06.19.14:006][  0]LogAudioMixer: Display: 1: FrontRight
[2020.11.15-06.19.14:053][  0]LogAudioMixer: Display: Using Audio Device Headphones (Xbox Controller)
[2020.11.15-06.19.14:056][  0]LogAudioMixer: Display: Initializing Sound Submixes...
[2020.11.15-06.19.14:058][  0]LogAudioMixer: Display: Creating Master Submix 'MasterSubmixDefault'
[2020.11.15-06.19.14:058][  0]LogAudioMixer: Display: Creating Master Submix 'MasterReverbSubmixDefault'
[2020.11.15-06.19.14:059][  0]LogAudioMixer: Display: Creating Master Submix 'MasterEQSubmixDefault'
[2020.11.15-06.19.14:059][  0]LogInit: FAudioDevice initialized.
[2020.11.15-06.19.14:060][  0]LogNetVersion: Set ProjectVersion to 1.0.0.0. Version Checksum will be recalculated on next use.
[2020.11.15-06.19.14:145][  0]LogDerivedDataCache: Saved boot cache 0.09s 76MB C:/Users/Eliah/AppData/Local/UnrealEngine/4.25/DerivedDataCache/Boot.ddc.
[2020.11.15-06.19.14:146][  0]LogInit: Texture streaming: Enabled
[2020.11.15-06.19.14:163][  0]LogEngineSessionManager: EngineSessionManager initialized
[2020.11.15-06.19.14:163][  0]LogEditorSessionSummary: Verbose: Initializing EditorSessionSummaryWriter for editor session tracking
[2020.11.15-06.19.14:172][  0]LogEditorSessionSummary: EditorSessionSummaryWriter initialized
[2020.11.15-06.19.14:234][  0]LogInit: Transaction tracking system initialized
[2020.11.15-06.19.14:251][  0]BlueprintLog: New page: Editor Load
[2020.11.15-06.19.14:312][  0]LocalizationService: Localization service is disabled
[2020.11.15-06.19.14:440][  0]LogCook: Display: Max memory allowance for cook 16384mb min free memory 0mb
[2020.11.15-06.19.14:440][  0]LogCook: Display: Mobile HDR setting 1
[2020.11.15-06.19.14:562][  0]LogFileCache: Scanning file cache for directory 'D:/Unreal Projects/Carnival/Carnival/Carnival/Content/' took 0.01s
[2020.11.15-06.19.14:764][  0]SourceControl: Source control is disabled
[2020.11.15-06.19.14:764][  0]LogUnrealEdMisc: Loading editor; pre map load, took 5.517
[2020.11.15-06.19.14:764][  0]Cmd: MAP LOAD FILE="../../../../../../../Unreal Projects/Carnival/Carnival/Carnival/Content/FirstPersonBP/Maps/MainMenu.umap" TEMPLATE=0 SHOWPROGRESS=1 FEATURELEVEL=3
[2020.11.15-06.19.14:766][  0]LightingResults: New page: Lighting Build
[2020.11.15-06.19.14:767][  0]LogWorld: UWorld::CleanupWorld for Untitled, bSessionEnded=true, bCleanupResources=true
[2020.11.15-06.19.14:767][  0]LogSlate: InvalidateAllWidgets triggered.  All widgets were invalidated
[2020.11.15-06.19.14:767][  0]MapCheck: New page: Map Check
[2020.11.15-06.19.14:767][  0]LightingResults: New page: Lighting Build
[2020.11.15-06.19.14:774][  0]LogAISub: UAISubsystem::~UAISubsystem EnvQueryManager (0000018F52F47C00), frame # 0
[2020.11.15-06.19.14:774][  0]LogAISub: UAISubsystem::~UAISubsystem AIPerceptionSystem (0000018F52F7E840), frame # 0
[2020.11.15-06.19.14:775][  0]LogUObjectHash: Compacting FUObjectHashTables data took   0.61ms
[2020.11.15-06.19.14:792][  0]LogAIModule: Creating AISystem for world MainMenu
[2020.11.15-06.19.14:792][  0]LogAISub: UAISubsystem::UAISubsystem EnvQueryManager (0000018F43F2BE00), frame # 0
[2020.11.15-06.19.14:792][  0]LogAISub: UAISubsystem::UAISubsystem AIPerceptionSystem (0000018F4D21F880), frame # 0
[2020.11.15-06.19.14:793][  0]LogEditorServer: Finished looking for orphan Actors (0.000 secs)
[2020.11.15-06.19.14:801][  0]LogUObjectHash: Compacting FUObjectHashTables data took   0.65ms
[2020.11.15-06.19.14:801][  0]Cmd: MAP CHECKDEP NOCLEARLOG
[2020.11.15-06.19.14:802][  0]MapCheck: Map check complete: 0 Error(s), 0 Warning(s), took 0.105ms to complete.
[2020.11.15-06.19.14:802][  0]LogFileHelpers: Loading map 'MainMenu' took 0.039
[2020.11.15-06.19.14:803][  0]LogUnrealEdMisc: Total Editor Startup Time, took 5.557
[2020.11.15-06.19.14:934][  0]LogSlate: Updating window title bar state: overlay mode, drag disabled, window buttons hidden, title bar hidden
[2020.11.15-06.19.14:940][  0]LogSlate: Updating window title bar state: overlay mode, drag disabled, window buttons hidden, title bar hidden
[2020.11.15-06.19.14:947][  0]LogSlate: Updating window title bar state: overlay mode, drag disabled, window buttons hidden, title bar hidden
[2020.11.15-06.19.14:954][  0]LogSlate: Updating window title bar state: overlay mode, drag disabled, window buttons hidden, title bar hidden
[2020.11.15-06.19.15:059][  0]LogSlate: Took 0.000200 seconds to synchronously load lazily loaded font '../../../Engine/Content/Slate/Fonts/Roboto-Regular.ttf' (155K)
[2020.11.15-06.19.15:061][  0]LogSlate: Took 0.000129 seconds to synchronously load lazily loaded font '../../../Engine/Content/Slate/Fonts/Roboto-Bold.ttf' (160K)
[2020.11.15-06.19.15:137][  0]LogRenderer: Reallocating scene render targets to support 1740x924 Format 10 NumSamples 1 (Frame:1).
[2020.11.15-06.19.15:289][  0]LogLoad: (Engine Initialization) Total time: 6.04 seconds
[2020.11.15-06.19.15:289][  0]LogLoad: (Engine Initialization) Total Blueprint compile time: 0.00 seconds
[2020.11.15-06.19.15:330][  0]LogAssetRegistry: Asset discovery search completed in 2.8825 seconds
[2020.11.15-06.19.15:339][  0]LogCollectionManager: Loaded 0 collections in 0.001006 seconds
[2020.11.15-06.19.15:339][  0]LogCollectionManager: Fixed up redirectors for 0 collections in 0.000003 seconds (updated 0 objects)
[2020.11.15-06.19.15:340][  0]LogContentStreaming: Texture pool size now 1000 MB
[2020.11.15-06.19.15:744][ 46]LogFileCache: Scanning file cache for directory 'D:/Unreal Projects/Carnival/Carnival/Carnival/Saved/Collections/' took 0.40s
[2020.11.15-06.19.15:744][ 46]LogFileCache: Scanning file cache for directory 'D:/Unreal Projects/Carnival/Carnival/Carnival/Content/Developers/Eliah/Collections/' took 0.40s
[2020.11.15-06.19.15:744][ 46]LogFileCache: Scanning file cache for directory 'D:/Unreal Projects/Carnival/Carnival/Carnival/Content/Collections/' took 0.40s
[2020.11.15-06.19.19:312][462]LogContentBrowser: Native class hierarchy populated in 0.0083 seconds. Added 3427 classes and 821 folders.
[2020.11.15-06.19.19:377][462]LogSlate: Took 0.000176 seconds to synchronously load lazily loaded font '../../../Engine/Content/Slate/Fonts/Roboto-Light.ttf' (167K)
[2020.11.15-06.19.20:360][560]LogFileCache: Retrieving MD5 hashes for directory 'D:/Unreal Projects/Carnival/Carnival/Carnival/Content/' took 5.06s
[2020.11.15-06.19.20:879][621]LogUObjectHash: Compacting FUObjectHashTables data took   0.50ms
[2020.11.15-06.19.20:880][621]Cmd: MAP LOAD FILE="../../../../../../../Unreal Projects/Carnival/Carnival/Carnival/Content/FirstPersonBP/Maps/RollerCoasterMap.umap" TEMPLATE=0 SHOWPROGRESS=1 FEATURELEVEL=3
[2020.11.15-06.19.20:886][621]LogSlate: Took 0.002242 seconds to synchronously load lazily loaded font '../../../Engine/Content/Slate/Fonts/Roboto-Light.ttf' (167K)
[2020.11.15-06.19.20:898][621]LightingResults: New page: Lighting Build
[2020.11.15-06.19.20:898][621]LoadErrors: New page: Loading map: RollerCoasterMap.umap
[2020.11.15-06.19.20:918][621]LogWorld: UWorld::CleanupWorld for MainMenu, bSessionEnded=true, bCleanupResources=true
[2020.11.15-06.19.20:918][621]LogSlate: InvalidateAllWidgets triggered.  All widgets were invalidated
[2020.11.15-06.19.20:918][621]MapCheck: New page: Map Check
[2020.11.15-06.19.20:918][621]LightingResults: New page: Lighting Build
[2020.11.15-06.19.20:926][621]LogAISub: UAISubsystem::~UAISubsystem EnvQueryManager (0000018F43F2BE00), frame # 621
[2020.11.15-06.19.20:926][621]LogAISub: UAISubsystem::~UAISubsystem AIPerceptionSystem (0000018F4D21F880), frame # 621
[2020.11.15-06.19.20:927][621]LogUObjectHash: Compacting FUObjectHashTables data took   0.58ms
[2020.11.15-06.19.21:597][621]LogAIModule: Creating AISystem for world RollerCoasterMap
[2020.11.15-06.19.21:597][621]LogAISub: UAISubsystem::UAISubsystem EnvQueryManager (0000018F0501CC00), frame # 621
[2020.11.15-06.19.21:597][621]LogAISub: UAISubsystem::UAISubsystem AIPerceptionSystem (0000018F047EA480), frame # 621
[2020.11.15-06.19.21:690][621]LogEditorServer: Finished looking for orphan Actors (0.000 secs)
[2020.11.15-06.19.21:701][621]LogUObjectHash: Compacting FUObjectHashTables data took   0.76ms
[2020.11.15-06.19.21:731][621]Cmd: MAP CHECKDEP NOCLEARLOG
[2020.11.15-06.19.21:731][621]MapCheck: Map check complete: 0 Error(s), 0 Warning(s), took 0.083ms to complete.
[2020.11.15-06.19.21:731][621]LogFileHelpers: Loading map 'RollerCoasterMap' took 0.850
[2020.11.15-06.19.21:731][621]LogSlate: Window 'Open Level' being destroyed
[2020.11.15-06.19.23:767][828]LogTemp: Repeating last play command: New Editor Window (PIE)
[2020.11.15-06.19.23:786][828]LogPlayLevel: PlayLevel: No blueprints needed recompiling
[2020.11.15-06.19.23:786][828]PIE: New page: PIE session: RollerCoasterMap (16 Nov 2020, 3:19:23 am)
[2020.11.15-06.19.23:787][828]LogOnline: OSS: Creating online subsystem instance for: NULL
[2020.11.15-06.19.23:788][828]LogOnline: OSS: TryLoadSubsystemAndSetDefault: Loaded subsystem for module [NULL]
[2020.11.15-06.19.23:788][828]LogPlayLevel: Creating play world package: /Game/FirstPersonBP/Maps/UEDPIE_0_RollerCoasterMap
[2020.11.15-06.19.23:794][828]LogPlayLevel: PIE: StaticDuplicateObject took: (0.005309s)
[2020.11.15-06.19.23:794][828]LogAIModule: Creating AISystem for world RollerCoasterMap
[2020.11.15-06.19.23:794][828]LogAISub: UAISubsystem::UAISubsystem EnvQueryManager (0000018F68F7AA00), frame # 828
[2020.11.15-06.19.23:794][828]LogAISub: UAISubsystem::UAISubsystem AIPerceptionSystem (0000018FA3CF1440), frame # 828
[2020.11.15-06.19.23:795][828]LogPlayLevel: PIE: World Init took: (0.000915s)
[2020.11.15-06.19.23:795][828]LogPlayLevel: PIE: Created PIE world by copying editor world from /Game/FirstPersonBP/Maps/RollerCoasterMap.RollerCoasterMap to /Game/FirstPersonBP/Maps/UEDPIE_0_RollerCoasterMap.RollerCoasterMap (0.006340s)
[2020.11.15-06.19.23:802][828]LogUObjectHash: Compacting FUObjectHashTables data took   0.53ms
[2020.11.15-06.19.23:803][828]LogAudioMixer: Display: Audio Mixer Platform Settings:
[2020.11.15-06.19.23:803][828]LogAudioMixer: Display: 	Sample Rate:						  48000
[2020.11.15-06.19.23:803][828]LogAudioMixer: Display: 	Callback Buffer Frame Size Requested: 1024
[2020.11.15-06.19.23:803][828]LogAudioMixer: Display: 	Callback Buffer Frame Size To Use:	  1024
[2020.11.15-06.19.23:803][828]LogAudioMixer: Display: 	Number of buffers to queue:			  2
[2020.11.15-06.19.23:803][828]LogAudioMixer: Display: 	Max Channels (voices):				  32
[2020.11.15-06.19.23:803][828]LogAudioMixer: Display: 	Number of Async Source Workers:		  0
[2020.11.15-06.19.23:803][828]LogAudio: Display: AudioDevice MaxSources: 32
[2020.11.15-06.19.23:804][828]LogAudio: Display: Using built-in audio occlusion.
[2020.11.15-06.19.23:804][828]LogAudioMixer: Display: Initializing audio mixer.
[2020.11.15-06.19.23:809][828]LogAudioMixer: Display: 0: FrontLeft
[2020.11.15-06.19.23:809][828]LogAudioMixer: Display: 1: FrontRight
[2020.11.15-06.19.23:824][828]LogAudioMixer: Display: Using Audio Device Headphones (Xbox Controller)
[2020.11.15-06.19.23:824][828]LogAudioMixer: Display: Initializing Sound Submixes...
[2020.11.15-06.19.23:824][828]LogAudioMixer: Display: Creating Master Submix 'MasterSubmixDefault'
[2020.11.15-06.19.23:824][828]LogAudioMixer: Display: Creating Master Submix 'MasterReverbSubmixDefault'
[2020.11.15-06.19.23:825][828]LogAudioMixer: Display: Creating Master Submix 'MasterEQSubmixDefault'
[2020.11.15-06.19.23:833][828]LogInit: FAudioDevice initialized.
[2020.11.15-06.19.23:876][828]LogSlate: Updating window title bar state: overlay mode, drag disabled, window buttons hidden, title bar hidden
[2020.11.15-06.19.23:894][828]LogLoad: Game class is 'FirstPersonGameMode_C'
[2020.11.15-06.19.23:897][828]LogWorld: Bringing World /Game/FirstPersonBP/Maps/UEDPIE_0_RollerCoasterMap.RollerCoasterMap up for play (max tick rate 0) at 2020.11.15-16.49.23
[2020.11.15-06.19.23:897][828]LogWorld: Bringing up level for play took: 0.001984
[2020.11.15-06.19.23:897][828]LogOnline: OSS: Creating online subsystem instance for: :Context_1
[2020.11.15-06.19.23:899][828]LogGameMode: FindPlayerStart: PATHS NOT DEFINED or NO PLAYERSTART with positive rating
[2020.11.15-06.19.23:900][828]LogContentBrowser: Native class hierarchy updated for 'MovieSceneCapture' in 0.0003 seconds. Added 20 classes and 0 folders.
[2020.11.15-06.19.23:903][828]PIE: Server logged in
[2020.11.15-06.19.23:904][828]PIE: Play in editor total start time 0.122 seconds.
[2020.11.15-06.19.24:456][871]LogSpawn: Warning: SpawnActor failed because of collision at the spawn location [X=-6838.382 Y=2359.630 Z=188.769] for [FirstPersonProjectile_C]
[2020.11.15-06.20.17:172][133]LogSlate: Updating window title bar state: overlay mode, drag disabled, window buttons hidden, title bar hidden
[2020.11.15-06.20.17:172][133]LogWorld: BeginTearingDown for /Game/FirstPersonBP/Maps/UEDPIE_0_RollerCoasterMap
[2020.11.15-06.20.17:172][133]LogSlate: Window 'Carnival Preview [NetMode: Standalone] (64-bit/Windows) ' being destroyed
[2020.11.15-06.20.17:189][133]LogWorld: UWorld::CleanupWorld for RollerCoasterMap, bSessionEnded=true, bCleanupResources=true
[2020.11.15-06.20.17:190][133]LogSlate: InvalidateAllWidgets triggered.  All widgets were invalidated
[2020.11.15-06.20.17:195][133]LogPlayLevel: Display: Shutting down PIE online subsystems
[2020.11.15-06.20.17:197][133]LogSlate: InvalidateAllWidgets triggered.  All widgets were invalidated
[2020.11.15-06.20.17:219][133]LogAISub: UAISubsystem::~UAISubsystem AIPerceptionSystem (0000018FA3CF1440), frame # 7133
[2020.11.15-06.20.17:219][133]LogAISub: UAISubsystem::~UAISubsystem EnvQueryManager (0000018F68F7AA00), frame # 7133
[2020.11.15-06.20.17:220][133]LogUObjectHash: Compacting FUObjectHashTables data took   0.74ms
[2020.11.15-06.20.17:243][134]LogPlayLevel: Display: Destroying online subsystem :Context_1
[2020.11.15-06.21.01:643][384]Cmd: CAMERA ALIGN ACTIVEVIEWPORTONLY
[2020.11.15-06.21.01:643][384]Can't find target actor or component.
[2020.11.15-06.21.02:489][481]LogSlate: Took 0.005499 seconds to synchronously load lazily loaded font '../../../Engine/Content/Editor/Slate/Fonts/FontAwesome.ttf' (139K)
[2020.11.15-06.21.03:592][608]Cmd: DELETE
[2020.11.15-06.21.03:592][608]Cmd: ACTOR DELETE
[2020.11.15-06.21.03:596][608]LogEditorActor: Deleted Actor: StaticMeshActor
[2020.11.15-06.21.03:605][608]LogUObjectHash: Compacting FUObjectHashTables data took   0.60ms
[2020.11.15-06.21.03:607][608]LogEditorActor: Deleted 1 Actors (0.015 secs)
[2020.11.15-06.21.05:574][839]LogTemp: Repeating last play command: New Editor Window (PIE)
[2020.11.15-06.21.05:589][839]LogPlayLevel: PlayLevel: No blueprints needed recompiling
[2020.11.15-06.21.05:590][839]PIE: New page: PIE session: RollerCoasterMap (16 Nov 2020, 3:21:05 am)
[2020.11.15-06.21.05:590][839]LogPlayLevel: Creating play world package: /Game/FirstPersonBP/Maps/UEDPIE_0_RollerCoasterMap
[2020.11.15-06.21.05:595][839]LogPlayLevel: PIE: StaticDuplicateObject took: (0.005329s)
[2020.11.15-06.21.05:596][839]LogAIModule: Creating AISystem for world RollerCoasterMap
[2020.11.15-06.21.05:596][839]LogAISub: UAISubsystem::UAISubsystem EnvQueryManager (0000018F605A5A00), frame # 12839
[2020.11.15-06.21.05:596][839]LogAISub: UAISubsystem::UAISubsystem AIPerceptionSystem (0000018F04DAA200), frame # 12839
[2020.11.15-06.21.05:596][839]LogPlayLevel: PIE: World Init took: (0.001147s)
[2020.11.15-06.21.05:596][839]LogPlayLevel: PIE: Created PIE world by copying editor world from /Game/FirstPersonBP/Maps/RollerCoasterMap.RollerCoasterMap to /Game/FirstPersonBP/Maps/UEDPIE_0_RollerCoasterMap.RollerCoasterMap (0.006587s)
[2020.11.15-06.21.05:604][839]LogUObjectHash: Compacting FUObjectHashTables data took   0.55ms
[2020.11.15-06.21.05:605][839]LogAudioMixer: Display: Audio Mixer Platform Settings:
[2020.11.15-06.21.05:605][839]LogAudioMixer: Display: 	Sample Rate:						  48000
[2020.11.15-06.21.05:605][839]LogAudioMixer: Display: 	Callback Buffer Frame Size Requested: 1024
[2020.11.15-06.21.05:605][839]LogAudioMixer: Display: 	Callback Buffer Frame Size To Use:	  1024
[2020.11.15-06.21.05:605][839]LogAudioMixer: Display: 	Number of buffers to queue:			  2
[2020.11.15-06.21.05:605][839]LogAudioMixer: Display: 	Max Channels (voices):				  32
[2020.11.15-06.21.05:605][839]LogAudioMixer: Display: 	Number of Async Source Workers:		  0
[2020.11.15-06.21.05:605][839]LogAudio: Display: AudioDevice MaxSources: 32
[2020.11.15-06.21.05:606][839]LogAudio: Display: Using built-in audio occlusion.
[2020.11.15-06.21.05:606][839]LogAudioMixer: Display: Initializing audio mixer.
[2020.11.15-06.21.05:610][839]LogAudioMixer: Display: 0: FrontLeft
[2020.11.15-06.21.05:610][839]LogAudioMixer: Display: 1: FrontRight
[2020.11.15-06.21.05:626][839]LogAudioMixer: Display: Using Audio Device Headphones (Xbox Controller)
[2020.11.15-06.21.05:626][839]LogAudioMixer: Display: Initializing Sound Submixes...
[2020.11.15-06.21.05:626][839]LogAudioMixer: Display: Creating Master Submix 'MasterSubmixDefault'
[2020.11.15-06.21.05:626][839]LogAudioMixer: Display: Creating Master Submix 'MasterReverbSubmixDefault'
[2020.11.15-06.21.05:626][839]LogAudioMixer: Display: Creating Master Submix 'MasterEQSubmixDefault'
[2020.11.15-06.21.05:635][839]LogInit: FAudioDevice initialized.
[2020.11.15-06.21.05:692][839]LogSlate: Updating window title bar state: overlay mode, drag disabled, window buttons hidden, title bar hidden
[2020.11.15-06.21.05:692][839]LogLoad: Game class is 'FirstPersonGameMode_C'
[2020.11.15-06.21.05:695][839]LogWorld: Bringing World /Game/FirstPersonBP/Maps/UEDPIE_0_RollerCoasterMap.RollerCoasterMap up for play (max tick rate 0) at 2020.11.15-16.51.05
[2020.11.15-06.21.05:696][839]LogWorld: Bringing up level for play took: 0.002659
[2020.11.15-06.21.05:696][839]LogOnline: OSS: Creating online subsystem instance for: :Context_4
[2020.11.15-06.21.05:697][839]LogGameMode: FindPlayerStart: PATHS NOT DEFINED or NO PLAYERSTART with positive rating
[2020.11.15-06.21.05:699][839]PIE: Server logged in
[2020.11.15-06.21.05:700][839]PIE: Play in editor total start time 0.115 seconds.
[2020.11.15-06.21.29:773][700]LogSpawn: Warning: SpawnActor failed because of collision at the spawn location [X=1071.578 Y=-641.139 Z=1339.824] for [FirstPersonProjectile_C]
[2020.11.15-06.21.58:652][132]LogSlate: Updating window title bar state: overlay mode, drag disabled, window buttons hidden, title bar hidden
[2020.11.15-06.21.58:652][132]LogWorld: BeginTearingDown for /Game/FirstPersonBP/Maps/UEDPIE_0_RollerCoasterMap
[2020.11.15-06.21.58:652][132]LogSlate: Window 'Carnival Preview [NetMode: Standalone] (64-bit/Windows) ' being destroyed
[2020.11.15-06.21.58:670][132]LogWorld: UWorld::CleanupWorld for RollerCoasterMap, bSessionEnded=true, bCleanupResources=true
[2020.11.15-06.21.58:670][132]LogSlate: InvalidateAllWidgets triggered.  All widgets were invalidated
[2020.11.15-06.21.58:675][132]LogPlayLevel: Display: Shutting down PIE online subsystems
[2020.11.15-06.21.58:677][132]LogSlate: InvalidateAllWidgets triggered.  All widgets were invalidated
[2020.11.15-06.21.58:698][132]LogAISub: UAISubsystem::~UAISubsystem AIPerceptionSystem (0000018F04DAA200), frame # 19132
[2020.11.15-06.21.58:698][132]LogAISub: UAISubsystem::~UAISubsystem EnvQueryManager (0000018F605A5A00), frame # 19132
[2020.11.15-06.21.58:699][132]LogUObjectHash: Compacting FUObjectHashTables data took   0.57ms
[2020.11.15-06.21.58:722][133]LogPlayLevel: Display: Destroying online subsystem :Context_4
[2020.11.15-06.22.00:225][308]Cmd: TRANSACTION UNDO
[2020.11.15-06.22.00:225][308]LogEditorTransaction: Undo Delete Actors
[2020.11.15-06.24.17:050][364]LogSlate: Took 0.002333 seconds to synchronously load lazily loaded font '../../../Engine/Content/Slate/Fonts/Roboto-Italic.ttf' (157K)
[2020.11.15-06.24.29:083][ 49]LogEditorViewport: Clicking on Actor (LMB): StaticMeshActor (SkySphere)
[2020.11.15-06.24.45:663][965]MapCheck: New page: Map Check
[2020.11.15-06.24.45:679][965]Cmd: MAP REBUILD ALLVISIBLE
[2020.11.15-06.24.45:679][965]LogEditorServer: Rebuildmap Clear paths rebuilt
[2020.11.15-06.24.45:774][965]LogWorld: UWorld::CleanupWorld for RollerCoasterMap, bSessionEnded=true, bCleanupResources=false
[2020.11.15-06.24.45:803][965]LogNavigationDataBuild: Display: UNavigationSystemV1::Build started...
[2020.11.15-06.24.45:803][965]LogNavigationDataBuild: Display:    Building navigation data using PHYSICS_INTERFACE_PHYSX.
[2020.11.15-06.24.45:803][965]LogNavigationDataBuild: Display:    Building navigation data using WITH_PHYSX.
[2020.11.15-06.24.45:813][965]LogUObjectHash: Compacting FUObjectHashTables data took   0.59ms
[2020.11.15-06.24.45:818][965]LogMaterial: Display: Missing cached shader map for material DebugViewMode MaterialTexCoordScale, compiling. 
[2020.11.15-06.24.45:848][965]LogMaterial: Display: Missing cached shader map for material DebugViewMode MaterialTexCoordScale, compiling. 
[2020.11.15-06.24.45:850][965]LogMaterial: Display: Missing cached shader map for material DebugViewMode MaterialTexCoordScale, compiling. 
[2020.11.15-06.24.45:851][965]LogMaterial: Display: Missing cached shader map for material DebugViewMode MaterialTexCoordScale, compiling. 
[2020.11.15-06.24.45:852][965]LogMaterial: Display: Missing cached shader map for material DebugViewMode MaterialTexCoordScale, compiling. 
[2020.11.15-06.24.45:853][965]LogShaderCompilers: Display: Worker (1/5): shaders left to compile 8
[2020.11.15-06.24.45:853][965]LogShaderCompilers: Display: Worker (2/5): shaders left to compile 7
[2020.11.15-06.24.45:853][965]LogShaderCompilers: Display: Worker (3/5): shaders left to compile 6
[2020.11.15-06.24.45:853][965]LogShaderCompilers: Display: Worker (4/5): shaders left to compile 5
[2020.11.15-06.24.45:853][965]LogMaterial: Display: Missing cached shader map for material DebugViewMode MaterialTexCoordScale, compiling. 
[2020.11.15-06.24.45:854][965]LogMaterial: Display: Missing cached shader map for material DebugViewMode MaterialTexCoordScale, compiling. 
[2020.11.15-06.24.45:855][965]LogMaterial: Display: Missing cached shader map for material DebugViewMode MaterialTexCoordScale, compiling. 
[2020.11.15-06.24.45:857][965]LogMaterial: Display: Missing cached shader map for material DebugViewMode MaterialTexCoordScale, compiling. 
[2020.11.15-06.24.45:858][965]LogMaterial: Display: Missing cached shader map for material DebugViewMode MaterialTexCoordScale, compiling. 
[2020.11.15-06.24.45:859][965]LogMaterial: Display: Missing cached shader map for material DebugViewMode MaterialTexCoordScale, compiling. 
[2020.11.15-06.24.45:860][965]LogMaterial: Display: Missing cached shader map for material DebugViewMode MaterialTexCoordScale, compiling. 
[2020.11.15-06.24.45:861][965]LogMaterial: Display: Missing cached shader map for material DebugViewMode MaterialTexCoordScale, compiling. 
[2020.11.15-06.24.45:862][965]LogMaterial: Display: Missing cached shader map for material DebugViewMode MaterialTexCoordScale, compiling. 
[2020.11.15-06.24.45:863][965]LogMaterial: Display: Missing cached shader map for material DebugViewMode MaterialTexCoordScale, compiling. 
[2020.11.15-06.24.45:864][965]LogMaterial: Display: Missing cached shader map for material DebugViewMode MaterialTexCoordScale, compiling. 
[2020.11.15-06.24.45:865][965]LogMaterial: Display: Missing cached shader map for material DebugViewMode MaterialTexCoordScale, compiling. 
[2020.11.15-06.24.45:866][965]LogMaterial: Display: Missing cached shader map for material DebugViewMode MaterialTexCoordScale, compiling. 
[2020.11.15-06.24.45:867][965]LogMaterial: Display: Missing cached shader map for material DebugViewMode MaterialTexCoordScale, compiling. 
[2020.11.15-06.24.45:868][965]LogMaterial: Display: Missing cached shader map for material DebugViewMode MaterialTexCoordScale, compiling. 
[2020.11.15-06.24.45:869][965]LogMaterial: Display: Missing cached shader map for material DebugViewMode MaterialTexCoordScale, compiling. 
[2020.11.15-06.24.45:870][965]LogMaterial: Display: Missing cached shader map for material DebugViewMode MaterialTexCoordScale, compiling. 
[2020.11.15-06.24.45:872][965]LogMaterial: Display: Missing cached shader map for material DebugViewMode MaterialTexCoordScale, compiling. 
[2020.11.15-06.24.45:873][965]LogMaterial: Display: Missing cached shader map for material DebugViewMode MaterialTexCoordScale, compiling. 
[2020.11.15-06.24.45:874][965]LogMaterial: Display: Missing cached shader map for material DebugViewMode MaterialTexCoordScale, compiling. 
[2020.11.15-06.24.45:875][965]LogMaterial: Display: Missing cached shader map for material DebugViewMode MaterialTexCoordScale, compiling. 
[2020.11.15-06.24.45:876][965]LogMaterial: Display: Missing cached shader map for material DebugViewMode MaterialTexCoordScale, compiling. 
[2020.11.15-06.24.45:877][965]LogMaterial: Display: Missing cached shader map for material DebugViewMode MaterialTexCoordScale, compiling. 
[2020.11.15-06.24.45:879][965]LogMaterial: Display: Missing cached shader map for material DebugViewMode MaterialTexCoordScale, compiling. 
[2020.11.15-06.24.45:880][965]LogMaterial: Display: Missing cached shader map for material DebugViewMode MaterialTexCoordScale, compiling. 
[2020.11.15-06.24.45:884][965]LogMaterial: Display: Missing cached shader map for material DebugViewMode MaterialTexCoordScale, compiling. 
[2020.11.15-06.24.49:280][965]LogShaderCompilers: Display: Worker (2/5): shaders left to compile 58
[2020.11.15-06.24.49:280][965]LogShaderCompilers: Display: Worker (4/5): shaders left to compile 57
[2020.11.15-06.24.49:280][965]LogShaderCompilers: Display: Worker (1/5): shaders left to compile 56
[2020.11.15-06.24.49:280][965]LogShaderCompilers: Display: Worker (3/5): shaders left to compile 55
[2020.11.15-06.24.49:280][965]LogShaderCompilers: Display: Worker (1/5): shaders left to compile 54
[2020.11.15-06.24.49:280][965]LogShaderCompilers: Display: Worker (2/5): shaders left to compile 53
[2020.11.15-06.24.49:280][965]LogShaderCompilers: Display: Worker (4/5): shaders left to compile 52
[2020.11.15-06.24.49:280][965]LogShaderCompilers: Display: Worker (3/5): shaders left to compile 51
[2020.11.15-06.24.49:280][965]LogShaderCompilers: Display: Worker (1/5): shaders left to compile 50
[2020.11.15-06.24.49:280][965]LogShaderCompilers: Display: Worker (4/5): shaders left to compile 49
[2020.11.15-06.24.49:280][965]LogShaderCompilers: Display: Worker (2/5): shaders left to compile 48
[2020.11.15-06.24.49:280][965]LogShaderCompilers: Display: Worker (1/5): shaders left to compile 47
[2020.11.15-06.24.49:280][965]LogShaderCompilers: Display: Worker (3/5): shaders left to compile 46
[2020.11.15-06.24.49:280][965]LogShaderCompilers: Display: Worker (2/5): shaders left to compile 45
[2020.11.15-06.24.49:280][965]LogShaderCompilers: Display: Worker (4/5): shaders left to compile 44
[2020.11.15-06.24.49:280][965]LogShaderCompilers: Display: Worker (3/5): shaders left to compile 43
[2020.11.15-06.24.49:280][965]LogShaderCompilers: Display: Worker (1/5): shaders left to compile 42
[2020.11.15-06.24.49:280][965]LogShaderCompilers: Display: Worker (4/5): shaders left to compile 41
[2020.11.15-06.24.49:280][965]LogShaderCompilers: Display: Worker (1/5): shaders left to compile 40
[2020.11.15-06.24.49:280][965]LogShaderCompilers: Display: Worker (2/5): shaders left to compile 39
[2020.11.15-06.24.49:280][965]LogShaderCompilers: Display: Worker (3/5): shaders left to compile 38
[2020.11.15-06.24.49:280][965]LogShaderCompilers: Display: Worker (1/5): shaders left to compile 37
[2020.11.15-06.24.49:280][965]LogShaderCompilers: Display: Worker (3/5): shaders left to compile 36
[2020.11.15-06.24.49:280][965]LogShaderCompilers: Display: Worker (4/5): shaders left to compile 35
[2020.11.15-06.24.49:280][965]LogShaderCompilers: Display: Worker (2/5): shaders left to compile 34
[2020.11.15-06.24.49:280][965]LogShaderCompilers: Display: Worker (3/5): shaders left to compile 33
[2020.11.15-06.24.49:280][965]LogShaderCompilers: Display: Worker (1/5): shaders left to compile 32
[2020.11.15-06.24.49:280][965]LogShaderCompilers: Display: Worker (2/5): shaders left to compile 31
[2020.11.15-06.24.49:280][965]LogShaderCompilers: Display: Worker (4/5): shaders left to compile 30
[2020.11.15-06.24.49:280][965]LogShaderCompilers: Display: Worker (1/5): shaders left to compile 29
[2020.11.15-06.24.49:280][965]LogShaderCompilers: Display: Worker (3/5): shaders left to compile 28
[2020.11.15-06.24.49:280][965]LogShaderCompilers: Display: Worker (4/5): shaders left to compile 27
[2020.11.15-06.24.49:280][965]LogShaderCompilers: Display: Worker (2/5): shaders left to compile 26
[2020.11.15-06.24.49:280][965]LogShaderCompilers: Display: Worker (3/5): shaders left to compile 25
[2020.11.15-06.24.49:280][965]LogShaderCompilers: Display: Worker (1/5): shaders left to compile 24
[2020.11.15-06.24.49:280][965]LogShaderCompilers: Display: Worker (2/5): shaders left to compile 23
[2020.11.15-06.24.49:280][965]LogShaderCompilers: Display: Worker (4/5): shaders left to compile 22
[2020.11.15-06.24.49:280][965]LogShaderCompilers: Display: Worker (1/5): shaders left to compile 21
[2020.11.15-06.24.49:280][965]LogShaderCompilers: Display: Worker (3/5): shaders left to compile 20
[2020.11.15-06.24.49:280][965]LogShaderCompilers: Display: Worker (4/5): shaders left to compile 19
[2020.11.15-06.24.49:280][965]LogShaderCompilers: Display: Worker (2/5): shaders left to compile 18
[2020.11.15-06.24.49:280][965]LogShaderCompilers: Display: Worker (3/5): shaders left to compile 17
[2020.11.15-06.24.49:280][965]LogShaderCompilers: Display: Worker (1/5): shaders left to compile 16
[2020.11.15-06.24.49:280][965]LogShaderCompilers: Display: Worker (2/5): shaders left to compile 15
[2020.11.15-06.24.49:280][965]LogShaderCompilers: Display: Worker (4/5): shaders left to compile 14
[2020.11.15-06.24.49:280][965]LogShaderCompilers: Display: Worker (1/5): shaders left to compile 13
[2020.11.15-06.24.49:280][965]LogShaderCompilers: Display: Worker (3/5): shaders left to compile 12
[2020.11.15-06.24.49:280][965]LogShaderCompilers: Display: Worker (4/5): shaders left to compile 11
[2020.11.15-06.24.49:281][965]LogShaderCompilers: Display: Worker (2/5): shaders left to compile 10
[2020.11.15-06.24.49:281][965]LogShaderCompilers: Display: Worker (3/5): shaders left to compile 9
[2020.11.15-06.24.49:281][965]LogShaderCompilers: Display: Worker (1/5): shaders left to compile 8
[2020.11.15-06.24.49:281][965]LogShaderCompilers: Display: Worker (2/5): shaders left to compile 7
[2020.11.15-06.24.49:281][965]LogShaderCompilers: Display: Worker (4/5): shaders left to compile 6
[2020.11.15-06.24.49:281][965]LogShaderCompilers: Display: Worker (1/5): shaders left to compile 5
[2020.11.15-06.24.49:281][965]LogShaderCompilers: Display: Worker (3/5): shaders left to compile 4
[2020.11.15-06.24.49:281][965]LogShaderCompilers: Display: Worker (4/5): shaders left to compile 3
[2020.11.15-06.24.49:281][965]LogShaderCompilers: Display: Worker (2/5): shaders left to compile 2
[2020.11.15-06.24.49:281][965]LogShaderCompilers: Display: Worker (1/5): shaders left to compile 1
[2020.11.15-06.24.49:281][965]TextureStreamingBuild: Display: Compiling optional shaders took 3.466 seconds.
[2020.11.15-06.24.49:436][965]LogLevel: Display: Export Material TexCoord Scales took 0.155 seconds.
[2020.11.15-06.24.49:470][965]TextureStreamingBuild: Display: Build Texture Streaming took 0.034 seconds.
[2020.11.15-06.24.49:477][965]LogUObjectHash: Compacting FUObjectHashTables data took   0.23ms
[2020.11.15-06.24.49:496][965]LightingResults: New page: Lighting Build - 16 Nov 2020, 3:24:49 am
[2020.11.15-06.24.49:678][965]LogSwarmInterface: [OpenConnection] Registering TCP channel ...
[2020.11.15-06.24.49:788][965]LogSwarmInterface: [OpenConnection] Connecting to agent ...
[2020.11.15-06.24.49:804][965]LogSwarmInterface: [TryOpenConnection] Testing the Agent
[2020.11.15-06.24.50:827][965]LogSwarmInterface: [TryOpenConnection] Opening Connection to Agent
[2020.11.15-06.24.50:827][965]LogSwarmInterface: [TryOpenConnection] Local Process ID is 3792
[2020.11.15-06.24.53:342][965]LightingResults: Warning: No importance volume found and the scene is so large that the automatically synthesized volume will not yield good results.  Please add a tightly bounding lightmass importance volume to optimize your scene's quality and lighting build times.
[2020.11.15-06.24.53:349][965]LogStaticLightingSystem: Running Lightmass w/ ImmediateImport mode ENABLED
[2020.11.15-06.24.53:349][965]LogStaticLightingSystem: Running Lightmass w/ ImmediateProcess mode ENABLED
[2020.11.15-06.24.53:349][965]LogStaticLightingSystem: Running Lightmass w/ Sorting mode ENABLED
[2020.11.15-06.24.53:349][965]LogStaticLightingSystem: Running Lightmass w/ Mapping paddings ENABLED
[2020.11.15-06.24.53:349][965]LogStaticLightingSystem: Running Lightmass w/ Mapping debug paddings DISABLED
[2020.11.15-06.24.53:659][965]Cmd: MAP CHECK DONTDISPLAYDIALOG
[2020.11.15-06.24.53:659][965]MapCheck: New page: RollerCoasterMap - 16 Nov 2020, 3:24:53 am
[2020.11.15-06.24.53:659][965]MapCheck: Error: WorldSettings_1 Maps need lighting rebuilt 
[2020.11.15-06.24.53:659][965]MapCheck: Map check complete: 1 Error(s), 0 Warning(s), took 0.509ms to complete.
[2020.11.15-06.24.53:661][965]LogEditorBuildUtils: Build time 0:07
[2020.11.15-06.24.53:867][965]LogSlate: Took 0.000146 seconds to synchronously load lazily loaded font '../../../Engine/Content/Slate/Fonts/DroidSansMono.ttf' (77K)
[2020.11.15-06.24.54:207][969]LogUObjectHash: Compacting FUObjectHashTables data took   0.25ms
[2020.11.15-06.27.10:299][534]Job is a success!
[2020.11.15-06.27.10:913][535]LogVolumetricLightmapImport: Imported Volumetric Lightmap in 0.101s
[2020.11.15-06.27.10:913][535]LogVolumetricLightmapImport:      Indirection Texture 32x32x32 = 0.1Mb
[2020.11.15-06.27.10:913][535]LogVolumetricLightmapImport:      BrickData (all levels) 0.9Mb
[2020.11.15-06.27.10:913][535]LogVolumetricLightmapImport:      Bricks at depth
[2020.11.15-06.27.10:913][535]LogVolumetricLightmapImport:          0: 4.1% covering 100.0% of volume
[2020.11.15-06.27.10:913][535]LogVolumetricLightmapImport:          1: 21.3% covering 8.2% of volume
[2020.11.15-06.27.10:913][535]LogVolumetricLightmapImport:          2: 74.6% covering 0.4% of volume
[2020.11.15-06.27.10:913][535]LogVolumetricLightmapImport:      Bricks in each level
[2020.11.15-06.27.10:913][535]LogVolumetricLightmapImport:          RollerCoasterMap 			 197 bricks 	 100.0% (Persistent Level)
[2020.11.15-06.27.11:156][535]LogTexture: Display: Building textures: LQ_Lightmap_0_1 (DXT1, 256X256)
[2020.11.15-06.27.11:156][535]LogTexture: Display: Building textures: HQ_Lightmap0_1 (AutoDXT, 256X256)
[2020.11.15-06.27.11:156][535]LogTexture: Display: Building textures: HQ_Lightmap0_2 (AutoDXT, 512X512)
[2020.11.15-06.27.11:156][535]LogTexture: Display: Building textures: LQ_Lightmap_0_2 (DXT1, 512X512)
[2020.11.15-06.27.11:156][535]LogTexture: Display: Building textures: HQ_Lightmap0_3 (AutoDXT, 64X64)
[2020.11.15-06.27.11:156][535]LogTexture: Display: Building textures: LQ_Lightmap_0_3 (DXT1, 64X64)
[2020.11.15-06.27.11:244][535]LogTexture: Display: Building textures: ShadowMapTexture2D_4 (G8, 32X32)
[2020.11.15-06.27.11:244][535]LogTexture: Display: Building textures: ShadowMapTexture2D_0 (G8, 128X128)
[2020.11.15-06.27.11:244][535]LogTexture: Display: Building textures: ShadowMapTexture2D_1 (G8, 1024X128)
[2020.11.15-06.27.11:244][535]Lightmass on WEAPONX: 2:16 min total, 1.40 sec importing, 773 ms setup, 10.7 sec photons, 2:02 min processing, 0 ms extra exporting [31/31 mappings]. Threads: 14:20 min total, 20.0 sec processing.
[2020.11.15-06.27.11:244][535]LogStaticLightingSystem: RollerCoasterMap_BuiltData storing lightmap data for 31 meshes in 4 LightmapResourceClusters (7.8 Meshes per cluster).
[2020.11.15-06.27.11:251][535]LogMaterial: Display: Material /Game/FirstPersonBP/Assets/Art/Materials/M_BallonCord.M_BallonCord needed to have new flag set bUsedWithStaticLighting !
[2020.11.15-06.27.11:253][535]LogMaterial: Display: Missing cached shader map for material M_BallonCord, compiling. 
[2020.11.15-06.27.11:299][535]LogMaterial: Display: Material /Game/FirstPersonBP/Assets/Art/Materials/M_Balloon.M_Balloon needed to have new flag set bUsedWithStaticLighting !
[2020.11.15-06.27.11:300][535]LogMaterial: Display: Missing cached shader map for material M_Balloon, compiling. 
[2020.11.15-06.27.11:312][535]LogShaderCompilers: Display: Worker (1/5): shaders left to compile 24
[2020.11.15-06.27.11:312][535]LogShaderCompilers: Display: Worker (2/5): shaders left to compile 17
[2020.11.15-06.27.11:312][535]LogShaderCompilers: Display: Worker (3/5): shaders left to compile 10
[2020.11.15-06.27.11:312][535]LogShaderCompilers: Display: Worker (4/5): shaders left to compile 3
[2020.11.15-06.27.11:312][535]LogMaterial: Display: Material /Game/FirstPersonBP/Assets/Art/Materials/M_BubbleMaster.M_BubbleMaster needed to have new flag set bUsedWithStaticLighting !
[2020.11.15-06.27.11:313][535]LogMaterial: Display: Missing cached shader map for material M_BubbleMaster, compiling. 
[2020.11.15-06.27.11:392][535]LogMaterial: Display: Material /Game/FirstPersonBP/Assets/Art/Materials/M_DonutGlaze.M_DonutGlaze needed to have new flag set bUsedWithStaticLighting !
[2020.11.15-06.27.11:393][535]LogMaterial: Display: Missing cached shader map for material M_DonutGlaze, compiling. 
[2020.11.15-06.27.11:410][535]LogMaterial: Display: Material /Game/FirstPersonBP/Assets/Art/Materials/M_Donut.M_Donut needed to have new flag set bUsedWithStaticLighting !
[2020.11.15-06.27.11:411][535]LogMaterial: Display: Missing cached shader map for material M_Donut, compiling. 
[2020.11.15-06.27.11:424][535]LogMaterial: Display: Material /Game/FirstPersonBP/Assets/Art/Materials/M_DonutSprinkle1.M_DonutSprinkle1 needed to have new flag set bUsedWithStaticLighting !
[2020.11.15-06.27.11:425][535]LogMaterial: Display: Missing cached shader map for material M_DonutSprinkle1, compiling. 
[2020.11.15-06.27.11:446][535]LogMaterial: Display: Material /Game/FirstPersonBP/Assets/Art/Materials/M_DonutSprinkle2.M_DonutSprinkle2 needed to have new flag set bUsedWithStaticLighting !
[2020.11.15-06.27.11:448][535]LogMaterial: Display: Missing cached shader map for material M_DonutSprinkle2, compiling. 
[2020.11.15-06.27.11:464][535]LogMaterial: Display: Material /Game/FirstPersonBP/Assets/Art/Materials/M_DonutSprinkle3.M_DonutSprinkle3 needed to have new flag set bUsedWithStaticLighting !
[2020.11.15-06.27.11:465][535]LogMaterial: Display: Missing cached shader map for material M_DonutSprinkle3, compiling. 
[2020.11.15-06.27.11:483][535]LogMaterial: Display: Material /Game/FirstPersonBP/Assets/Art/Materials/M_NeonBlue.M_NeonBlue needed to have new flag set bUsedWithStaticLighting !
[2020.11.15-06.27.11:485][535]LogMaterial: Display: Missing cached shader map for material M_NeonBlue, compiling. 
[2020.11.15-06.27.11:503][535]LogMaterial: Display: Material /Game/FirstPersonBP/Assets/Art/Materials/M_NeonTurquoise.M_NeonTurquoise needed to have new flag set bUsedWithStaticLighting !
[2020.11.15-06.27.11:504][535]LogMaterial: Display: Missing cached shader map for material M_NeonTurquoise, compiling. 
[2020.11.15-06.27.11:519][535]LogMaterial: Display: Material /Game/FirstPersonBP/Assets/Art/Materials/M_NeonLemon.M_NeonLemon needed to have new flag set bUsedWithStaticLighting !
[2020.11.15-06.27.11:520][535]LogMaterial: Display: Missing cached shader map for material M_NeonLemon, compiling. 
[2020.11.15-06.27.11:536][535]LogMaterial: Display: Material /Game/FirstPersonBP/Assets/Art/Materials/M_NeonGreen.M_NeonGreen needed to have new flag set bUsedWithStaticLighting !
[2020.11.15-06.27.11:538][535]LogMaterial: Display: Missing cached shader map for material M_NeonGreen, compiling. 
[2020.11.15-06.27.11:555][535]LogMaterial: Display: Material /Game/FirstPersonBP/Assets/Art/Materials/M_NeonYellow.M_NeonYellow needed to have new flag set bUsedWithStaticLighting !
[2020.11.15-06.27.11:556][535]LogMaterial: Display: Missing cached shader map for material M_NeonYellow, compiling. 
[2020.11.15-06.27.11:579][535]LogMaterial: Display: Material /Game/FirstPersonBP/Assets/Art/Materials/M_NeonOrange.M_NeonOrange needed to have new flag set bUsedWithStaticLighting !
[2020.11.15-06.27.11:580][535]LogMaterial: Display: Missing cached shader map for material M_NeonOrange, compiling. 
[2020.11.15-06.27.11:600][535]LogMaterial: Display: Material /Game/FirstPersonBP/Assets/Art/Materials/M_NeonCorail.M_NeonCorail needed to have new flag set bUsedWithStaticLighting !
[2020.11.15-06.27.11:601][535]LogMaterial: Display: Missing cached shader map for material M_NeonCorail, compiling. 
[2020.11.15-06.27.11:618][535]LogMaterial: Display: Material /Game/FirstPersonBP/Assets/Art/Materials/M_NeonPink.M_NeonPink needed to have new flag set bUsedWithStaticLighting !
[2020.11.15-06.27.11:619][535]LogMaterial: Display: Missing cached shader map for material M_NeonPink, compiling. 
[2020.11.15-06.27.11:643][535]LogMaterial: Display: Material /Game/FirstPersonBP/Assets/Art/Materials/M_NeonMauve.M_NeonMauve needed to have new flag set bUsedWithStaticLighting !
[2020.11.15-06.27.11:644][535]LogMaterial: Display: Missing cached shader map for material M_NeonMauve, compiling. 
[2020.11.15-06.27.11:667][535]LogMaterial: Display: Material /Game/FirstPersonBP/Assets/Art/Materials/M_SignYellow.M_SignYellow needed to have new flag set bUsedWithStaticLighting !
[2020.11.15-06.27.11:669][535]LogMaterial: Display: Missing cached shader map for material M_SignYellow, compiling. 
[2020.11.15-06.27.11:691][535]LogMaterial: Display: Material /Game/FirstPersonBP/Assets/Art/Materials/M_SignTimber.M_SignTimber needed to have new flag set bUsedWithStaticLighting !
[2020.11.15-06.27.11:693][535]LogMaterial: Display: Missing cached shader map for material M_SignTimber, compiling. 
[2020.11.15-06.27.11:717][535]LogMaterial: Display: Material /Game/FirstPersonBP/Assets/Art/Materials/M_SignPurple.M_SignPurple needed to have new flag set bUsedWithStaticLighting !
[2020.11.15-06.27.11:718][535]LogMaterial: Display: Missing cached shader map for material M_SignPurple, compiling. 
[2020.11.15-06.27.11:742][535]LogMaterial: Display: Material /Game/FirstPersonBP/Assets/Art/Materials/M_TubeGlassMaster.M_TubeGlassMaster needed to have new flag set bUsedWithStaticLighting !
[2020.11.15-06.27.11:744][535]LogMaterial: Display: Missing cached shader map for material M_TubeGlassMaster, compiling. 
[2020.11.15-06.27.11:779][535]LogMaterial: Display: Material /Game/FirstPersonBP/Assets/Art/Materials/M_TubeFrame.M_TubeFrame needed to have new flag set bUsedWithStaticLighting !
[2020.11.15-06.27.11:781][535]LogMaterial: Display: Missing cached shader map for material M_TubeFrame, compiling. 
[2020.11.15-06.27.11:801][535]LogMaterial: Display: Material /Game/FirstPersonBP/Assets/Art/RollerCoaster/M_RollerCoaster.M_RollerCoaster needed to have new flag set bUsedWithStaticLighting !
[2020.11.15-06.27.11:803][535]LogMaterial: Display: Missing cached shader map for material M_RollerCoaster, compiling. 
[2020.11.15-06.27.11:822][535]LogMaterial: Display: Material /Game/FirstPersonBP/Assets/Art/Materials/M_SkySphere.M_SkySphere needed to have new flag set bUsedWithStaticLighting !
[2020.11.15-06.27.11:824][535]LogMaterial: Display: Missing cached shader map for material M_SkySphere, compiling. 
[2020.11.15-06.27.11:856][535]LogUObjectHash: Compacting FUObjectHashTables data took   0.94ms
[2020.11.15-06.27.11:871][535]LogStaticLightingSystem: Illumination: 2:22 min (240 ms encoding lightmaps, 23 ms encoding shadowmaps)
[2020.11.15-06.27.11:871][535]LogStaticLightingSystem: Lightmap texture memory:  0.6 MB (0.6 MB streaming, 0.0 MB non-streaming), 6 textures
[2020.11.15-06.27.11:871][535]LogStaticLightingSystem: Shadowmap texture memory: 0.2 MB (0.2 MB streaming, 0.0 MB non-streaming), 3 textures
[2020.11.15-06.27.16:486][535]LogShaderCompilers: Display: Worker (4/5): shaders left to compile 594
[2020.11.15-06.27.16:486][535]LogShaderCompilers: Display: Worker (3/5): shaders left to compile 584
[2020.11.15-06.27.16:486][535]LogShaderCompilers: Display: Worker (1/5): shaders left to compile 574
[2020.11.15-06.27.16:486][535]LogShaderCompilers: Display: Worker (2/5): shaders left to compile 564
[2020.11.15-06.27.16:487][535]DumpUnbuiltLightIteractions
[2020.11.15-06.27.16:487][535]Lights with unbuilt interactions: 0
[2020.11.15-06.27.16:487][535]
[2020.11.15-06.27.16:487][535]Primitives with unbuilt interactions: 0
